{"/home/sixlordz/Documents/school/Cos-301/Vantage-Point/frontend/src/landing/app/App.tsx": {"path":"/home/sixlordz/Documents/school/Cos-301/Vantage-Point/frontend/src/landing/app/App.tsx","statementMap":{"0":{"start":{"line":6,"column":2},"end":{"line":9,"column":null}}},"fnMap":{"0":{"name":"App","decl":{"start":{"line":5,"column":24},"end":{"line":5,"column":30}},"loc":{"start":{"line":5,"column":30},"end":{"line":11,"column":null}},"line":5}},"branchMap":{},"s":{"0":1},"f":{"0":1},"b":{},"meta":{"lastBranch":0,"lastFunction":1,"lastStatement":1,"seen":{"f:5:24:5:30":0,"s:6:2:9:Infinity":0}}}
,"/home/sixlordz/Documents/school/Cos-301/Vantage-Point/frontend/src/landing/app/routes.tsx": {"path":"/home/sixlordz/Documents/school/Cos-301/Vantage-Point/frontend/src/landing/app/routes.tsx","statementMap":{"0":{"start":{"line":14,"column":13},"end":{"line":63,"column":null}}},"fnMap":{},"branchMap":{},"s":{"0":1},"f":{},"b":{},"meta":{"lastBranch":0,"lastFunction":0,"lastStatement":1,"seen":{"s:14:13:63:Infinity":0}}}
,"/home/sixlordz/Documents/school/Cos-301/Vantage-Point/frontend/src/landing/app/api/auth.ts": {"path":"/home/sixlordz/Documents/school/Cos-301/Vantage-Point/frontend/src/landing/app/api/auth.ts","statementMap":{"0":{"start":{"line":17,"column":2},"end":{"line":17,"column":null}},"1":{"start":{"line":21,"column":17},"end":{"line":24,"column":null}},"2":{"start":{"line":25,"column":2},"end":{"line":25,"column":null}},"3":{"start":{"line":29,"column":17},"end":{"line":32,"column":null}},"4":{"start":{"line":33,"column":2},"end":{"line":33,"column":null}}},"fnMap":{"0":{"name":"storeTokensFromResponse","decl":{"start":{"line":16,"column":15},"end":{"line":16,"column":39}},"loc":{"start":{"line":16,"column":77},"end":{"line":18,"column":null}},"line":16},"1":{"name":"registerUser","decl":{"start":{"line":20,"column":22},"end":{"line":20,"column":35}},"loc":{"start":{"line":20,"column":76},"end":{"line":26,"column":null}},"line":20},"2":{"name":"loginUser","decl":{"start":{"line":28,"column":22},"end":{"line":28,"column":32}},"loc":{"start":{"line":28,"column":70},"end":{"line":34,"column":null}},"line":28}},"branchMap":{},"s":{"0":0,"1":0,"2":0,"3":0,"4":0},"f":{"0":0,"1":0,"2":0},"b":{},"meta":{"lastBranch":0,"lastFunction":3,"lastStatement":5,"seen":{"f:16:15:16:39":0,"s:17:2:17:Infinity":0,"f:20:22:20:35":1,"s:21:17:24:Infinity":1,"s:25:2:25:Infinity":2,"f:28:22:28:32":2,"s:29:17:32:Infinity":3,"s:33:2:33:Infinity":4}}}
,"/home/sixlordz/Documents/school/Cos-301/Vantage-Point/frontend/src/landing/app/api/client.ts": {"path":"/home/sixlordz/Documents/school/Cos-301/Vantage-Point/frontend/src/landing/app/api/client.ts","statementMap":{"0":{"start":{"line":8,"column":16},"end":{"line":8,"column":null}},"1":{"start":{"line":14,"column":4},"end":{"line":14,"column":null}},"2":{"start":{"line":15,"column":4},"end":{"line":15,"column":null}},"3":{"start":{"line":16,"column":4},"end":{"line":16,"column":null}},"4":{"start":{"line":21,"column":2},"end":{"line":31,"column":null}},"5":{"start":{"line":22,"column":18},"end":{"line":22,"column":null}},"6":{"start":{"line":23,"column":4},"end":{"line":25,"column":null}},"7":{"start":{"line":24,"column":6},"end":{"line":24,"column":null}},"8":{"start":{"line":26,"column":4},"end":{"line":28,"column":null}},"9":{"start":{"line":27,"column":6},"end":{"line":27,"column":null}},"10":{"start":{"line":32,"column":2},"end":{"line":32,"column":null}},"11":{"start":{"line":35,"column":47},"end":{"line":35,"column":null}},"12":{"start":{"line":38,"column":23},"end":{"line":38,"column":null}},"13":{"start":{"line":39,"column":2},"end":{"line":41,"column":null}},"14":{"start":{"line":40,"column":4},"end":{"line":40,"column":null}},"15":{"start":{"line":43,"column":19},"end":{"line":47,"column":null}},"16":{"start":{"line":49,"column":2},"end":{"line":52,"column":null}},"17":{"start":{"line":50,"column":4},"end":{"line":50,"column":null}},"18":{"start":{"line":51,"column":4},"end":{"line":51,"column":null}},"19":{"start":{"line":54,"column":18},"end":{"line":54,"column":null}},"20":{"start":{"line":55,"column":2},"end":{"line":55,"column":null}},"21":{"start":{"line":56,"column":2},"end":{"line":56,"column":null}},"22":{"start":{"line":64,"column":22},"end":{"line":64,"column":null}},"23":{"start":{"line":65,"column":18},"end":{"line":65,"column":null}},"24":{"start":{"line":66,"column":2},"end":{"line":68,"column":null}},"25":{"start":{"line":67,"column":4},"end":{"line":67,"column":null}},"26":{"start":{"line":69,"column":2},"end":{"line":71,"column":null}},"27":{"start":{"line":70,"column":4},"end":{"line":70,"column":null}},"28":{"start":{"line":73,"column":17},"end":{"line":73,"column":null}},"29":{"start":{"line":75,"column":2},"end":{"line":96,"column":null}},"30":{"start":{"line":76,"column":4},"end":{"line":80,"column":null}},"31":{"start":{"line":77,"column":6},"end":{"line":79,"column":null}},"32":{"start":{"line":78,"column":8},"end":{"line":78,"column":null}},"33":{"start":{"line":81,"column":22},"end":{"line":81,"column":null}},"34":{"start":{"line":82,"column":4},"end":{"line":95,"column":null}},"35":{"start":{"line":83,"column":27},"end":{"line":83,"column":null}},"36":{"start":{"line":84,"column":6},"end":{"line":86,"column":null}},"37":{"start":{"line":85,"column":8},"end":{"line":85,"column":null}},"38":{"start":{"line":87,"column":37},"end":{"line":87,"column":null}},"39":{"start":{"line":88,"column":6},"end":{"line":90,"column":null}},"40":{"start":{"line":89,"column":8},"end":{"line":89,"column":null}},"41":{"start":{"line":91,"column":6},"end":{"line":94,"column":null}},"42":{"start":{"line":98,"column":2},"end":{"line":100,"column":null}},"43":{"start":{"line":99,"column":4},"end":{"line":99,"column":null}},"44":{"start":{"line":102,"column":2},"end":{"line":104,"column":null}},"45":{"start":{"line":103,"column":4},"end":{"line":103,"column":null}},"46":{"start":{"line":106,"column":2},"end":{"line":106,"column":null}},"47":{"start":{"line":114,"column":22},"end":{"line":114,"column":null}},"48":{"start":{"line":115,"column":18},"end":{"line":115,"column":null}},"49":{"start":{"line":116,"column":2},"end":{"line":118,"column":null}},"50":{"start":{"line":117,"column":4},"end":{"line":117,"column":null}},"51":{"start":{"line":120,"column":17},"end":{"line":124,"column":null}},"52":{"start":{"line":126,"column":2},"end":{"line":145,"column":null}},"53":{"start":{"line":127,"column":4},"end":{"line":131,"column":null}},"54":{"start":{"line":128,"column":6},"end":{"line":130,"column":null}},"55":{"start":{"line":129,"column":8},"end":{"line":129,"column":null}},"56":{"start":{"line":132,"column":22},"end":{"line":132,"column":null}},"57":{"start":{"line":133,"column":4},"end":{"line":144,"column":null}},"58":{"start":{"line":134,"column":27},"end":{"line":134,"column":null}},"59":{"start":{"line":135,"column":37},"end":{"line":135,"column":null}},"60":{"start":{"line":136,"column":6},"end":{"line":138,"column":null}},"61":{"start":{"line":137,"column":8},"end":{"line":137,"column":null}},"62":{"start":{"line":139,"column":6},"end":{"line":143,"column":null}},"63":{"start":{"line":147,"column":2},"end":{"line":149,"column":null}},"64":{"start":{"line":148,"column":4},"end":{"line":148,"column":null}},"65":{"start":{"line":151,"column":2},"end":{"line":151,"column":null}},"66":{"start":{"line":158,"column":18},"end":{"line":158,"column":null}},"67":{"start":{"line":159,"column":2},"end":{"line":161,"column":null}},"68":{"start":{"line":160,"column":4},"end":{"line":160,"column":null}},"69":{"start":{"line":163,"column":19},"end":{"line":163,"column":null}},"70":{"start":{"line":164,"column":2},"end":{"line":166,"column":null}},"71":{"start":{"line":165,"column":4},"end":{"line":165,"column":null}},"72":{"start":{"line":167,"column":2},"end":{"line":167,"column":null}}},"fnMap":{"0":{"name":"(anonymous_0)","decl":{"start":{"line":13,"column":2},"end":{"line":13,"column":14}},"loc":{"start":{"line":13,"column":47},"end":{"line":17,"column":null}},"line":13},"1":{"name":"parseErrorMessage","decl":{"start":{"line":20,"column":15},"end":{"line":20,"column":33}},"loc":{"start":{"line":20,"column":70},"end":{"line":33,"column":null}},"line":20},"2":{"name":"refreshAccessToken","decl":{"start":{"line":37,"column":15},"end":{"line":37,"column":54}},"loc":{"start":{"line":37,"column":54},"end":{"line":57,"column":null}},"line":37},"3":{"name":"apiFetch","decl":{"start":{"line":59,"column":22},"end":{"line":59,"column":null}},"loc":{"start":{"line":63,"column":14},"end":{"line":107,"column":null}},"line":63},"4":{"name":"(anonymous_4)","decl":{"start":{"line":77,"column":53},"end":{"line":77,"column":59}},"loc":{"start":{"line":77,"column":59},"end":{"line":79,"column":7}},"line":77},"5":{"name":"apiFetchFormData","decl":{"start":{"line":109,"column":22},"end":{"line":109,"column":null}},"loc":{"start":{"line":113,"column":14},"end":{"line":152,"column":null}},"line":113},"6":{"name":"(anonymous_6)","decl":{"start":{"line":128,"column":53},"end":{"line":128,"column":59}},"loc":{"start":{"line":128,"column":59},"end":{"line":130,"column":7}},"line":128},"7":{"name":"apiFetchPublic","decl":{"start":{"line":154,"column":22},"end":{"line":154,"column":null}},"loc":{"start":{"line":157,"column":14},"end":{"line":168,"column":null}},"line":157}},"branchMap":{"0":{"loc":{"start":{"line":8,"column":16},"end":{"line":8,"column":null}},"type":"binary-expr","locations":[{"start":{"line":8,"column":16},"end":{"line":8,"column":48}},{"start":{"line":8,"column":48},"end":{"line":8,"column":null}}],"line":8},"1":{"loc":{"start":{"line":23,"column":4},"end":{"line":25,"column":null}},"type":"if","locations":[{"start":{"line":23,"column":4},"end":{"line":25,"column":null}},{"start":{},"end":{}}],"line":23},"2":{"loc":{"start":{"line":26,"column":4},"end":{"line":28,"column":null}},"type":"if","locations":[{"start":{"line":26,"column":4},"end":{"line":28,"column":null}},{"start":{},"end":{}}],"line":26},"3":{"loc":{"start":{"line":26,"column":8},"end":{"line":26,"column":59}},"type":"binary-expr","locations":[{"start":{"line":26,"column":8},"end":{"line":26,"column":38}},{"start":{"line":26,"column":38},"end":{"line":26,"column":59}}],"line":26},"4":{"loc":{"start":{"line":32,"column":9},"end":{"line":32,"column":null}},"type":"binary-expr","locations":[{"start":{"line":32,"column":9},"end":{"line":32,"column":32}},{"start":{"line":32,"column":32},"end":{"line":32,"column":null}}],"line":32},"5":{"loc":{"start":{"line":39,"column":2},"end":{"line":41,"column":null}},"type":"if","locations":[{"start":{"line":39,"column":2},"end":{"line":41,"column":null}},{"start":{},"end":{}}],"line":39},"6":{"loc":{"start":{"line":49,"column":2},"end":{"line":52,"column":null}},"type":"if","locations":[{"start":{"line":49,"column":2},"end":{"line":52,"column":null}},{"start":{},"end":{}}],"line":49},"7":{"loc":{"start":{"line":61,"column":2},"end":{"line":61,"column":null}},"type":"default-arg","locations":[{"start":{"line":61,"column":25},"end":{"line":61,"column":null}}],"line":61},"8":{"loc":{"start":{"line":62,"column":2},"end":{"line":62,"column":null}},"type":"default-arg","locations":[{"start":{"line":62,"column":24},"end":{"line":62,"column":null}}],"line":62},"9":{"loc":{"start":{"line":66,"column":2},"end":{"line":68,"column":null}},"type":"if","locations":[{"start":{"line":66,"column":2},"end":{"line":68,"column":null}},{"start":{},"end":{}}],"line":66},"10":{"loc":{"start":{"line":66,"column":6},"end":{"line":66,"column":52}},"type":"binary-expr","locations":[{"start":{"line":66,"column":6},"end":{"line":66,"column":38}},{"start":{"line":66,"column":38},"end":{"line":66,"column":52}}],"line":66},"11":{"loc":{"start":{"line":69,"column":2},"end":{"line":71,"column":null}},"type":"if","locations":[{"start":{"line":69,"column":2},"end":{"line":71,"column":null}},{"start":{},"end":{}}],"line":69},"12":{"loc":{"start":{"line":75,"column":2},"end":{"line":96,"column":null}},"type":"if","locations":[{"start":{"line":75,"column":2},"end":{"line":96,"column":null}},{"start":{},"end":{}}],"line":75},"13":{"loc":{"start":{"line":75,"column":6},"end":{"line":75,"column":54}},"type":"binary-expr","locations":[{"start":{"line":75,"column":6},"end":{"line":75,"column":33}},{"start":{"line":75,"column":33},"end":{"line":75,"column":54}}],"line":75},"14":{"loc":{"start":{"line":76,"column":4},"end":{"line":80,"column":null}},"type":"if","locations":[{"start":{"line":76,"column":4},"end":{"line":80,"column":null}},{"start":{},"end":{}}],"line":76},"15":{"loc":{"start":{"line":82,"column":4},"end":{"line":95,"column":null}},"type":"if","locations":[{"start":{"line":82,"column":4},"end":{"line":95,"column":null}},{"start":{},"end":{}}],"line":82},"16":{"loc":{"start":{"line":84,"column":6},"end":{"line":86,"column":null}},"type":"if","locations":[{"start":{"line":84,"column":6},"end":{"line":86,"column":null}},{"start":{},"end":{}}],"line":84},"17":{"loc":{"start":{"line":84,"column":10},"end":{"line":84,"column":61}},"type":"binary-expr","locations":[{"start":{"line":84,"column":10},"end":{"line":84,"column":47}},{"start":{"line":84,"column":47},"end":{"line":84,"column":61}}],"line":84},"18":{"loc":{"start":{"line":88,"column":6},"end":{"line":90,"column":null}},"type":"if","locations":[{"start":{"line":88,"column":6},"end":{"line":90,"column":null}},{"start":{},"end":{}}],"line":88},"19":{"loc":{"start":{"line":98,"column":2},"end":{"line":100,"column":null}},"type":"if","locations":[{"start":{"line":98,"column":2},"end":{"line":100,"column":null}},{"start":{},"end":{}}],"line":98},"20":{"loc":{"start":{"line":102,"column":2},"end":{"line":104,"column":null}},"type":"if","locations":[{"start":{"line":102,"column":2},"end":{"line":104,"column":null}},{"start":{},"end":{}}],"line":102},"21":{"loc":{"start":{"line":112,"column":2},"end":{"line":112,"column":null}},"type":"default-arg","locations":[{"start":{"line":112,"column":24},"end":{"line":112,"column":null}}],"line":112},"22":{"loc":{"start":{"line":116,"column":2},"end":{"line":118,"column":null}},"type":"if","locations":[{"start":{"line":116,"column":2},"end":{"line":118,"column":null}},{"start":{},"end":{}}],"line":116},"23":{"loc":{"start":{"line":126,"column":2},"end":{"line":145,"column":null}},"type":"if","locations":[{"start":{"line":126,"column":2},"end":{"line":145,"column":null}},{"start":{},"end":{}}],"line":126},"24":{"loc":{"start":{"line":126,"column":6},"end":{"line":126,"column":54}},"type":"binary-expr","locations":[{"start":{"line":126,"column":6},"end":{"line":126,"column":33}},{"start":{"line":126,"column":33},"end":{"line":126,"column":54}}],"line":126},"25":{"loc":{"start":{"line":127,"column":4},"end":{"line":131,"column":null}},"type":"if","locations":[{"start":{"line":127,"column":4},"end":{"line":131,"column":null}},{"start":{},"end":{}}],"line":127},"26":{"loc":{"start":{"line":133,"column":4},"end":{"line":144,"column":null}},"type":"if","locations":[{"start":{"line":133,"column":4},"end":{"line":144,"column":null}},{"start":{},"end":{}}],"line":133},"27":{"loc":{"start":{"line":136,"column":6},"end":{"line":138,"column":null}},"type":"if","locations":[{"start":{"line":136,"column":6},"end":{"line":138,"column":null}},{"start":{},"end":{}}],"line":136},"28":{"loc":{"start":{"line":147,"column":2},"end":{"line":149,"column":null}},"type":"if","locations":[{"start":{"line":147,"column":2},"end":{"line":149,"column":null}},{"start":{},"end":{}}],"line":147},"29":{"loc":{"start":{"line":156,"column":2},"end":{"line":156,"column":null}},"type":"default-arg","locations":[{"start":{"line":156,"column":25},"end":{"line":156,"column":null}}],"line":156},"30":{"loc":{"start":{"line":159,"column":2},"end":{"line":161,"column":null}},"type":"if","locations":[{"start":{"line":159,"column":2},"end":{"line":161,"column":null}},{"start":{},"end":{}}],"line":159},"31":{"loc":{"start":{"line":159,"column":6},"end":{"line":159,"column":52}},"type":"binary-expr","locations":[{"start":{"line":159,"column":6},"end":{"line":159,"column":38}},{"start":{"line":159,"column":38},"end":{"line":159,"column":52}}],"line":159},"32":{"loc":{"start":{"line":164,"column":2},"end":{"line":166,"column":null}},"type":"if","locations":[{"start":{"line":164,"column":2},"end":{"line":166,"column":null}},{"start":{},"end":{}}],"line":164}},"s":{"0":1,"1":0,"2":0,"3":0,"4":0,"5":0,"6":0,"7":0,"8":0,"9":0,"10":0,"11":1,"12":0,"13":0,"14":0,"15":0,"16":0,"17":0,"18":0,"19":0,"20":0,"21":0,"22":0,"23":0,"24":0,"25":0,"26":0,"27":0,"28":0,"29":0,"30":0,"31":0,"32":0,"33":0,"34":0,"35":0,"36":0,"37":0,"38":0,"39":0,"40":0,"41":0,"42":0,"43":0,"44":0,"45":0,"46":0,"47":0,"48":0,"49":0,"50":0,"51":0,"52":0,"53":0,"54":0,"55":0,"56":0,"57":0,"58":0,"59":0,"60":0,"61":0,"62":0,"63":0,"64":0,"65":0,"66":0,"67":0,"68":0,"69":0,"70":0,"71":0,"72":0},"f":{"0":0,"1":0,"2":0,"3":0,"4":0,"5":0,"6":0,"7":0},"b":{"0":[1,1],"1":[0,0],"2":[0,0],"3":[0,0],"4":[0,0],"5":[0,0],"6":[0,0],"7":[0],"8":[0],"9":[0,0],"10":[0,0],"11":[0,0],"12":[0,0],"13":[0,0],"14":[0,0],"15":[0,0],"16":[0,0],"17":[0,0],"18":[0,0],"19":[0,0],"20":[0,0],"21":[0],"22":[0,0],"23":[0,0],"24":[0,0],"25":[0,0],"26":[0,0],"27":[0,0],"28":[0,0],"29":[0],"30":[0,0],"31":[0,0],"32":[0,0]},"meta":{"lastBranch":33,"lastFunction":8,"lastStatement":73,"seen":{"s:8:16:8:Infinity":0,"b:8:16:8:48:8:48:8:Infinity":0,"f:13:2:13:14":0,"s:14:4:14:Infinity":1,"s:15:4:15:Infinity":2,"s:16:4:16:Infinity":3,"f:20:15:20:33":1,"s:21:2:31:Infinity":4,"s:22:18:22:Infinity":5,"b:23:4:25:Infinity:undefined:undefined:undefined:undefined":1,"s:23:4:25:Infinity":6,"s:24:6:24:Infinity":7,"b:26:4:28:Infinity:undefined:undefined:undefined:undefined":2,"s:26:4:28:Infinity":8,"b:26:8:26:38:26:38:26:59":3,"s:27:6:27:Infinity":9,"s:32:2:32:Infinity":10,"b:32:9:32:32:32:32:32:Infinity":4,"s:35:47:35:Infinity":11,"f:37:15:37:54":2,"s:38:23:38:Infinity":12,"b:39:2:41:Infinity:undefined:undefined:undefined:undefined":5,"s:39:2:41:Infinity":13,"s:40:4:40:Infinity":14,"s:43:19:47:Infinity":15,"b:49:2:52:Infinity:undefined:undefined:undefined:undefined":6,"s:49:2:52:Infinity":16,"s:50:4:50:Infinity":17,"s:51:4:51:Infinity":18,"s:54:18:54:Infinity":19,"s:55:2:55:Infinity":20,"s:56:2:56:Infinity":21,"f:59:22:59:Infinity":3,"b:61:25:61:Infinity":7,"b:62:24:62:Infinity":8,"s:64:22:64:Infinity":22,"s:65:18:65:Infinity":23,"b:66:2:68:Infinity:undefined:undefined:undefined:undefined":9,"s:66:2:68:Infinity":24,"b:66:6:66:38:66:38:66:52":10,"s:67:4:67:Infinity":25,"b:69:2:71:Infinity:undefined:undefined:undefined:undefined":11,"s:69:2:71:Infinity":26,"s:70:4:70:Infinity":27,"s:73:17:73:Infinity":28,"b:75:2:96:Infinity:undefined:undefined:undefined:undefined":12,"s:75:2:96:Infinity":29,"b:75:6:75:33:75:33:75:54":13,"b:76:4:80:Infinity:undefined:undefined:undefined:undefined":14,"s:76:4:80:Infinity":30,"s:77:6:79:Infinity":31,"f:77:53:77:59":4,"s:78:8:78:Infinity":32,"s:81:22:81:Infinity":33,"b:82:4:95:Infinity:undefined:undefined:undefined:undefined":15,"s:82:4:95:Infinity":34,"s:83:27:83:Infinity":35,"b:84:6:86:Infinity:undefined:undefined:undefined:undefined":16,"s:84:6:86:Infinity":36,"b:84:10:84:47:84:47:84:61":17,"s:85:8:85:Infinity":37,"s:87:37:87:Infinity":38,"b:88:6:90:Infinity:undefined:undefined:undefined:undefined":18,"s:88:6:90:Infinity":39,"s:89:8:89:Infinity":40,"s:91:6:94:Infinity":41,"b:98:2:100:Infinity:undefined:undefined:undefined:undefined":19,"s:98:2:100:Infinity":42,"s:99:4:99:Infinity":43,"b:102:2:104:Infinity:undefined:undefined:undefined:undefined":20,"s:102:2:104:Infinity":44,"s:103:4:103:Infinity":45,"s:106:2:106:Infinity":46,"f:109:22:109:Infinity":5,"b:112:24:112:Infinity":21,"s:114:22:114:Infinity":47,"s:115:18:115:Infinity":48,"b:116:2:118:Infinity:undefined:undefined:undefined:undefined":22,"s:116:2:118:Infinity":49,"s:117:4:117:Infinity":50,"s:120:17:124:Infinity":51,"b:126:2:145:Infinity:undefined:undefined:undefined:undefined":23,"s:126:2:145:Infinity":52,"b:126:6:126:33:126:33:126:54":24,"b:127:4:131:Infinity:undefined:undefined:undefined:undefined":25,"s:127:4:131:Infinity":53,"s:128:6:130:Infinity":54,"f:128:53:128:59":6,"s:129:8:129:Infinity":55,"s:132:22:132:Infinity":56,"b:133:4:144:Infinity:undefined:undefined:undefined:undefined":26,"s:133:4:144:Infinity":57,"s:134:27:134:Infinity":58,"s:135:37:135:Infinity":59,"b:136:6:138:Infinity:undefined:undefined:undefined:undefined":27,"s:136:6:138:Infinity":60,"s:137:8:137:Infinity":61,"s:139:6:143:Infinity":62,"b:147:2:149:Infinity:undefined:undefined:undefined:undefined":28,"s:147:2:149:Infinity":63,"s:148:4:148:Infinity":64,"s:151:2:151:Infinity":65,"f:154:22:154:Infinity":7,"b:156:25:156:Infinity":29,"s:158:18:158:Infinity":66,"b:159:2:161:Infinity:undefined:undefined:undefined:undefined":30,"s:159:2:161:Infinity":67,"b:159:6:159:38:159:38:159:52":31,"s:160:4:160:Infinity":68,"s:163:19:163:Infinity":69,"b:164:2:166:Infinity:undefined:undefined:undefined:undefined":32,"s:164:2:166:Infinity":70,"s:165:4:165:Infinity":71,"s:167:2:167:Infinity":72}}}
,"/home/sixlordz/Documents/school/Cos-301/Vantage-Point/frontend/src/landing/app/api/match.ts": {"path":"/home/sixlordz/Documents/school/Cos-301/Vantage-Point/frontend/src/landing/app/api/match.ts","statementMap":{"0":{"start":{"line":61,"column":2},"end":{"line":78,"column":null}},"1":{"start":{"line":82,"column":2},"end":{"line":91,"column":null}},"2":{"start":{"line":85,"column":31},"end":{"line":88,"column":6}},"3":{"start":{"line":95,"column":2},"end":{"line":105,"column":null}},"4":{"start":{"line":109,"column":15},"end":{"line":111,"column":null}},"5":{"start":{"line":112,"column":2},"end":{"line":112,"column":null}}},"fnMap":{"0":{"name":"mapParticipant","decl":{"start":{"line":60,"column":9},"end":{"line":60,"column":24}},"loc":{"start":{"line":60,"column":68},"end":{"line":79,"column":null}},"line":60},"1":{"name":"mapTeam","decl":{"start":{"line":81,"column":9},"end":{"line":81,"column":17}},"loc":{"start":{"line":81,"column":47},"end":{"line":92,"column":null}},"line":81},"2":{"name":"(anonymous_2)","decl":{"start":{"line":85,"column":21},"end":{"line":85,"column":22}},"loc":{"start":{"line":85,"column":31},"end":{"line":88,"column":6}},"line":85},"3":{"name":"mapMatchDetail","decl":{"start":{"line":94,"column":9},"end":{"line":94,"column":24}},"loc":{"start":{"line":94,"column":59},"end":{"line":106,"column":null}},"line":94},"4":{"name":"fetchMatchDetail","decl":{"start":{"line":108,"column":22},"end":{"line":108,"column":39}},"loc":{"start":{"line":108,"column":78},"end":{"line":113,"column":null}},"line":108}},"branchMap":{},"s":{"0":0,"1":0,"2":0,"3":0,"4":0,"5":0},"f":{"0":0,"1":0,"2":0,"3":0,"4":0},"b":{},"meta":{"lastBranch":0,"lastFunction":5,"lastStatement":6,"seen":{"f:60:9:60:24":0,"s:61:2:78:Infinity":0,"f:81:9:81:17":1,"s:82:2:91:Infinity":1,"f:85:21:85:22":2,"s:85:31:88:6":2,"f:94:9:94:24":3,"s:95:2:105:Infinity":3,"f:108:22:108:39":4,"s:109:15:111:Infinity":4,"s:112:2:112:Infinity":5}}}
,"/home/sixlordz/Documents/school/Cos-301/Vantage-Point/frontend/src/landing/app/api/matches.ts": {"path":"/home/sixlordz/Documents/school/Cos-301/Vantage-Point/frontend/src/landing/app/api/matches.ts","statementMap":{"0":{"start":{"line":19,"column":2},"end":{"line":31,"column":null}},"1":{"start":{"line":35,"column":15},"end":{"line":35,"column":null}},"2":{"start":{"line":36,"column":2},"end":{"line":36,"column":null}}},"fnMap":{"0":{"name":"mapHistoryRow","decl":{"start":{"line":18,"column":9},"end":{"line":18,"column":23}},"loc":{"start":{"line":18,"column":73},"end":{"line":32,"column":null}},"line":18},"1":{"name":"fetchMatchHistory","decl":{"start":{"line":34,"column":22},"end":{"line":34,"column":74}},"loc":{"start":{"line":34,"column":74},"end":{"line":37,"column":null}},"line":34}},"branchMap":{},"s":{"0":0,"1":0,"2":0},"f":{"0":0,"1":0},"b":{},"meta":{"lastBranch":0,"lastFunction":2,"lastStatement":3,"seen":{"f:18:9:18:23":0,"s:19:2:31:Infinity":0,"f:34:22:34:74":1,"s:35:15:35:Infinity":1,"s:36:2:36:Infinity":2}}}
,"/home/sixlordz/Documents/school/Cos-301/Vantage-Point/frontend/src/landing/app/api/profile.ts": {"path":"/home/sixlordz/Documents/school/Cos-301/Vantage-Point/frontend/src/landing/app/api/profile.ts","statementMap":{"0":{"start":{"line":11,"column":51},"end":{"line":14,"column":null}},"1":{"start":{"line":17,"column":2},"end":{"line":17,"column":null}},"2":{"start":{"line":64,"column":2},"end":{"line":69,"column":null}},"3":{"start":{"line":73,"column":16},"end":{"line":73,"column":null}},"4":{"start":{"line":74,"column":15},"end":{"line":76,"column":null}},"5":{"start":{"line":77,"column":2},"end":{"line":85,"column":null}},"6":{"start":{"line":89,"column":2},"end":{"line":113,"column":null}},"7":{"start":{"line":97,"column":30},"end":{"line":101,"column":null}},"8":{"start":{"line":104,"column":33},"end":{"line":110,"column":null}},"9":{"start":{"line":117,"column":15},"end":{"line":117,"column":null}},"10":{"start":{"line":118,"column":2},"end":{"line":118,"column":null}}},"fnMap":{"0":{"name":"resolveImageUrl","decl":{"start":{"line":16,"column":9},"end":{"line":16,"column":25}},"loc":{"start":{"line":16,"column":46},"end":{"line":18,"column":null}},"line":16},"1":{"name":"mapRadar","decl":{"start":{"line":63,"column":9},"end":{"line":63,"column":18}},"loc":{"start":{"line":63,"column":50},"end":{"line":70,"column":null}},"line":63},"2":{"name":"mapFeatured","decl":{"start":{"line":72,"column":9},"end":{"line":72,"column":21}},"loc":{"start":{"line":72,"column":69},"end":{"line":86,"column":null}},"line":72},"3":{"name":"mapProfile","decl":{"start":{"line":88,"column":9},"end":{"line":88,"column":20}},"loc":{"start":{"line":88,"column":59},"end":{"line":114,"column":null}},"line":88},"4":{"name":"(anonymous_4)","decl":{"start":{"line":97,"column":6},"end":{"line":97,"column":7}},"loc":{"start":{"line":97,"column":30},"end":{"line":101,"column":null}},"line":97},"5":{"name":"(anonymous_5)","decl":{"start":{"line":104,"column":6},"end":{"line":104,"column":7}},"loc":{"start":{"line":104,"column":33},"end":{"line":110,"column":null}},"line":104},"6":{"name":"fetchPlayerProfile","decl":{"start":{"line":116,"column":22},"end":{"line":116,"column":67}},"loc":{"start":{"line":116,"column":67},"end":{"line":119,"column":null}},"line":116}},"branchMap":{"0":{"loc":{"start":{"line":17,"column":9},"end":{"line":17,"column":null}},"type":"binary-expr","locations":[{"start":{"line":17,"column":9},"end":{"line":17,"column":36}},{"start":{"line":17,"column":36},"end":{"line":17,"column":null}}],"line":17},"1":{"loc":{"start":{"line":74,"column":15},"end":{"line":76,"column":null}},"type":"cond-expr","locations":[{"start":{"line":75,"column":6},"end":{"line":75,"column":null}},{"start":{"line":76,"column":6},"end":{"line":76,"column":null}}],"line":74}},"s":{"0":1,"1":0,"2":0,"3":0,"4":0,"5":0,"6":0,"7":0,"8":0,"9":0,"10":0},"f":{"0":0,"1":0,"2":0,"3":0,"4":0,"5":0,"6":0},"b":{"0":[0,0],"1":[0,0]},"meta":{"lastBranch":2,"lastFunction":7,"lastStatement":11,"seen":{"s:11:51:14:Infinity":0,"f:16:9:16:25":0,"s:17:2:17:Infinity":1,"b:17:9:17:36:17:36:17:Infinity":0,"f:63:9:63:18":1,"s:64:2:69:Infinity":2,"f:72:9:72:21":2,"s:73:16:73:Infinity":3,"s:74:15:76:Infinity":4,"b:75:6:75:Infinity:76:6:76:Infinity":1,"s:77:2:85:Infinity":5,"f:88:9:88:20":3,"s:89:2:113:Infinity":6,"f:97:6:97:7":4,"s:97:30:101:Infinity":7,"f:104:6:104:7":5,"s:104:33:110:Infinity":8,"f:116:22:116:67":6,"s:117:15:117:Infinity":9,"s:118:2:118:Infinity":10}}}
,"/home/sixlordz/Documents/school/Cos-301/Vantage-Point/frontend/src/landing/app/api/user.ts": {"path":"/home/sixlordz/Documents/school/Cos-301/Vantage-Point/frontend/src/landing/app/api/user.ts","statementMap":{"0":{"start":{"line":9,"column":2},"end":{"line":9,"column":null}},"1":{"start":{"line":15,"column":2},"end":{"line":18,"column":null}},"2":{"start":{"line":22,"column":19},"end":{"line":22,"column":null}},"3":{"start":{"line":23,"column":2},"end":{"line":23,"column":null}},"4":{"start":{"line":24,"column":2},"end":{"line":27,"column":null}},"5":{"start":{"line":31,"column":2},"end":{"line":33,"column":null}},"6":{"start":{"line":39,"column":2},"end":{"line":42,"column":null}},"7":{"start":{"line":48,"column":2},"end":{"line":51,"column":null}}},"fnMap":{"0":{"name":"getMe","decl":{"start":{"line":8,"column":22},"end":{"line":8,"column":47}},"loc":{"start":{"line":8,"column":47},"end":{"line":10,"column":null}},"line":8},"1":{"name":"updateMe","decl":{"start":{"line":12,"column":22},"end":{"line":12,"column":31}},"loc":{"start":{"line":14,"column":20},"end":{"line":19,"column":null}},"line":14},"2":{"name":"uploadAvatar","decl":{"start":{"line":21,"column":22},"end":{"line":21,"column":35}},"loc":{"start":{"line":21,"column":78},"end":{"line":28,"column":null}},"line":21},"3":{"name":"deleteAvatar","decl":{"start":{"line":30,"column":22},"end":{"line":30,"column":52}},"loc":{"start":{"line":30,"column":52},"end":{"line":34,"column":null}},"line":30},"4":{"name":"linkGameAccount","decl":{"start":{"line":36,"column":22},"end":{"line":36,"column":null}},"loc":{"start":{"line":38,"column":36},"end":{"line":43,"column":null}},"line":38},"5":{"name":"updateRiotId","decl":{"start":{"line":45,"column":22},"end":{"line":45,"column":null}},"loc":{"start":{"line":47,"column":36},"end":{"line":52,"column":null}},"line":47}},"branchMap":{},"s":{"0":0,"1":0,"2":0,"3":0,"4":0,"5":0,"6":0,"7":0},"f":{"0":0,"1":0,"2":0,"3":0,"4":0,"5":0},"b":{},"meta":{"lastBranch":0,"lastFunction":6,"lastStatement":8,"seen":{"f:8:22:8:47":0,"s:9:2:9:Infinity":0,"f:12:22:12:31":1,"s:15:2:18:Infinity":1,"f:21:22:21:35":2,"s:22:19:22:Infinity":2,"s:23:2:23:Infinity":3,"s:24:2:27:Infinity":4,"f:30:22:30:52":3,"s:31:2:33:Infinity":5,"f:36:22:36:Infinity":4,"s:39:2:42:Infinity":6,"f:45:22:45:Infinity":5,"s:48:2:51:Infinity":7}}}
,"/home/sixlordz/Documents/school/Cos-301/Vantage-Point/frontend/src/landing/app/assets/profile/icon-lightning-bolt.png": {"path":"/home/sixlordz/Documents/school/Cos-301/Vantage-Point/frontend/src/landing/app/assets/profile/icon-lightning-bolt.png","statementMap":{},"fnMap":{},"branchMap":{},"s":{},"f":{},"b":{},"meta":{"lastBranch":0,"lastFunction":0,"lastStatement":0,"seen":{}}}
,"/home/sixlordz/Documents/school/Cos-301/Vantage-Point/frontend/src/landing/app/assets/profile/icon-time-machine.png": {"path":"/home/sixlordz/Documents/school/Cos-301/Vantage-Point/frontend/src/landing/app/assets/profile/icon-time-machine.png","statementMap":{},"fnMap":{},"branchMap":{},"s":{},"f":{},"b":{},"meta":{"lastBranch":0,"lastFunction":0,"lastStatement":0,"seen":{}}}
,"/home/sixlordz/Documents/school/Cos-301/Vantage-Point/frontend/src/landing/app/assets/profile/index.ts": {"path":"/home/sixlordz/Documents/school/Cos-301/Vantage-Point/frontend/src/landing/app/assets/profile/index.ts","statementMap":{},"fnMap":{},"branchMap":{},"s":{},"f":{},"b":{},"meta":{"lastBranch":0,"lastFunction":0,"lastStatement":0,"seen":{}}}
,"/home/sixlordz/Documents/school/Cos-301/Vantage-Point/frontend/src/landing/app/assets/profile/league-wild-rift-card.png": {"path":"/home/sixlordz/Documents/school/Cos-301/Vantage-Point/frontend/src/landing/app/assets/profile/league-wild-rift-card.png","statementMap":{},"fnMap":{},"branchMap":{},"s":{},"f":{},"b":{},"meta":{"lastBranch":0,"lastFunction":0,"lastStatement":0,"seen":{}}}
,"/home/sixlordz/Documents/school/Cos-301/Vantage-Point/frontend/src/landing/app/assets/profile/league-wild-rift-cover.png": {"path":"/home/sixlordz/Documents/school/Cos-301/Vantage-Point/frontend/src/landing/app/assets/profile/league-wild-rift-cover.png","statementMap":{},"fnMap":{},"branchMap":{},"s":{},"f":{},"b":{},"meta":{"lastBranch":0,"lastFunction":0,"lastStatement":0,"seen":{}}}
,"/home/sixlordz/Documents/school/Cos-301/Vantage-Point/frontend/src/landing/app/components/AuthOnlyRoute.tsx": {"path":"/home/sixlordz/Documents/school/Cos-301/Vantage-Point/frontend/src/landing/app/components/AuthOnlyRoute.tsx","statementMap":{"0":{"start":{"line":6,"column":24},"end":{"line":6,"column":null}},"1":{"start":{"line":8,"column":2},"end":{"line":16,"column":null}},"2":{"start":{"line":9,"column":4},"end":{"line":14,"column":null}},"3":{"start":{"line":18,"column":2},"end":{"line":20,"column":null}},"4":{"start":{"line":19,"column":4},"end":{"line":19,"column":null}},"5":{"start":{"line":22,"column":2},"end":{"line":22,"column":null}}},"fnMap":{"0":{"name":"AuthOnlyRoute","decl":{"start":{"line":5,"column":24},"end":{"line":5,"column":40}},"loc":{"start":{"line":5,"column":40},"end":{"line":23,"column":null}},"line":5}},"branchMap":{"0":{"loc":{"start":{"line":8,"column":2},"end":{"line":16,"column":null}},"type":"if","locations":[{"start":{"line":8,"column":2},"end":{"line":16,"column":null}},{"start":{},"end":{}}],"line":8},"1":{"loc":{"start":{"line":18,"column":2},"end":{"line":20,"column":null}},"type":"if","locations":[{"start":{"line":18,"column":2},"end":{"line":20,"column":null}},{"start":{},"end":{}}],"line":18}},"s":{"0":0,"1":0,"2":0,"3":0,"4":0,"5":0},"f":{"0":0},"b":{"0":[0,0],"1":[0,0]},"meta":{"lastBranch":2,"lastFunction":1,"lastStatement":6,"seen":{"f:5:24:5:40":0,"s:6:24:6:Infinity":0,"b:8:2:16:Infinity:undefined:undefined:undefined:undefined":0,"s:8:2:16:Infinity":1,"s:9:4:14:Infinity":2,"b:18:2:20:Infinity:undefined:undefined:undefined:undefined":1,"s:18:2:20:Infinity":3,"s:19:4:19:Infinity":4,"s:22:2:22:Infinity":5}}}
,"/home/sixlordz/Documents/school/Cos-301/Vantage-Point/frontend/src/landing/app/components/DashboardPage.tsx": {"path":"/home/sixlordz/Documents/school/Cos-301/Vantage-Point/frontend/src/landing/app/components/DashboardPage.tsx","statementMap":{"0":{"start":{"line":17,"column":2},"end":{"line":17,"column":null}},"1":{"start":{"line":21,"column":8},"end":{"line":21,"column":null}},"2":{"start":{"line":22,"column":8},"end":{"line":22,"column":null}},"3":{"start":{"line":23,"column":21},"end":{"line":23,"column":null}},"4":{"start":{"line":24,"column":36},"end":{"line":24,"column":null}},"5":{"start":{"line":25,"column":36},"end":{"line":25,"column":null}},"6":{"start":{"line":26,"column":28},"end":{"line":26,"column":null}},"7":{"start":{"line":28,"column":8},"end":{"line":35,"column":null}},"8":{"start":{"line":29,"column":4},"end":{"line":32,"column":null}},"9":{"start":{"line":30,"column":6},"end":{"line":30,"column":null}},"10":{"start":{"line":31,"column":6},"end":{"line":31,"column":null}},"11":{"start":{"line":33,"column":17},"end":{"line":33,"column":null}},"12":{"start":{"line":34,"column":4},"end":{"line":34,"column":null}},"13":{"start":{"line":37,"column":24},"end":{"line":37,"column":null}},"14":{"start":{"line":39,"column":2},"end":{"line":55,"column":null}},"15":{"start":{"line":40,"column":24},"end":{"line":40,"column":null}},"16":{"start":{"line":41,"column":23},"end":{"line":41,"column":null}},"17":{"start":{"line":42,"column":4},"end":{"line":47,"column":null}},"18":{"start":{"line":43,"column":6},"end":{"line":45,"column":null}},"19":{"start":{"line":46,"column":6},"end":{"line":46,"column":null}},"20":{"start":{"line":48,"column":4},"end":{"line":51,"column":null}},"21":{"start":{"line":49,"column":6},"end":{"line":49,"column":null}},"22":{"start":{"line":50,"column":6},"end":{"line":50,"column":null}},"23":{"start":{"line":52,"column":4},"end":{"line":54,"column":null}},"24":{"start":{"line":53,"column":6},"end":{"line":53,"column":null}},"25":{"start":{"line":57,"column":2},"end":{"line":67,"column":null}},"26":{"start":{"line":58,"column":20},"end":{"line":58,"column":null}},"27":{"start":{"line":59,"column":4},"end":{"line":63,"column":null}},"28":{"start":{"line":60,"column":6},"end":{"line":62,"column":null}},"29":{"start":{"line":61,"column":8},"end":{"line":61,"column":null}},"30":{"start":{"line":64,"column":4},"end":{"line":66,"column":null}},"31":{"start":{"line":65,"column":6},"end":{"line":65,"column":null}},"32":{"start":{"line":69,"column":8},"end":{"line":72,"column":null}},"33":{"start":{"line":70,"column":4},"end":{"line":70,"column":null}},"34":{"start":{"line":71,"column":4},"end":{"line":71,"column":null}},"35":{"start":{"line":74,"column":27},"end":{"line":74,"column":null}},"36":{"start":{"line":75,"column":26},"end":{"line":75,"column":null}},"37":{"start":{"line":77,"column":23},"end":{"line":80,"column":null}},"38":{"start":{"line":78,"column":4},"end":{"line":78,"column":null}},"39":{"start":{"line":79,"column":4},"end":{"line":79,"column":null}},"40":{"start":{"line":82,"column":48},"end":{"line":86,"column":null}},"41":{"start":{"line":88,"column":2},"end":{"line":104,"column":null}},"42":{"start":{"line":93,"column":33},"end":{"line":93,"column":null}},"43":{"start":{"line":93,"column":58},"end":{"line":93,"column":63}},"44":{"start":{"line":95,"column":32},"end":{"line":95,"column":null}},"45":{"start":{"line":96,"column":32},"end":{"line":96,"column":null}}},"fnMap":{"0":{"name":"sectionFromPathname","decl":{"start":{"line":16,"column":9},"end":{"line":16,"column":29}},"loc":{"start":{"line":16,"column":65},"end":{"line":18,"column":null}},"line":16},"1":{"name":"DashboardPage","decl":{"start":{"line":20,"column":24},"end":{"line":20,"column":40}},"loc":{"start":{"line":20,"column":40},"end":{"line":106,"column":null}},"line":20},"2":{"name":"(anonymous_2)","decl":{"start":{"line":28,"column":34},"end":{"line":28,"column":46}},"loc":{"start":{"line":28,"column":46},"end":{"line":35,"column":5}},"line":28},"3":{"name":"(anonymous_3)","decl":{"start":{"line":39,"column":12},"end":{"line":39,"column":18}},"loc":{"start":{"line":39,"column":18},"end":{"line":55,"column":5}},"line":39},"4":{"name":"(anonymous_4)","decl":{"start":{"line":57,"column":12},"end":{"line":57,"column":18}},"loc":{"start":{"line":57,"column":18},"end":{"line":67,"column":5}},"line":57},"5":{"name":"(anonymous_5)","decl":{"start":{"line":59,"column":24},"end":{"line":59,"column":30}},"loc":{"start":{"line":59,"column":30},"end":{"line":63,"column":5}},"line":59},"6":{"name":"(anonymous_6)","decl":{"start":{"line":64,"column":11},"end":{"line":64,"column":17}},"loc":{"start":{"line":64,"column":17},"end":{"line":66,"column":null}},"line":64},"7":{"name":"(anonymous_7)","decl":{"start":{"line":69,"column":37},"end":{"line":69,"column":49}},"loc":{"start":{"line":69,"column":49},"end":{"line":72,"column":5}},"line":69},"8":{"name":"(anonymous_8)","decl":{"start":{"line":77,"column":23},"end":{"line":77,"column":29}},"loc":{"start":{"line":77,"column":29},"end":{"line":80,"column":null}},"line":77},"9":{"name":"(anonymous_9)","decl":{"start":{"line":93,"column":27},"end":{"line":93,"column":33}},"loc":{"start":{"line":93,"column":33},"end":{"line":93,"column":null}},"line":93},"10":{"name":"(anonymous_10)","decl":{"start":{"line":93,"column":48},"end":{"line":93,"column":49}},"loc":{"start":{"line":93,"column":58},"end":{"line":93,"column":63}},"line":93},"11":{"name":"(anonymous_11)","decl":{"start":{"line":95,"column":26},"end":{"line":95,"column":32}},"loc":{"start":{"line":95,"column":32},"end":{"line":95,"column":null}},"line":95},"12":{"name":"(anonymous_12)","decl":{"start":{"line":96,"column":26},"end":{"line":96,"column":32}},"loc":{"start":{"line":96,"column":32},"end":{"line":96,"column":null}},"line":96}},"branchMap":{"0":{"loc":{"start":{"line":17,"column":9},"end":{"line":17,"column":null}},"type":"cond-expr","locations":[{"start":{"line":17,"column":51},"end":{"line":17,"column":63}},{"start":{"line":17,"column":63},"end":{"line":17,"column":null}}],"line":17},"1":{"loc":{"start":{"line":29,"column":4},"end":{"line":32,"column":null}},"type":"if","locations":[{"start":{"line":29,"column":4},"end":{"line":32,"column":null}},{"start":{},"end":{}}],"line":29},"2":{"loc":{"start":{"line":42,"column":4},"end":{"line":47,"column":null}},"type":"if","locations":[{"start":{"line":42,"column":4},"end":{"line":47,"column":null}},{"start":{},"end":{}}],"line":42},"3":{"loc":{"start":{"line":48,"column":4},"end":{"line":51,"column":null}},"type":"if","locations":[{"start":{"line":48,"column":4},"end":{"line":51,"column":null}},{"start":{},"end":{}}],"line":48},"4":{"loc":{"start":{"line":52,"column":4},"end":{"line":54,"column":null}},"type":"if","locations":[{"start":{"line":52,"column":4},"end":{"line":54,"column":null}},{"start":{},"end":{}}],"line":52},"5":{"loc":{"start":{"line":60,"column":6},"end":{"line":62,"column":null}},"type":"if","locations":[{"start":{"line":60,"column":6},"end":{"line":62,"column":null}},{"start":{},"end":{}}],"line":60},"6":{"loc":{"start":{"line":74,"column":27},"end":{"line":74,"column":null}},"type":"binary-expr","locations":[{"start":{"line":74,"column":27},"end":{"line":74,"column":50}},{"start":{"line":74,"column":50},"end":{"line":74,"column":70}},{"start":{"line":74,"column":70},"end":{"line":74,"column":null}}],"line":74},"7":{"loc":{"start":{"line":75,"column":26},"end":{"line":75,"column":null}},"type":"binary-expr","locations":[{"start":{"line":75,"column":26},"end":{"line":75,"column":54}},{"start":{"line":75,"column":54},"end":{"line":75,"column":null}}],"line":75}},"s":{"0":0,"1":0,"2":0,"3":0,"4":0,"5":0,"6":0,"7":0,"8":0,"9":0,"10":0,"11":0,"12":0,"13":0,"14":0,"15":0,"16":0,"17":0,"18":0,"19":0,"20":0,"21":0,"22":0,"23":0,"24":0,"25":0,"26":0,"27":0,"28":0,"29":0,"30":0,"31":0,"32":0,"33":0,"34":0,"35":0,"36":0,"37":0,"38":0,"39":0,"40":0,"41":0,"42":0,"43":0,"44":0,"45":0},"f":{"0":0,"1":0,"2":0,"3":0,"4":0,"5":0,"6":0,"7":0,"8":0,"9":0,"10":0,"11":0,"12":0},"b":{"0":[0,0],"1":[0,0],"2":[0,0],"3":[0,0],"4":[0,0],"5":[0,0],"6":[0,0,0],"7":[0,0]},"meta":{"lastBranch":8,"lastFunction":13,"lastStatement":46,"seen":{"f:16:9:16:29":0,"s:17:2:17:Infinity":0,"b:17:51:17:63:17:63:17:Infinity":0,"f:20:24:20:40":1,"s:21:8:21:Infinity":1,"s:22:8:22:Infinity":2,"s:23:21:23:Infinity":3,"s:24:36:24:Infinity":4,"s:25:36:25:Infinity":5,"s:26:28:26:Infinity":6,"s:28:8:35:Infinity":7,"f:28:34:28:46":2,"b:29:4:32:Infinity:undefined:undefined:undefined:undefined":1,"s:29:4:32:Infinity":8,"s:30:6:30:Infinity":9,"s:31:6:31:Infinity":10,"s:33:17:33:Infinity":11,"s:34:4:34:Infinity":12,"s:37:24:37:Infinity":13,"s:39:2:55:Infinity":14,"f:39:12:39:18":3,"s:40:24:40:Infinity":15,"s:41:23:41:Infinity":16,"b:42:4:47:Infinity:undefined:undefined:undefined:undefined":2,"s:42:4:47:Infinity":17,"s:43:6:45:Infinity":18,"s:46:6:46:Infinity":19,"b:48:4:51:Infinity:undefined:undefined:undefined:undefined":3,"s:48:4:51:Infinity":20,"s:49:6:49:Infinity":21,"s:50:6:50:Infinity":22,"b:52:4:54:Infinity:undefined:undefined:undefined:undefined":4,"s:52:4:54:Infinity":23,"s:53:6:53:Infinity":24,"s:57:2:67:Infinity":25,"f:57:12:57:18":4,"s:58:20:58:Infinity":26,"s:59:4:63:Infinity":27,"f:59:24:59:30":5,"b:60:6:62:Infinity:undefined:undefined:undefined:undefined":5,"s:60:6:62:Infinity":28,"s:61:8:61:Infinity":29,"s:64:4:66:Infinity":30,"f:64:11:64:17":6,"s:65:6:65:Infinity":31,"s:69:8:72:Infinity":32,"f:69:37:69:49":7,"s:70:4:70:Infinity":33,"s:71:4:71:Infinity":34,"s:74:27:74:Infinity":35,"b:74:27:74:50:74:50:74:70:74:70:74:Infinity":6,"s:75:26:75:Infinity":36,"b:75:26:75:54:75:54:75:Infinity":7,"s:77:23:80:Infinity":37,"f:77:23:77:29":8,"s:78:4:78:Infinity":38,"s:79:4:79:Infinity":39,"s:82:48:86:Infinity":40,"s:88:2:104:Infinity":41,"f:93:27:93:33":9,"s:93:33:93:Infinity":42,"f:93:48:93:49":10,"s:93:58:93:63":43,"f:95:26:95:32":11,"s:95:32:95:Infinity":44,"f:96:26:96:32":12,"s:96:32:96:Infinity":45}}}
,"/home/sixlordz/Documents/school/Cos-301/Vantage-Point/frontend/src/landing/app/components/FeaturedGameCard.tsx": {"path":"/home/sixlordz/Documents/school/Cos-301/Vantage-Point/frontend/src/landing/app/components/FeaturedGameCard.tsx","statementMap":{"0":{"start":{"line":20,"column":2},"end":{"line":36,"column":null}},"1":{"start":{"line":41,"column":2},"end":{"line":41,"column":null}},"2":{"start":{"line":49,"column":2},"end":{"line":66,"column":null}},"3":{"start":{"line":75,"column":2},"end":{"line":116,"column":null}},"4":{"start":{"line":125,"column":2},"end":{"line":127,"column":null}},"5":{"start":{"line":126,"column":4},"end":{"line":126,"column":null}},"6":{"start":{"line":128,"column":2},"end":{"line":128,"column":null}}},"fnMap":{"0":{"name":"StatRow","decl":{"start":{"line":11,"column":9},"end":{"line":11,"column":17}},"loc":{"start":{"line":19,"column":4},"end":{"line":38,"column":null}},"line":19},"1":{"name":"StatIconLucide","decl":{"start":{"line":40,"column":9},"end":{"line":40,"column":24}},"loc":{"start":{"line":40,"column":69},"end":{"line":42,"column":null}},"line":40},"2":{"name":"FeaturedGameCardClosed","decl":{"start":{"line":45,"column":9},"end":{"line":45,"column":32}},"loc":{"start":{"line":48,"column":66},"end":{"line":68,"column":null}},"line":48},"3":{"name":"FeaturedGameCardOpen","decl":{"start":{"line":71,"column":9},"end":{"line":71,"column":30}},"loc":{"start":{"line":74,"column":66},"end":{"line":118,"column":null}},"line":74},"4":{"name":"FeaturedGameCard","decl":{"start":{"line":120,"column":24},"end":{"line":120,"column":41}},"loc":{"start":{"line":124,"column":36},"end":{"line":129,"column":null}},"line":124}},"branchMap":{"0":{"loc":{"start":{"line":58,"column":15},"end":{"line":58,"column":null}},"type":"binary-expr","locations":[{"start":{"line":58,"column":15},"end":{"line":58,"column":39}},{"start":{"line":58,"column":39},"end":{"line":58,"column":null}}],"line":58},"1":{"loc":{"start":{"line":125,"column":2},"end":{"line":127,"column":null}},"type":"if","locations":[{"start":{"line":125,"column":2},"end":{"line":127,"column":null}},{"start":{},"end":{}}],"line":125}},"s":{"0":0,"1":0,"2":0,"3":0,"4":0,"5":0,"6":0},"f":{"0":0,"1":0,"2":0,"3":0,"4":0},"b":{"0":[0,0],"1":[0,0]},"meta":{"lastBranch":2,"lastFunction":5,"lastStatement":7,"seen":{"f:11:9:11:17":0,"s:20:2:36:Infinity":0,"f:40:9:40:24":1,"s:41:2:41:Infinity":1,"f:45:9:45:32":2,"s:49:2:66:Infinity":2,"b:58:15:58:39:58:39:58:Infinity":0,"f:71:9:71:30":3,"s:75:2:116:Infinity":3,"f:120:24:120:41":4,"b:125:2:127:Infinity:undefined:undefined:undefined:undefined":1,"s:125:2:127:Infinity":4,"s:126:4:126:Infinity":5,"s:128:2:128:Infinity":6}}}
,"/home/sixlordz/Documents/school/Cos-301/Vantage-Point/frontend/src/landing/app/components/LandingPage.tsx": {"path":"/home/sixlordz/Documents/school/Cos-301/Vantage-Point/frontend/src/landing/app/components/LandingPage.tsx","statementMap":{"0":{"start":{"line":4,"column":2},"end":{"line":7,"column":null}}},"fnMap":{"0":{"name":"LandingPage","decl":{"start":{"line":3,"column":24},"end":{"line":3,"column":38}},"loc":{"start":{"line":3,"column":38},"end":{"line":9,"column":null}},"line":3}},"branchMap":{},"s":{"0":1},"f":{"0":1},"b":{},"meta":{"lastBranch":0,"lastFunction":1,"lastStatement":1,"seen":{"f:3:24:3:38":0,"s:4:2:7:Infinity":0}}}
,"/home/sixlordz/Documents/school/Cos-301/Vantage-Point/frontend/src/landing/app/components/LinkRiotPage.tsx": {"path":"/home/sixlordz/Documents/school/Cos-301/Vantage-Point/frontend/src/landing/app/components/LinkRiotPage.tsx","statementMap":{"0":{"start":{"line":10,"column":8},"end":{"line":10,"column":null}},"1":{"start":{"line":11,"column":19},"end":{"line":11,"column":null}},"2":{"start":{"line":12,"column":26},"end":{"line":12,"column":null}},"3":{"start":{"line":13,"column":24},"end":{"line":13,"column":null}},"4":{"start":{"line":14,"column":28},"end":{"line":14,"column":null}},"5":{"start":{"line":16,"column":23},"end":{"line":37,"column":null}},"6":{"start":{"line":17,"column":4},"end":{"line":17,"column":null}},"7":{"start":{"line":18,"column":20},"end":{"line":18,"column":null}},"8":{"start":{"line":19,"column":4},"end":{"line":22,"column":null}},"9":{"start":{"line":20,"column":6},"end":{"line":20,"column":null}},"10":{"start":{"line":21,"column":6},"end":{"line":21,"column":null}},"11":{"start":{"line":24,"column":4},"end":{"line":24,"column":null}},"12":{"start":{"line":25,"column":4},"end":{"line":36,"column":null}},"13":{"start":{"line":26,"column":6},"end":{"line":26,"column":null}},"14":{"start":{"line":27,"column":6},"end":{"line":27,"column":null}},"15":{"start":{"line":30,"column":8},"end":{"line":32,"column":null}},"16":{"start":{"line":33,"column":6},"end":{"line":33,"column":null}},"17":{"start":{"line":35,"column":6},"end":{"line":35,"column":null}},"18":{"start":{"line":39,"column":37},"end":{"line":45,"column":null}},"19":{"start":{"line":44,"column":20},"end":{"line":44,"column":null}},"20":{"start":{"line":47,"column":2},"end":{"line":50,"column":null}}},"fnMap":{"0":{"name":"LinkRiotPage","decl":{"start":{"line":9,"column":24},"end":{"line":9,"column":39}},"loc":{"start":{"line":9,"column":39},"end":{"line":52,"column":null}},"line":9},"1":{"name":"(anonymous_1)","decl":{"start":{"line":16,"column":23},"end":{"line":16,"column":35}},"loc":{"start":{"line":16,"column":35},"end":{"line":37,"column":null}},"line":16},"2":{"name":"(anonymous_2)","decl":{"start":{"line":44,"column":14},"end":{"line":44,"column":20}},"loc":{"start":{"line":44,"column":20},"end":{"line":44,"column":null}},"line":44}},"branchMap":{"0":{"loc":{"start":{"line":19,"column":4},"end":{"line":22,"column":null}},"type":"if","locations":[{"start":{"line":19,"column":4},"end":{"line":22,"column":null}},{"start":{},"end":{}}],"line":19},"1":{"loc":{"start":{"line":30,"column":8},"end":{"line":32,"column":null}},"type":"cond-expr","locations":[{"start":{"line":31,"column":12},"end":{"line":31,"column":null}},{"start":{"line":32,"column":12},"end":{"line":32,"column":null}}],"line":30}},"s":{"0":0,"1":0,"2":0,"3":0,"4":0,"5":0,"6":0,"7":0,"8":0,"9":0,"10":0,"11":0,"12":0,"13":0,"14":0,"15":0,"16":0,"17":0,"18":0,"19":0,"20":0},"f":{"0":0,"1":0,"2":0},"b":{"0":[0,0],"1":[0,0]},"meta":{"lastBranch":2,"lastFunction":3,"lastStatement":21,"seen":{"f:9:24:9:39":0,"s:10:8:10:Infinity":0,"s:11:19:11:Infinity":1,"s:12:26:12:Infinity":2,"s:13:24:13:Infinity":3,"s:14:28:14:Infinity":4,"s:16:23:37:Infinity":5,"f:16:23:16:35":1,"s:17:4:17:Infinity":6,"s:18:20:18:Infinity":7,"b:19:4:22:Infinity:undefined:undefined:undefined:undefined":0,"s:19:4:22:Infinity":8,"s:20:6:20:Infinity":9,"s:21:6:21:Infinity":10,"s:24:4:24:Infinity":11,"s:25:4:36:Infinity":12,"s:26:6:26:Infinity":13,"s:27:6:27:Infinity":14,"s:30:8:32:Infinity":15,"b:31:12:31:Infinity:32:12:32:Infinity":1,"s:33:6:33:Infinity":16,"s:35:6:35:Infinity":17,"s:39:37:45:Infinity":18,"f:44:14:44:20":2,"s:44:20:44:Infinity":19,"s:47:2:50:Infinity":20}}}
,"/home/sixlordz/Documents/school/Cos-301/Vantage-Point/frontend/src/landing/app/components/LoadingPage.tsx": {"path":"/home/sixlordz/Documents/school/Cos-301/Vantage-Point/frontend/src/landing/app/components/LoadingPage.tsx","statementMap":{"0":{"start":{"line":6,"column":23},"end":{"line":6,"column":null}},"1":{"start":{"line":7,"column":21},"end":{"line":7,"column":null}},"2":{"start":{"line":10,"column":8},"end":{"line":10,"column":null}},"3":{"start":{"line":11,"column":22},"end":{"line":11,"column":null}},"4":{"start":{"line":13,"column":2},"end":{"line":24,"column":null}},"5":{"start":{"line":14,"column":20},"end":{"line":14,"column":null}},"6":{"start":{"line":16,"column":4},"end":{"line":23,"column":null}},"7":{"start":{"line":17,"column":6},"end":{"line":17,"column":null}},"8":{"start":{"line":18,"column":22},"end":{"line":18,"column":null}},"9":{"start":{"line":19,"column":24},"end":{"line":19,"column":null}},"10":{"start":{"line":20,"column":6},"end":{"line":22,"column":null}},"11":{"start":{"line":21,"column":8},"end":{"line":21,"column":null}},"12":{"start":{"line":26,"column":2},"end":{"line":55,"column":null}},"13":{"start":{"line":47,"column":12},"end":{"line":51,"column":null}}},"fnMap":{"0":{"name":"LoadingPage","decl":{"start":{"line":9,"column":24},"end":{"line":9,"column":38}},"loc":{"start":{"line":9,"column":38},"end":{"line":57,"column":null}},"line":9},"1":{"name":"(anonymous_1)","decl":{"start":{"line":13,"column":12},"end":{"line":13,"column":18}},"loc":{"start":{"line":13,"column":18},"end":{"line":24,"column":5}},"line":13},"2":{"name":"(anonymous_2)","decl":{"start":{"line":16,"column":10},"end":{"line":16,"column":22}},"loc":{"start":{"line":16,"column":22},"end":{"line":23,"column":7}},"line":16},"3":{"name":"(anonymous_3)","decl":{"start":{"line":20,"column":28},"end":{"line":20,"column":34}},"loc":{"start":{"line":20,"column":34},"end":{"line":22,"column":9}},"line":20},"4":{"name":"(anonymous_4)","decl":{"start":{"line":46,"column":28},"end":{"line":46,"column":29}},"loc":{"start":{"line":47,"column":12},"end":{"line":51,"column":null}},"line":47}},"branchMap":{},"s":{"0":1,"1":1,"2":0,"3":0,"4":0,"5":0,"6":0,"7":0,"8":0,"9":0,"10":0,"11":0,"12":0,"13":0},"f":{"0":0,"1":0,"2":0,"3":0,"4":0},"b":{},"meta":{"lastBranch":0,"lastFunction":5,"lastStatement":14,"seen":{"s:6:23:6:Infinity":0,"s:7:21:7:Infinity":1,"f:9:24:9:38":0,"s:10:8:10:Infinity":2,"s:11:22:11:Infinity":3,"s:13:2:24:Infinity":4,"f:13:12:13:18":1,"s:14:20:14:Infinity":5,"s:16:4:23:Infinity":6,"f:16:10:16:22":2,"s:17:6:17:Infinity":7,"s:18:22:18:Infinity":8,"s:19:24:19:Infinity":9,"s:20:6:22:Infinity":10,"f:20:28:20:34":3,"s:21:8:21:Infinity":11,"s:26:2:55:Infinity":12,"f:46:28:46:29":4,"s:47:12:51:Infinity":13}}}
,"/home/sixlordz/Documents/school/Cos-301/Vantage-Point/frontend/src/landing/app/components/LoginPage.tsx": {"path":"/home/sixlordz/Documents/school/Cos-301/Vantage-Point/frontend/src/landing/app/components/LoginPage.tsx","statementMap":{"0":{"start":{"line":8,"column":8},"end":{"line":8,"column":null}},"1":{"start":{"line":9,"column":16},"end":{"line":9,"column":null}},"2":{"start":{"line":10,"column":24},"end":{"line":10,"column":null}},"3":{"start":{"line":11,"column":30},"end":{"line":11,"column":null}},"4":{"start":{"line":12,"column":24},"end":{"line":12,"column":null}},"5":{"start":{"line":13,"column":28},"end":{"line":13,"column":null}},"6":{"start":{"line":15,"column":23},"end":{"line":34,"column":null}},"7":{"start":{"line":16,"column":4},"end":{"line":16,"column":null}},"8":{"start":{"line":17,"column":4},"end":{"line":17,"column":null}},"9":{"start":{"line":18,"column":4},"end":{"line":33,"column":null}},"10":{"start":{"line":19,"column":17},"end":{"line":19,"column":null}},"11":{"start":{"line":20,"column":6},"end":{"line":24,"column":null}},"12":{"start":{"line":21,"column":8},"end":{"line":21,"column":null}},"13":{"start":{"line":23,"column":8},"end":{"line":23,"column":null}},"14":{"start":{"line":27,"column":8},"end":{"line":29,"column":null}},"15":{"start":{"line":30,"column":6},"end":{"line":30,"column":null}},"16":{"start":{"line":32,"column":6},"end":{"line":32,"column":null}},"17":{"start":{"line":36,"column":36},"end":{"line":45,"column":null}},"18":{"start":{"line":43,"column":20},"end":{"line":43,"column":null}},"19":{"start":{"line":44,"column":25},"end":{"line":44,"column":null}},"20":{"start":{"line":47,"column":2},"end":{"line":50,"column":null}}},"fnMap":{"0":{"name":"LoginPage","decl":{"start":{"line":7,"column":24},"end":{"line":7,"column":36}},"loc":{"start":{"line":7,"column":36},"end":{"line":52,"column":null}},"line":7},"1":{"name":"(anonymous_1)","decl":{"start":{"line":15,"column":23},"end":{"line":15,"column":35}},"loc":{"start":{"line":15,"column":35},"end":{"line":34,"column":null}},"line":15},"2":{"name":"(anonymous_2)","decl":{"start":{"line":43,"column":14},"end":{"line":43,"column":20}},"loc":{"start":{"line":43,"column":20},"end":{"line":43,"column":null}},"line":43},"3":{"name":"(anonymous_3)","decl":{"start":{"line":44,"column":19},"end":{"line":44,"column":25}},"loc":{"start":{"line":44,"column":25},"end":{"line":44,"column":null}},"line":44}},"branchMap":{"0":{"loc":{"start":{"line":20,"column":6},"end":{"line":24,"column":null}},"type":"if","locations":[{"start":{"line":20,"column":6},"end":{"line":24,"column":null}},{"start":{"line":22,"column":13},"end":{"line":24,"column":null}}],"line":20},"1":{"loc":{"start":{"line":27,"column":8},"end":{"line":29,"column":null}},"type":"cond-expr","locations":[{"start":{"line":28,"column":12},"end":{"line":28,"column":null}},{"start":{"line":29,"column":12},"end":{"line":29,"column":null}}],"line":27}},"s":{"0":0,"1":0,"2":0,"3":0,"4":0,"5":0,"6":0,"7":0,"8":0,"9":0,"10":0,"11":0,"12":0,"13":0,"14":0,"15":0,"16":0,"17":0,"18":0,"19":0,"20":0},"f":{"0":0,"1":0,"2":0,"3":0},"b":{"0":[0,0],"1":[0,0]},"meta":{"lastBranch":2,"lastFunction":4,"lastStatement":21,"seen":{"f:7:24:7:36":0,"s:8:8:8:Infinity":0,"s:9:16:9:Infinity":1,"s:10:24:10:Infinity":2,"s:11:30:11:Infinity":3,"s:12:24:12:Infinity":4,"s:13:28:13:Infinity":5,"s:15:23:34:Infinity":6,"f:15:23:15:35":1,"s:16:4:16:Infinity":7,"s:17:4:17:Infinity":8,"s:18:4:33:Infinity":9,"s:19:17:19:Infinity":10,"b:20:6:24:Infinity:22:13:24:Infinity":0,"s:20:6:24:Infinity":11,"s:21:8:21:Infinity":12,"s:23:8:23:Infinity":13,"s:27:8:29:Infinity":14,"b:28:12:28:Infinity:29:12:29:Infinity":1,"s:30:6:30:Infinity":15,"s:32:6:32:Infinity":16,"s:36:36:45:Infinity":17,"f:43:14:43:20":2,"s:43:20:43:Infinity":18,"f:44:19:44:25":3,"s:44:25:44:Infinity":19,"s:47:2:50:Infinity":20}}}
,"/home/sixlordz/Documents/school/Cos-301/Vantage-Point/frontend/src/landing/app/components/MatchDetailView.tsx": {"path":"/home/sixlordz/Documents/school/Cos-301/Vantage-Point/frontend/src/landing/app/components/MatchDetailView.tsx","statementMap":{"0":{"start":{"line":29,"column":15},"end":{"line":29,"column":null}},"1":{"start":{"line":30,"column":15},"end":{"line":30,"column":null}},"2":{"start":{"line":31,"column":2},"end":{"line":31,"column":null}},"3":{"start":{"line":35,"column":2},"end":{"line":38,"column":null}},"4":{"start":{"line":42,"column":2},"end":{"line":42,"column":null}},"5":{"start":{"line":42,"column":17},"end":{"line":42,"column":null}},"6":{"start":{"line":43,"column":2},"end":{"line":43,"column":null}},"7":{"start":{"line":50,"column":2},"end":{"line":55,"column":null}},"8":{"start":{"line":51,"column":18},"end":{"line":53,"column":null}},"9":{"start":{"line":52,"column":13},"end":{"line":52,"column":null}},"10":{"start":{"line":54,"column":4},"end":{"line":54,"column":null}},"11":{"start":{"line":54,"column":15},"end":{"line":54,"column":null}},"12":{"start":{"line":56,"column":2},"end":{"line":56,"column":null}},"13":{"start":{"line":60,"column":2},"end":{"line":68,"column":null}},"14":{"start":{"line":73,"column":19},"end":{"line":73,"column":null}},"15":{"start":{"line":74,"column":16},"end":{"line":74,"column":null}},"16":{"start":{"line":75,"column":19},"end":{"line":75,"column":null}},"17":{"start":{"line":77,"column":2},"end":{"line":184,"column":null}},"18":{"start":{"line":146,"column":18},"end":{"line":146,"column":null}},"19":{"start":{"line":147,"column":12},"end":{"line":160,"column":null}},"20":{"start":{"line":164,"column":18},"end":{"line":164,"column":null}},"21":{"start":{"line":165,"column":12},"end":{"line":172,"column":null}},"22":{"start":{"line":166,"column":14},"end":{"line":170,"column":null}},"23":{"start":{"line":173,"column":12},"end":{"line":179,"column":null}},"24":{"start":{"line":192,"column":20},"end":{"line":192,"column":null}},"25":{"start":{"line":194,"column":2},"end":{"line":234,"column":null}},"26":{"start":{"line":229,"column":14},"end":{"line":229,"column":null}},"27":{"start":{"line":239,"column":75},"end":{"line":245,"column":null}},"28":{"start":{"line":247,"column":2},"end":{"line":269,"column":null}},"29":{"start":{"line":250,"column":8},"end":{"line":267,"column":null}},"30":{"start":{"line":259,"column":14},"end":{"line":264,"column":null}},"31":{"start":{"line":274,"column":2},"end":{"line":294,"column":null}},"32":{"start":{"line":277,"column":8},"end":{"line":292,"column":null}},"33":{"start":{"line":283,"column":14},"end":{"line":289,"column":null}},"34":{"start":{"line":304,"column":8},"end":{"line":304,"column":null}},"35":{"start":{"line":305,"column":32},"end":{"line":305,"column":null}},"36":{"start":{"line":306,"column":8},"end":{"line":306,"column":null}},"37":{"start":{"line":307,"column":18},"end":{"line":307,"column":null}},"38":{"start":{"line":308,"column":22},"end":{"line":308,"column":null}},"39":{"start":{"line":310,"column":4},"end":{"line":310,"column":null}},"40":{"start":{"line":310,"column":25},"end":{"line":310,"column":null}},"41":{"start":{"line":312,"column":24},"end":{"line":312,"column":null}},"42":{"start":{"line":313,"column":28},"end":{"line":313,"column":null}},"43":{"start":{"line":314,"column":24},"end":{"line":314,"column":null}},"44":{"start":{"line":316,"column":8},"end":{"line":316,"column":null}},"45":{"start":{"line":318,"column":2},"end":{"line":350,"column":null}},"46":{"start":{"line":319,"column":4},"end":{"line":323,"column":null}},"47":{"start":{"line":320,"column":6},"end":{"line":320,"column":null}},"48":{"start":{"line":321,"column":6},"end":{"line":321,"column":null}},"49":{"start":{"line":322,"column":6},"end":{"line":322,"column":null}},"50":{"start":{"line":325,"column":20},"end":{"line":325,"column":null}},"51":{"start":{"line":326,"column":4},"end":{"line":326,"column":null}},"52":{"start":{"line":327,"column":4},"end":{"line":327,"column":null}},"53":{"start":{"line":328,"column":4},"end":{"line":328,"column":null}},"54":{"start":{"line":330,"column":4},"end":{"line":345,"column":null}},"55":{"start":{"line":332,"column":8},"end":{"line":338,"column":null}},"56":{"start":{"line":333,"column":10},"end":{"line":337,"column":null}},"57":{"start":{"line":334,"column":12},"end":{"line":334,"column":null}},"58":{"start":{"line":336,"column":12},"end":{"line":336,"column":null}},"59":{"start":{"line":341,"column":8},"end":{"line":341,"column":null}},"60":{"start":{"line":341,"column":24},"end":{"line":341,"column":null}},"61":{"start":{"line":344,"column":8},"end":{"line":344,"column":null}},"62":{"start":{"line":344,"column":24},"end":{"line":344,"column":null}},"63":{"start":{"line":347,"column":4},"end":{"line":349,"column":null}},"64":{"start":{"line":348,"column":6},"end":{"line":348,"column":null}},"65":{"start":{"line":352,"column":17},"end":{"line":352,"column":null}},"66":{"start":{"line":353,"column":22},"end":{"line":353,"column":null}},"67":{"start":{"line":354,"column":22},"end":{"line":354,"column":null}},"68":{"start":{"line":356,"column":19},"end":{"line":356,"column":null}},"69":{"start":{"line":356,"column":44},"end":{"line":356,"column":61}},"70":{"start":{"line":357,"column":18},"end":{"line":357,"column":null}},"71":{"start":{"line":357,"column":43},"end":{"line":357,"column":60}},"72":{"start":{"line":359,"column":2},"end":{"line":454,"column":null}}},"fnMap":{"0":{"name":"formatDuration","decl":{"start":{"line":28,"column":9},"end":{"line":28,"column":24}},"loc":{"start":{"line":28,"column":49},"end":{"line":32,"column":null}},"line":28},"1":{"name":"formatGameDate","decl":{"start":{"line":34,"column":9},"end":{"line":34,"column":24}},"loc":{"start":{"line":34,"column":49},"end":{"line":39,"column":null}},"line":34},"2":{"name":"formatNumber","decl":{"start":{"line":41,"column":9},"end":{"line":41,"column":22}},"loc":{"start":{"line":41,"column":41},"end":{"line":44,"column":null}},"line":41},"3":{"name":"viewerParticipant","decl":{"start":{"line":46,"column":9},"end":{"line":46,"column":null}},"loc":{"start":{"line":49,"column":33},"end":{"line":57,"column":null}},"line":49},"4":{"name":"(anonymous_4)","decl":{"start":{"line":52,"column":6},"end":{"line":52,"column":7}},"loc":{"start":{"line":52,"column":13},"end":{"line":52,"column":null}},"line":52},"5":{"name":"LoadingSkeleton","decl":{"start":{"line":59,"column":9},"end":{"line":59,"column":27}},"loc":{"start":{"line":59,"column":27},"end":{"line":70,"column":null}},"line":59},"6":{"name":"ParticipantRow","decl":{"start":{"line":72,"column":9},"end":{"line":72,"column":24}},"loc":{"start":{"line":72,"column":77},"end":{"line":186,"column":null}},"line":72},"7":{"name":"(anonymous_7)","decl":{"start":{"line":145,"column":38},"end":{"line":145,"column":39}},"loc":{"start":{"line":145,"column":51},"end":{"line":162,"column":11}},"line":145},"8":{"name":"(anonymous_8)","decl":{"start":{"line":163,"column":28},"end":{"line":163,"column":29}},"loc":{"start":{"line":163,"column":43},"end":{"line":181,"column":11}},"line":163},"9":{"name":"TeamScoreboard","decl":{"start":{"line":188,"column":9},"end":{"line":188,"column":24}},"loc":{"start":{"line":191,"column":54},"end":{"line":236,"column":null}},"line":191},"10":{"name":"(anonymous_10)","decl":{"start":{"line":228,"column":35},"end":{"line":228,"column":36}},"loc":{"start":{"line":229,"column":14},"end":{"line":229,"column":null}},"line":229},"11":{"name":"ObjectivesRow","decl":{"start":{"line":238,"column":9},"end":{"line":238,"column":23}},"loc":{"start":{"line":238,"column":78},"end":{"line":271,"column":null}},"line":238},"12":{"name":"(anonymous_12)","decl":{"start":{"line":249,"column":17},"end":{"line":249,"column":18}},"loc":{"start":{"line":250,"column":8},"end":{"line":267,"column":null}},"line":250},"13":{"name":"(anonymous_13)","decl":{"start":{"line":258,"column":24},"end":{"line":258,"column":25}},"loc":{"start":{"line":259,"column":14},"end":{"line":264,"column":null}},"line":259},"14":{"name":"BansRow","decl":{"start":{"line":273,"column":9},"end":{"line":273,"column":17}},"loc":{"start":{"line":273,"column":72},"end":{"line":296,"column":null}},"line":273},"15":{"name":"(anonymous_15)","decl":{"start":{"line":276,"column":17},"end":{"line":276,"column":18}},"loc":{"start":{"line":277,"column":8},"end":{"line":292,"column":null}},"line":277},"16":{"name":"(anonymous_16)","decl":{"start":{"line":282,"column":27},"end":{"line":282,"column":28}},"loc":{"start":{"line":283,"column":14},"end":{"line":289,"column":null}},"line":283},"17":{"name":"MatchDetailView","decl":{"start":{"line":298,"column":24},"end":{"line":298,"column":40}},"loc":{"start":{"line":303,"column":40},"end":{"line":456,"column":null}},"line":303},"18":{"name":"(anonymous_18)","decl":{"start":{"line":310,"column":19},"end":{"line":310,"column":25}},"loc":{"start":{"line":310,"column":25},"end":{"line":310,"column":null}},"line":310},"19":{"name":"(anonymous_19)","decl":{"start":{"line":318,"column":12},"end":{"line":318,"column":18}},"loc":{"start":{"line":318,"column":18},"end":{"line":350,"column":5}},"line":318},"20":{"name":"(anonymous_20)","decl":{"start":{"line":331,"column":12},"end":{"line":331,"column":13}},"loc":{"start":{"line":331,"column":22},"end":{"line":339,"column":7}},"line":331},"21":{"name":"(anonymous_21)","decl":{"start":{"line":340,"column":13},"end":{"line":340,"column":19}},"loc":{"start":{"line":340,"column":19},"end":{"line":342,"column":7}},"line":340},"22":{"name":"(anonymous_22)","decl":{"start":{"line":343,"column":15},"end":{"line":343,"column":21}},"loc":{"start":{"line":343,"column":21},"end":{"line":345,"column":7}},"line":343},"23":{"name":"(anonymous_23)","decl":{"start":{"line":347,"column":11},"end":{"line":347,"column":17}},"loc":{"start":{"line":347,"column":17},"end":{"line":349,"column":null}},"line":347},"24":{"name":"(anonymous_24)","decl":{"start":{"line":356,"column":37},"end":{"line":356,"column":38}},"loc":{"start":{"line":356,"column":44},"end":{"line":356,"column":61}},"line":356},"25":{"name":"(anonymous_25)","decl":{"start":{"line":357,"column":36},"end":{"line":357,"column":37}},"loc":{"start":{"line":357,"column":43},"end":{"line":357,"column":60}},"line":357}},"branchMap":{"0":{"loc":{"start":{"line":42,"column":2},"end":{"line":42,"column":null}},"type":"if","locations":[{"start":{"line":42,"column":2},"end":{"line":42,"column":null}},{"start":{},"end":{}}],"line":42},"1":{"loc":{"start":{"line":52,"column":13},"end":{"line":52,"column":null}},"type":"binary-expr","locations":[{"start":{"line":52,"column":13},"end":{"line":52,"column":29}},{"start":{"line":52,"column":29},"end":{"line":52,"column":44}},{"start":{"line":52,"column":44},"end":{"line":52,"column":null}}],"line":52},"2":{"loc":{"start":{"line":54,"column":4},"end":{"line":54,"column":null}},"type":"if","locations":[{"start":{"line":54,"column":4},"end":{"line":54,"column":null}},{"start":{},"end":{}}],"line":54},"3":{"loc":{"start":{"line":74,"column":16},"end":{"line":74,"column":null}},"type":"cond-expr","locations":[{"start":{"line":74,"column":27},"end":{"line":74,"column":44}},{"start":{"line":74,"column":44},"end":{"line":74,"column":null}}],"line":74},"4":{"loc":{"start":{"line":80,"column":8},"end":{"line":80,"column":null}},"type":"cond-expr","locations":[{"start":{"line":80,"column":19},"end":{"line":80,"column":56}},{"start":{"line":80,"column":56},"end":{"line":80,"column":null}}],"line":80},"5":{"loc":{"start":{"line":85,"column":10},"end":{"line":85,"column":null}},"type":"cond-expr","locations":[{"start":{"line":85,"column":21},"end":{"line":85,"column":60}},{"start":{"line":85,"column":60},"end":{"line":85,"column":null}}],"line":85},"6":{"loc":{"start":{"line":92,"column":43},"end":{"line":92,"column":98}},"type":"cond-expr","locations":[{"start":{"line":92,"column":54},"end":{"line":92,"column":90}},{"start":{"line":92,"column":90},"end":{"line":92,"column":98}}],"line":92},"7":{"loc":{"start":{"line":97,"column":16},"end":{"line":99,"column":null}},"type":"cond-expr","locations":[{"start":{"line":98,"column":20},"end":{"line":98,"column":null}},{"start":{"line":99,"column":20},"end":{"line":99,"column":null}}],"line":97},"8":{"loc":{"start":{"line":102,"column":15},"end":{"line":102,"column":null}},"type":"binary-expr","locations":[{"start":{"line":102,"column":15},"end":{"line":102,"column":33}},{"start":{"line":102,"column":33},"end":{"line":102,"column":null}}],"line":102},"9":{"loc":{"start":{"line":110,"column":10},"end":{"line":110,"column":null}},"type":"cond-expr","locations":[{"start":{"line":110,"column":21},"end":{"line":110,"column":54}},{"start":{"line":110,"column":54},"end":{"line":110,"column":null}}],"line":110},"10":{"loc":{"start":{"line":117,"column":10},"end":{"line":117,"column":null}},"type":"cond-expr","locations":[{"start":{"line":117,"column":21},"end":{"line":117,"column":52}},{"start":{"line":117,"column":52},"end":{"line":117,"column":null}}],"line":117},"11":{"loc":{"start":{"line":124,"column":10},"end":{"line":124,"column":null}},"type":"cond-expr","locations":[{"start":{"line":124,"column":21},"end":{"line":124,"column":52}},{"start":{"line":124,"column":52},"end":{"line":124,"column":null}}],"line":124},"12":{"loc":{"start":{"line":131,"column":10},"end":{"line":131,"column":null}},"type":"cond-expr","locations":[{"start":{"line":131,"column":21},"end":{"line":131,"column":52}},{"start":{"line":131,"column":52},"end":{"line":131,"column":null}}],"line":131},"13":{"loc":{"start":{"line":138,"column":10},"end":{"line":138,"column":null}},"type":"cond-expr","locations":[{"start":{"line":138,"column":21},"end":{"line":138,"column":52}},{"start":{"line":138,"column":52},"end":{"line":138,"column":null}}],"line":138},"14":{"loc":{"start":{"line":147,"column":19},"end":{"line":160,"column":null}},"type":"cond-expr","locations":[{"start":{"line":148,"column":14},"end":{"line":153,"column":null}},{"start":{"line":155,"column":14},"end":{"line":160,"column":null}}],"line":147},"15":{"loc":{"start":{"line":165,"column":12},"end":{"line":172,"column":null}},"type":"if","locations":[{"start":{"line":165,"column":12},"end":{"line":172,"column":null}},{"start":{},"end":{}}],"line":165},"16":{"loc":{"start":{"line":192,"column":20},"end":{"line":192,"column":null}},"type":"cond-expr","locations":[{"start":{"line":192,"column":43},"end":{"line":192,"column":62}},{"start":{"line":192,"column":62},"end":{"line":192,"column":null}}],"line":192},"17":{"loc":{"start":{"line":200,"column":12},"end":{"line":202,"column":null}},"type":"cond-expr","locations":[{"start":{"line":201,"column":16},"end":{"line":201,"column":null}},{"start":{"line":202,"column":16},"end":{"line":202,"column":null}}],"line":200},"18":{"loc":{"start":{"line":205,"column":11},"end":{"line":205,"column":null}},"type":"cond-expr","locations":[{"start":{"line":205,"column":22},"end":{"line":205,"column":34}},{"start":{"line":205,"column":34},"end":{"line":205,"column":null}}],"line":205},"19":{"loc":{"start":{"line":255,"column":13},"end":{"line":255,"column":51}},"type":"cond-expr","locations":[{"start":{"line":255,"column":36},"end":{"line":255,"column":45}},{"start":{"line":255,"column":45},"end":{"line":255,"column":51}}],"line":255},"20":{"loc":{"start":{"line":279,"column":13},"end":{"line":279,"column":51}},"type":"cond-expr","locations":[{"start":{"line":279,"column":36},"end":{"line":279,"column":45}},{"start":{"line":279,"column":45},"end":{"line":279,"column":51}}],"line":279},"21":{"loc":{"start":{"line":298,"column":40},"end":{"line":303,"column":40}},"type":"default-arg","locations":[{"start":{"line":303,"column":36},"end":{"line":303,"column":40}}],"line":298},"22":{"loc":{"start":{"line":307,"column":18},"end":{"line":307,"column":null}},"type":"binary-expr","locations":[{"start":{"line":307,"column":18},"end":{"line":307,"column":33}},{"start":{"line":307,"column":33},"end":{"line":307,"column":49}},{"start":{"line":307,"column":49},"end":{"line":307,"column":null}}],"line":307},"23":{"loc":{"start":{"line":308,"column":22},"end":{"line":308,"column":null}},"type":"binary-expr","locations":[{"start":{"line":308,"column":22},"end":{"line":308,"column":41}},{"start":{"line":308,"column":41},"end":{"line":308,"column":64}},{"start":{"line":308,"column":64},"end":{"line":308,"column":null}}],"line":308},"24":{"loc":{"start":{"line":310,"column":4},"end":{"line":310,"column":null}},"type":"binary-expr","locations":[{"start":{"line":310,"column":4},"end":{"line":310,"column":19}},{"start":{"line":310,"column":19},"end":{"line":310,"column":null}}],"line":310},"25":{"loc":{"start":{"line":319,"column":4},"end":{"line":323,"column":null}},"type":"if","locations":[{"start":{"line":319,"column":4},"end":{"line":323,"column":null}},{"start":{},"end":{}}],"line":319},"26":{"loc":{"start":{"line":332,"column":8},"end":{"line":338,"column":null}},"type":"if","locations":[{"start":{"line":332,"column":8},"end":{"line":338,"column":null}},{"start":{},"end":{}}],"line":332},"27":{"loc":{"start":{"line":333,"column":10},"end":{"line":337,"column":null}},"type":"if","locations":[{"start":{"line":333,"column":10},"end":{"line":337,"column":null}},{"start":{"line":335,"column":17},"end":{"line":337,"column":null}}],"line":333},"28":{"loc":{"start":{"line":341,"column":8},"end":{"line":341,"column":null}},"type":"if","locations":[{"start":{"line":341,"column":8},"end":{"line":341,"column":null}},{"start":{},"end":{}}],"line":341},"29":{"loc":{"start":{"line":344,"column":8},"end":{"line":344,"column":null}},"type":"if","locations":[{"start":{"line":344,"column":8},"end":{"line":344,"column":null}},{"start":{},"end":{}}],"line":344},"30":{"loc":{"start":{"line":352,"column":17},"end":{"line":352,"column":null}},"type":"cond-expr","locations":[{"start":{"line":352,"column":25},"end":{"line":352,"column":65}},{"start":{"line":352,"column":65},"end":{"line":352,"column":null}}],"line":352},"31":{"loc":{"start":{"line":353,"column":22},"end":{"line":353,"column":null}},"type":"cond-expr","locations":[{"start":{"line":353,"column":32},"end":{"line":353,"column":69}},{"start":{"line":353,"column":69},"end":{"line":353,"column":null}}],"line":353},"32":{"loc":{"start":{"line":353,"column":32},"end":{"line":353,"column":69}},"type":"cond-expr","locations":[{"start":{"line":353,"column":45},"end":{"line":353,"column":57}},{"start":{"line":353,"column":57},"end":{"line":353,"column":69}}],"line":353},"33":{"loc":{"start":{"line":354,"column":22},"end":{"line":354,"column":null}},"type":"cond-expr","locations":[{"start":{"line":354,"column":36},"end":{"line":354,"column":55}},{"start":{"line":354,"column":55},"end":{"line":354,"column":null}}],"line":354},"34":{"loc":{"start":{"line":379,"column":11},"end":{"line":382,"column":null}},"type":"binary-expr","locations":[{"start":{"line":379,"column":11},"end":{"line":379,"column":null}},{"start":{"line":380,"column":12},"end":{"line":382,"column":null}}],"line":379},"35":{"loc":{"start":{"line":384,"column":11},"end":{"line":385,"column":null}},"type":"binary-expr","locations":[{"start":{"line":384,"column":11},"end":{"line":384,"column":null}},{"start":{"line":385,"column":12},"end":{"line":385,"column":null}}],"line":384},"36":{"loc":{"start":{"line":387,"column":11},"end":{"line":416,"column":null}},"type":"binary-expr","locations":[{"start":{"line":387,"column":11},"end":{"line":387,"column":20}},{"start":{"line":387,"column":20},"end":{"line":387,"column":null}},{"start":{"line":388,"column":12},"end":{"line":416,"column":null}}],"line":387},"37":{"loc":{"start":{"line":418,"column":11},"end":{"line":421,"column":null}},"type":"binary-expr","locations":[{"start":{"line":418,"column":11},"end":{"line":418,"column":20}},{"start":{"line":418,"column":20},"end":{"line":418,"column":null}},{"start":{"line":419,"column":12},"end":{"line":421,"column":null}}],"line":418},"38":{"loc":{"start":{"line":426,"column":11},"end":{"line":426,"column":null}},"type":"binary-expr","locations":[{"start":{"line":426,"column":11},"end":{"line":426,"column":22}},{"start":{"line":426,"column":22},"end":{"line":426,"column":null}}],"line":426},"39":{"loc":{"start":{"line":427,"column":11},"end":{"line":430,"column":null}},"type":"binary-expr","locations":[{"start":{"line":427,"column":11},"end":{"line":427,"column":20}},{"start":{"line":427,"column":20},"end":{"line":427,"column":null}},{"start":{"line":428,"column":12},"end":{"line":430,"column":null}}],"line":427},"40":{"loc":{"start":{"line":432,"column":11},"end":{"line":450,"column":null}},"type":"binary-expr","locations":[{"start":{"line":432,"column":11},"end":{"line":432,"column":20}},{"start":{"line":432,"column":20},"end":{"line":432,"column":32}},{"start":{"line":432,"column":32},"end":{"line":432,"column":43}},{"start":{"line":432,"column":43},"end":{"line":432,"column":null}},{"start":{"line":433,"column":12},"end":{"line":450,"column":null}}],"line":432}},"s":{"0":0,"1":0,"2":0,"3":0,"4":0,"5":0,"6":0,"7":0,"8":0,"9":0,"10":0,"11":0,"12":0,"13":0,"14":0,"15":0,"16":0,"17":0,"18":0,"19":0,"20":0,"21":0,"22":0,"23":0,"24":0,"25":0,"26":0,"27":0,"28":0,"29":0,"30":0,"31":0,"32":0,"33":0,"34":0,"35":0,"36":0,"37":0,"38":0,"39":0,"40":0,"41":0,"42":0,"43":0,"44":0,"45":0,"46":0,"47":0,"48":0,"49":0,"50":0,"51":0,"52":0,"53":0,"54":0,"55":0,"56":0,"57":0,"58":0,"59":0,"60":0,"61":0,"62":0,"63":0,"64":0,"65":0,"66":0,"67":0,"68":0,"69":0,"70":0,"71":0,"72":0},"f":{"0":0,"1":0,"2":0,"3":0,"4":0,"5":0,"6":0,"7":0,"8":0,"9":0,"10":0,"11":0,"12":0,"13":0,"14":0,"15":0,"16":0,"17":0,"18":0,"19":0,"20":0,"21":0,"22":0,"23":0,"24":0,"25":0},"b":{"0":[0,0],"1":[0,0,0],"2":[0,0],"3":[0,0],"4":[0,0],"5":[0,0],"6":[0,0],"7":[0,0],"8":[0,0],"9":[0,0],"10":[0,0],"11":[0,0],"12":[0,0],"13":[0,0],"14":[0,0],"15":[0,0],"16":[0,0],"17":[0,0],"18":[0,0],"19":[0,0],"20":[0,0],"21":[0],"22":[0,0,0],"23":[0,0,0],"24":[0,0],"25":[0,0],"26":[0,0],"27":[0,0],"28":[0,0],"29":[0,0],"30":[0,0],"31":[0,0],"32":[0,0],"33":[0,0],"34":[0,0],"35":[0,0],"36":[0,0,0],"37":[0,0,0],"38":[0,0],"39":[0,0,0],"40":[0,0,0,0,0]},"meta":{"lastBranch":41,"lastFunction":26,"lastStatement":73,"seen":{"f:28:9:28:24":0,"s:29:15:29:Infinity":0,"s:30:15:30:Infinity":1,"s:31:2:31:Infinity":2,"f:34:9:34:24":1,"s:35:2:38:Infinity":3,"f:41:9:41:22":2,"b:42:2:42:Infinity:undefined:undefined:undefined:undefined":0,"s:42:2:42:Infinity":4,"s:42:17:42:Infinity":5,"s:43:2:43:Infinity":6,"f:46:9:46:Infinity":3,"s:50:2:55:Infinity":7,"s:51:18:53:Infinity":8,"f:52:6:52:7":4,"s:52:13:52:Infinity":9,"b:52:13:52:29:52:29:52:44:52:44:52:Infinity":1,"b:54:4:54:Infinity:undefined:undefined:undefined:undefined":2,"s:54:4:54:Infinity":10,"s:54:15:54:Infinity":11,"s:56:2:56:Infinity":12,"f:59:9:59:27":5,"s:60:2:68:I
[...]
{"start":{"line":186,"column":31},"end":{"line":186,"column":40}},{"start":{"line":186,"column":40},"end":{"line":186,"column":null}}],"line":186},"3":{"loc":{"start":{"line":198,"column":16},"end":{"line":198,"column":null}},"type":"cond-expr","locations":[{"start":{"line":198,"column":31},"end":{"line":198,"column":40}},{"start":{"line":198,"column":40},"end":{"line":198,"column":null}}],"line":198},"4":{"loc":{"start":{"line":225,"column":108},"end":{"line":225,"column":174}},"type":"cond-expr","locations":[{"start":{"line":225,"column":123},"end":{"line":225,"column":140}},{"start":{"line":225,"column":140},"end":{"line":225,"column":174}}],"line":225},"5":{"loc":{"start":{"line":227,"column":9},"end":{"line":236,"column":null}},"type":"binary-expr","locations":[{"start":{"line":227,"column":9},"end":{"line":227,"column":null}},{"start":{"line":228,"column":10},"end":{"line":236,"column":null}}],"line":227},"6":{"loc":{"start":{"line":274,"column":9},"end":{"line":281,"column":null}},"type":"cond-expr","locations":[{"start":{"line":275,"column":10},"end":{"line":280,"column":null}},{"start":{"line":281,"column":12},"end":{"line":281,"column":null}}],"line":274},"7":{"loc":{"start":{"line":309,"column":15},"end":{"line":309,"column":null}},"type":"cond-expr","locations":[{"start":{"line":309,"column":30},"end":{"line":309,"column":46}},{"start":{"line":309,"column":46},"end":{"line":309,"column":null}}],"line":309},"8":{"loc":{"start":{"line":331,"column":16},"end":{"line":331,"column":null}},"type":"cond-expr","locations":[{"start":{"line":331,"column":41},"end":{"line":331,"column":57}},{"start":{"line":331,"column":57},"end":{"line":331,"column":null}}],"line":331}},"s":{"0":1,"1":1,"2":1,"3":0,"4":0,"5":0,"6":0,"7":0,"8":0,"9":0,"10":0,"11":0,"12":0,"13":0,"14":0,"15":0,"16":0,"17":0,"18":0,"19":0,"20":0,"21":0,"22":0,"23":0,"24":0,"25":0,"26":0,"27":0,"28":0,"29":0,"30":0},"f":{"0":0,"1":0,"2":0,"3":0,"4":0,"5":0,"6":0,"7":0,"8":0,"9":0,"10":0,"11":0,"12":0,"13":0,"14":0,"15":0,"16":0,"17":0,"18":0,"19":0,"20":0,"21":0,"22":0},"b":{"0":[0,0],"1":[0,0],"2":[0,0],"3":[0,0],"4":[0,0],"5":[0,0],"6":[0,0],"7":[0,0],"8":[0,0]},"meta":{"lastBranch":9,"lastFunction":23,"lastStatement":31,"seen":{"s:12:25:12:Infinity":0,"s:15:2:15:Infinity":1,"s:17:26:17:Infinity":2,"f:36:9:36:16":0,"s:37:2:52:Infinity":3,"f:56:9:56:15":1,"s:57:2:78:Infinity":4,"f:64:29:64:30":2,"s:65:8:76:Infinity":5,"b:69:49:69:58:69:58:69:Infinity":0,"b:72:16:72:Infinity:73:16:73:Infinity":1,"f:75:19:75:25":3,"s:75:25:75:Infinity":6,"f:82:9:82:15":4,"s:83:2:121:Infinity":7,"f:125:9:125:23":5,"s:136:2:162:Infinity":8,"f:145:20:145:21":6,"s:145:27:145:Infinity":9,"f:157:20:157:21":7,"s:157:27:157:Infinity":10,"f:166:9:166:22":8,"s:179:2:205:Infinity":11,"b:186:31:186:40:186:40:186:Infinity":2,"f:188:20:188:21":9,"s:188:27:188:Infinity":12,"b:198:31:198:40:198:40:198:Infinity":3,"f:200:20:200:21":10,"s:200:27:200:Infinity":13,"f:209:9:209:26":11,"s:213:2:242:Infinity":14,"f:221:18:221:19":12,"s:221:25:221:Infinity":15,"b:225:123:225:140:225:140:225:174":4,"b:227:9:227:Infinity:228:10:236:Infinity":5,"f:261:9:261:23":13,"s:266:2:314:Infinity":16,"b:275:10:280:Infinity:281:12:281:Infinity":6,"b:309:30:309:46:309:46:309:Infinity":7,"f:318:9:318:15":14,"s:319:2:344:Infinity":17,"f:326:32:326:33":15,"s:327:12:334:Infinity":18,"b:331:41:331:57:331:57:331:Infinity":8,"f:348:9:348:15":16,"s:355:2:363:Infinity":19,"f:367:24:367:33":17,"s:370:38:370:Infinity":20,"s:371:38:371:Infinity":21,"s:373:2:379:Infinity":22,"f:373:12:373:18":18,"s:374:21:376:Infinity":23,"f:374:33:374:39":19,"s:375:6:375:Infinity":24,"f:375:22:375:23":20,"s:375:23:375:68":25,"s:378:4:378:Infinity":26,"f:378:11:378:17":21,"s:378:17:378:Infinity":27,"s:381:25:383:Infinity":28,"f:381:25:381:26":22,"s:382:4:382:Infinity":29,"s:385:2:394:Infinity":30}}}
,"/home/sixlordz/Documents/school/Cos-301/Vantage-Point/frontend/src/landing/imports/Register/da8e2b2b779ebc3b362dbe11022d83a4a28639da.webp": {"path":"/home/sixlordz/Documents/school/Cos-301/Vantage-Point/frontend/src/landing/imports/Register/da8e2b2b779ebc3b362dbe11022d83a4a28639da.webp","statementMap":{},"fnMap":{},"branchMap":{},"s":{},"f":{},"b":{},"meta":{"lastBranch":0,"lastFunction":0,"lastStatement":0,"seen":{}}}
,"/home/sixlordz/Documents/school/Cos-301/Vantage-Point/frontend/src/landing/imports/Register/e98e9b24669bda4f34daad81de74f1cbc0c60e43.webp": {"path":"/home/sixlordz/Documents/school/Cos-301/Vantage-Point/frontend/src/landing/imports/Register/e98e9b24669bda4f34daad81de74f1cbc0c60e43.webp","statementMap":{},"fnMap":{},"branchMap":{},"s":{},"f":{},"b":{},"meta":{"lastBranch":0,"lastFunction":0,"lastStatement":0,"seen":{}}}
,"/home/sixlordz/Documents/school/Cos-301/Vantage-Point/frontend/src/landing/imports/Register/svg-xwtbp9m57d.ts": {"path":"/home/sixlordz/Documents/school/Cos-301/Vantage-Point/frontend/src/landing/imports/Register/svg-xwtbp9m57d.ts","statementMap":{},"fnMap":{},"branchMap":{},"s":{},"f":{},"b":{},"meta":{"lastBranch":0,"lastFunction":0,"lastStatement":0,"seen":{}}}
,"/home/sixlordz/Documents/school/Cos-301/Vantage-Point/frontend/src/landing/imports/RiotId/RiotId.tsx": {"path":"/home/sixlordz/Documents/school/Cos-301/Vantage-Point/frontend/src/landing/imports/RiotId/RiotId.tsx","statementMap":{"0":{"start":{"line":8,"column":25},"end":{"line":8,"column":null}},"1":{"start":{"line":11,"column":2},"end":{"line":11,"column":null}},"2":{"start":{"line":13,"column":26},"end":{"line":13,"column":null}},"3":{"start":{"line":21,"column":2},"end":{"line":36,"column":null}},"4":{"start":{"line":41,"column":2},"end":{"line":62,"column":null}},"5":{"start":{"line":49,"column":8},"end":{"line":60,"column":null}},"6":{"start":{"line":59,"column":25},"end":{"line":59,"column":null}},"7":{"start":{"line":75,"column":2},"end":{"line":117,"column":null}},"8":{"start":{"line":98,"column":31},"end":{"line":98,"column":null}},"9":{"start":{"line":122,"column":2},"end":{"line":147,"column":null}},"10":{"start":{"line":130,"column":12},"end":{"line":137,"column":null}},"11":{"start":{"line":152,"column":38},"end":{"line":152,"column":null}},"12":{"start":{"line":154,"column":2},"end":{"line":160,"column":null}},"13":{"start":{"line":155,"column":21},"end":{"line":157,"column":null}},"14":{"start":{"line":156,"column":6},"end":{"line":156,"column":null}},"15":{"start":{"line":156,"column":23},"end":{"line":156,"column":68}},"16":{"start":{"line":159,"column":4},"end":{"line":159,"column":null}},"17":{"start":{"line":159,"column":17},"end":{"line":159,"column":null}},"18":{"start":{"line":162,"column":25},"end":{"line":164,"column":null}},"19":{"start":{"line":163,"column":4},"end":{"line":163,"column":null}},"20":{"start":{"line":166,"column":2},"end":{"line":170,"column":null}}},"fnMap":{"0":{"name":"Logo","decl":{"start":{"line":20,"column":9},"end":{"line":20,"column":16}},"loc":{"start":{"line":20,"column":16},"end":{"line":38,"column":null}},"line":20},"1":{"name":"Frame","decl":{"start":{"line":40,"column":9},"end":{"line":40,"column":15}},"loc":{"start":{"line":40,"column":62},"end":{"line":64,"column":null}},"line":40},"2":{"name":"(anonymous_2)","decl":{"start":{"line":48,"column":29},"end":{"line":48,"column":30}},"loc":{"start":{"line":49,"column":8},"end":{"line":60,"column":null}},"line":49},"3":{"name":"(anonymous_3)","decl":{"start":{"line":59,"column":19},"end":{"line":59,"column":25}},"loc":{"start":{"line":59,"column":25},"end":{"line":59,"column":null}},"line":59},"4":{"name":"LeftPanelForm","decl":{"start":{"line":74,"column":9},"end":{"line":74,"column":23}},"loc":{"start":{"line":74,"column":70},"end":{"line":119,"column":null}},"line":74},"5":{"name":"(anonymous_5)","decl":{"start":{"line":98,"column":24},"end":{"line":98,"column":25}},"loc":{"start":{"line":98,"column":31},"end":{"line":98,"column":null}},"line":98},"6":{"name":"RightPanel","decl":{"start":{"line":121,"column":9},"end":{"line":121,"column":20}},"loc":{"start":{"line":121,"column":67},"end":{"line":149,"column":null}},"line":121},"7":{"name":"(anonymous_7)","decl":{"start":{"line":129,"column":32},"end":{"line":129,"column":33}},"loc":{"start":{"line":130,"column":12},"end":{"line":137,"column":null}},"line":130},"8":{"name":"RiotId","decl":{"start":{"line":151,"column":24},"end":{"line":151,"column":31}},"loc":{"start":{"line":151,"column":78},"end":{"line":172,"column":null}},"line":151},"9":{"name":"(anonymous_9)","decl":{"start":{"line":154,"column":12},"end":{"line":154,"column":18}},"loc":{"start":{"line":154,"column":18},"end":{"line":160,"column":5}},"line":154},"10":{"name":"(anonymous_10)","decl":{"start":{"line":155,"column":33},"end":{"line":155,"column":39}},"loc":{"start":{"line":155,"column":39},"end":{"line":157,"column":7}},"line":155},"11":{"name":"(anonymous_11)","decl":{"start":{"line":156,"column":22},"end":{"line":156,"column":23}},"loc":{"start":{"line":156,"column":23},"end":{"line":156,"column":68}},"line":156},"12":{"name":"(anonymous_12)","decl":{"start":{"line":159,"column":11},"end":{"line":159,"column":17}},"loc":{"start":{"line":159,"column":17},"end":{"line":159,"column":null}},"line":159},"13":{"name":"(anonymous_13)","decl":{"start":{"line":162,"column":25},"end":{"line":162,"column":26}},"loc":{"start":{"line":162,"column":44},"end":{"line":164,"column":null}},"line":162}},"branchMap":{"0":{"loc":{"start":{"line":53,"column":24},"end":{"line":53,"column":null}},"type":"cond-expr","locations":[{"start":{"line":53,"column":49},"end":{"line":53,"column":58}},{"start":{"line":53,"column":58},"end":{"line":53,"column":null}}],"line":53},"1":{"loc":{"start":{"line":55,"column":12},"end":{"line":57,"column":null}},"type":"cond-expr","locations":[{"start":{"line":56,"column":16},"end":{"line":56,"column":null}},{"start":{"line":57,"column":16},"end":{"line":57,"column":null}}],"line":55},"2":{"loc":{"start":{"line":83,"column":11},"end":{"line":90,"column":null}},"type":"cond-expr","locations":[{"start":{"line":84,"column":12},"end":{"line":89,"column":null}},{"start":{"line":90,"column":14},"end":{"line":90,"column":null}}],"line":83},"3":{"loc":{"start":{"line":111,"column":17},"end":{"line":111,"column":null}},"type":"cond-expr","locations":[{"start":{"line":111,"column":32},"end":{"line":111,"column":45}},{"start":{"line":111,"column":45},"end":{"line":111,"column":null}}],"line":111},"4":{"loc":{"start":{"line":134,"column":16},"end":{"line":134,"column":null}},"type":"cond-expr","locations":[{"start":{"line":134,"column":41},"end":{"line":134,"column":57}},{"start":{"line":134,"column":57},"end":{"line":134,"column":null}}],"line":134}},"s":{"0":1,"1":1,"2":1,"3":0,"4":0,"5":0,"6":0,"7":0,"8":0,"9":0,"10":0,"11":0,"12":0,"13":0,"14":0,"15":0,"16":0,"17":0,"18":0,"19":0,"20":0},"f":{"0":0,"1":0,"2":0,"3":0,"4":0,"5":0,"6":0,"7":0,"8":0,"9":0,"10":0,"11":0,"12":0,"13":0},"b":{"0":[0,0],"1":[0,0],"2":[0,0],"3":[0,0],"4":[0,0]},"meta":{"lastBranch":5,"lastFunction":14,"lastStatement":21,"seen":{"s:8:25:8:Infinity":0,"s:11:2:11:Infinity":1,"s:13:26:13:Infinity":2,"f:20:9:20:16":0,"s:21:2:36:Infinity":3,"f:40:9:40:15":1,"s:41:2:62:Infinity":4,"f:48:29:48:30":2,"s:49:8:60:Infinity":5,"b:53:49:53:58:53:58:53:Infinity":0,"b:56:16:56:Infinity:57:16:57:Infinity":1,"f:59:19:59:25":3,"s:59:25:59:Infinity":6,"f:74:9:74:23":4,"s:75:2:117:Infinity":7,"b:84:12:89:Infinity:90:14:90:Infinity":2,"f:98:24:98:25":5,"s:98:31:98:Infinity":8,"b:111:32:111:45:111:45:111:Infinity":3,"f:121:9:121:20":6,"s:122:2:147:Infinity":9,"f:129:32:129:33":7,"s:130:12:137:Infinity":10,"b:134:41:134:57:134:57:134:Infinity":4,"f:151:24:151:31":8,"s:152:38:152:Infinity":11,"s:154:2:160:Infinity":12,"f:154:12:154:18":9,"s:155:21:157:Infinity":13,"f:155:33:155:39":10,"s:156:6:156:Infinity":14,"f:156:22:156:23":11,"s:156:23:156:68":15,"s:159:4:159:Infinity":16,"f:159:11:159:17":12,"s:159:17:159:Infinity":17,"s:162:25:164:Infinity":18,"f:162:25:162:26":13,"s:163:4:163:Infinity":19,"s:166:2:170:Infinity":20}}}
,"/home/sixlordz/Documents/school/Cos-301/Vantage-Point/frontend/src/landing/lol-wallpapers/arcane-vi-5k-arcane-5120x2880-20145.webp": {"path":"/home/sixlordz/Documents/school/Cos-301/Vantage-Point/frontend/src/landing/lol-wallpapers/arcane-vi-5k-arcane-5120x2880-20145.webp","statementMap":{},"fnMap":{},"branchMap":{},"s":{},"f":{},"b":{},"meta":{"lastBranch":0,"lastFunction":0,"lastStatement":0,"seen":{}}}
,"/home/sixlordz/Documents/school/Cos-301/Vantage-Point/frontend/src/landing/lol-wallpapers/backgrounds.ts": {"path":"/home/sixlordz/Documents/school/Cos-301/Vantage-Point/frontend/src/landing/lol-wallpapers/backgrounds.ts","statementMap":{"0":{"start":{"line":1,"column":62},"end":{"line":4,"column":null}},"1":{"start":{"line":7,"column":39},"end":{"line":9,"column":null}},"2":{"start":{"line":9,"column":17},"end":{"line":9,"column":39}},"3":{"start":{"line":11,"column":35},"end":{"line":13,"column":null}},"4":{"start":{"line":12,"column":16},"end":{"line":12,"column":null}}},"fnMap":{"0":{"name":"(anonymous_0)","decl":{"start":{"line":9,"column":7},"end":{"line":9,"column":8}},"loc":{"start":{"line":9,"column":17},"end":{"line":9,"column":39}},"line":9},"1":{"name":"(anonymous_1)","decl":{"start":{"line":12,"column":2},"end":{"line":12,"column":3}},"loc":{"start":{"line":12,"column":16},"end":{"line":12,"column":null}},"line":12}},"branchMap":{},"s":{"0":1,"1":1,"2":16,"3":1,"4":16},"f":{"0":16,"1":16},"b":{},"meta":{"lastBranch":0,"lastFunction":2,"lastStatement":5,"seen":{"s:1:62:4:Infinity":0,"s:7:39:9:Infinity":1,"f:9:7:9:8":0,"s:9:17:9:39":2,"s:11:35:13:Infinity":3,"f:12:2:12:3":1,"s:12:16:12:Infinity":4}}}
,"/home/sixlordz/Documents/school/Cos-301/Vantage-Point/frontend/src/landing/lol-wallpapers/caitlyn-lol-arcane-7680x4320-14457.webp": {"path":"/home/sixlordz/Documents/school/Cos-301/Vantage-Point/frontend/src/landing/lol-wallpapers/caitlyn-lol-arcane-7680x4320-14457.webp","statementMap":{},"fnMap":{},"branchMap":{},"s":{},"f":{},"b":{},"meta":{"lastBranch":0,"lastFunction":0,"lastStatement":0,"seen":{}}}
,"/home/sixlordz/Documents/school/Cos-301/Vantage-Point/frontend/src/landing/lol-wallpapers/jinx-arcane-league-of-legends-3840x2160-7258.webp": {"path":"/home/sixlordz/Documents/school/Cos-301/Vantage-Point/frontend/src/landing/lol-wallpapers/jinx-arcane-league-of-legends-3840x2160-7258.webp","statementMap":{},"fnMap":{},"branchMap":{},"s":{},"f":{},"b":{},"meta":{"lastBranch":0,"lastFunction":0,"lastStatement":0,"seen":{}}}
,"/home/sixlordz/Documents/school/Cos-301/Vantage-Point/frontend/src/landing/lol-wallpapers/jinx-arcane-league-of-legends-netflix-series-animated-5120x2880-6973.webp": {"path":"/home/sixlordz/Documents/school/Cos-301/Vantage-Point/frontend/src/landing/lol-wallpapers/jinx-arcane-league-of-legends-netflix-series-animated-5120x2880-6973.webp","statementMap":{},"fnMap":{},"branchMap":{},"s":{},"f":{},"b":{},"meta":{"lastBranch":0,"lastFunction":0,"lastStatement":0,"seen":{}}}
,"/home/sixlordz/Documents/school/Cos-301/Vantage-Point/frontend/src/landing/lol-wallpapers/jinx-arcane-pubg-7680x4320-19303.webp": {"path":"/home/sixlordz/Documents/school/Cos-301/Vantage-Point/frontend/src/landing/lol-wallpapers/jinx-arcane-pubg-7680x4320-19303.webp","statementMap":{},"fnMap":{},"branchMap":{},"s":{},"f":{},"b":{},"meta":{"lastBranch":0,"lastFunction":0,"lastStatement":0,"seen":{}}}
,"/home/sixlordz/Documents/school/Cos-301/Vantage-Point/frontend/src/landing/lol-wallpapers/jinx-bgmi-pubg-arcane-crossover-5k-2022-games-5120x2880-7318.webp": {"path":"/home/sixlordz/Documents/school/Cos-301/Vantage-Point/frontend/src/landing/lol-wallpapers/jinx-bgmi-pubg-arcane-crossover-5k-2022-games-5120x2880-7318.webp","statementMap":{},"fnMap":{},"branchMap":{},"s":{},"f":{},"b":{},"meta":{"lastBranch":0,"lastFunction":0,"lastStatement":0,"seen":{}}}
,"/home/sixlordz/Documents/school/Cos-301/Vantage-Point/frontend/src/landing/lol-wallpapers/jinx-graffiti-5120x2880-19975.webp": {"path":"/home/sixlordz/Documents/school/Cos-301/Vantage-Point/frontend/src/landing/lol-wallpapers/jinx-graffiti-5120x2880-19975.webp","statementMap":{},"fnMap":{},"branchMap":{},"s":{},"f":{},"b":{},"meta":{"lastBranch":0,"lastFunction":0,"lastStatement":0,"seen":{}}}
,"/home/sixlordz/Documents/school/Cos-301/Vantage-Point/frontend/src/landing/lol-wallpapers/jinx-pink-aesthetic-5120x2880-20141.webp": {"path":"/home/sixlordz/Documents/school/Cos-301/Vantage-Point/frontend/src/landing/lol-wallpapers/jinx-pink-aesthetic-5120x2880-20141.webp","statementMap":{},"fnMap":{},"branchMap":{},"s":{},"f":{},"b":{},"meta":{"lastBranch":0,"lastFunction":0,"lastStatement":0,"seen":{}}}
,"/home/sixlordz/Documents/school/Cos-301/Vantage-Point/frontend/src/landing/lol-wallpapers/jinx-poster-arcane-5120x2880-19991.webp": {"path":"/home/sixlordz/Documents/school/Cos-301/Vantage-Point/frontend/src/landing/lol-wallpapers/jinx-poster-arcane-5120x2880-19991.webp","statementMap":{},"fnMap":{},"branchMap":{},"s":{},"f":{},"b":{},"meta":{"lastBranch":0,"lastFunction":0,"lastStatement":0,"seen":{}}}
,"/home/sixlordz/Documents/school/Cos-301/Vantage-Point/frontend/src/landing/lol-wallpapers/jinx-vi-arcane-5k-5120x2880-19980.webp": {"path":"/home/sixlordz/Documents/school/Cos-301/Vantage-Point/frontend/src/landing/lol-wallpapers/jinx-vi-arcane-5k-5120x2880-19980.webp","statementMap":{},"fnMap":{},"branchMap":{},"s":{},"f":{},"b":{},"meta":{"lastBranch":0,"lastFunction":0,"lastStatement":0,"seen":{}}}
,"/home/sixlordz/Documents/school/Cos-301/Vantage-Point/frontend/src/landing/lol-wallpapers/league-of-legends-3840x2160-13979.webp": {"path":"/home/sixlordz/Documents/school/Cos-301/Vantage-Point/frontend/src/landing/lol-wallpapers/league-of-legends-3840x2160-13979.webp","statementMap":{},"fnMap":{},"branchMap":{},"s":{},"f":{},"b":{},"meta":{"lastBranch":0,"lastFunction":0,"lastStatement":0,"seen":{}}}
,"/home/sixlordz/Documents/school/Cos-301/Vantage-Point/frontend/src/landing/lol-wallpapers/league-of-legends-7914x5093-10564.webp": {"path":"/home/sixlordz/Documents/school/Cos-301/Vantage-Point/frontend/src/landing/lol-wallpapers/league-of-legends-7914x5093-10564.webp","statementMap":{},"fnMap":{},"branchMap":{},"s":{},"f":{},"b":{},"meta":{"lastBranch":0,"lastFunction":0,"lastStatement":0,"seen":{}}}
,"/home/sixlordz/Documents/school/Cos-301/Vantage-Point/frontend/src/landing/lol-wallpapers/prestige-commander-4096x2306-19750.webp": {"path":"/home/sixlordz/Documents/school/Cos-301/Vantage-Point/frontend/src/landing/lol-wallpapers/prestige-commander-4096x2306-19750.webp","statementMap":{},"fnMap":{},"branchMap":{},"s":{},"f":{},"b":{},"meta":{"lastBranch":0,"lastFunction":0,"lastStatement":0,"seen":{}}}
,"/home/sixlordz/Documents/school/Cos-301/Vantage-Point/frontend/src/landing/lol-wallpapers/samira-league-of-legends-2021-games-3840x2166-5811.webp": {"path":"/home/sixlordz/Documents/school/Cos-301/Vantage-Point/frontend/src/landing/lol-wallpapers/samira-league-of-legends-2021-games-3840x2166-5811.webp","statementMap":{},"fnMap":{},"branchMap":{},"s":{},"f":{},"b":{},"meta":{"lastBranch":0,"lastFunction":0,"lastStatement":0,"seen":{}}}
,"/home/sixlordz/Documents/school/Cos-301/Vantage-Point/frontend/src/landing/lol-wallpapers/samira-league-of-legends-3840x2266-10563.webp": {"path":"/home/sixlordz/Documents/school/Cos-301/Vantage-Point/frontend/src/landing/lol-wallpapers/samira-league-of-legends-3840x2266-10563.webp","statementMap":{},"fnMap":{},"branchMap":{},"s":{},"f":{},"b":{},"meta":{"lastBranch":0,"lastFunction":0,"lastStatement":0,"seen":{}}}
,"/home/sixlordz/Documents/school/Cos-301/Vantage-Point/frontend/src/landing/lol-wallpapers/vi-pubg-mobile-league-of-legends-5k-2022-games-5120x2880-7244.webp": {"path":"/home/sixlordz/Documents/school/Cos-301/Vantage-Point/frontend/src/landing/lol-wallpapers/vi-pubg-mobile-league-of-legends-5k-2022-games-5120x2880-7244.webp","statementMap":{},"fnMap":{},"branchMap":{},"s":{},"f":{},"b":{},"meta":{"lastBranch":0,"lastFunction":0,"lastStatement":0,"seen":{}}}
}
