{"/home/sixlordz/Documents/school/Cos-301/Vantage-Point/frontend/src/landing/app/App.tsx": {"path":"/home/sixlordz/Documents/school/Cos-301/Vantage-Point/frontend/src/landing/app/App.tsx","statementMap":{"0":{"start":{"line":5,"column":2},"end":{"line":5,"column":null}}},"fnMap":{"0":{"name":"App","decl":{"start":{"line":4,"column":24},"end":{"line":4,"column":30}},"loc":{"start":{"line":4,"column":30},"end":{"line":6,"column":null}},"line":4}},"branchMap":{},"s":{"0":1},"f":{"0":1},"b":{},"meta":{"lastBranch":0,"lastFunction":1,"lastStatement":1,"seen":{"f:4:24:4:30":0,"s:5:2:5:Infinity":0}}}
,"/home/sixlordz/Documents/school/Cos-301/Vantage-Point/frontend/src/landing/app/routes.ts": {"path":"/home/sixlordz/Documents/school/Cos-301/Vantage-Point/frontend/src/landing/app/routes.ts","statementMap":{"0":{"start":{"line":9,"column":13},"end":{"line":34,"column":null}}},"fnMap":{},"branchMap":{},"s":{"0":1},"f":{},"b":{},"meta":{"lastBranch":0,"lastFunction":0,"lastStatement":1,"seen":{"s:9:13:34:Infinity":0}}}
,"/home/sixlordz/Documents/school/Cos-301/Vantage-Point/frontend/src/landing/app/api/match.ts": {"path":"/home/sixlordz/Documents/school/Cos-301/Vantage-Point/frontend/src/landing/app/api/match.ts","statementMap":{"0":{"start":{"line":4,"column":22},"end":{"line":4,"column":null}},"1":{"start":{"line":7,"column":2},"end":{"line":9,"column":null}},"2":{"start":{"line":8,"column":4},"end":{"line":8,"column":null}},"3":{"start":{"line":16,"column":2},"end":{"line":16,"column":null}},"4":{"start":{"line":17,"column":2},"end":{"line":17,"column":null}}},"fnMap":{"0":{"name":"delay","decl":{"start":{"line":6,"column":9},"end":{"line":6,"column":15}},"loc":{"start":{"line":6,"column":42},"end":{"line":10,"column":null}},"line":6},"1":{"name":"(anonymous_1)","decl":{"start":{"line":7,"column":21},"end":{"line":7,"column":22}},"loc":{"start":{"line":7,"column":34},"end":{"line":9,"column":3}},"line":7},"2":{"name":"fetchMatchDetail","decl":{"start":{"line":12,"column":22},"end":{"line":12,"column":null}},"loc":{"start":{"line":15,"column":24},"end":{"line":18,"column":null}},"line":15}},"branchMap":{},"s":{"0":1,"1":0,"2":0,"3":0,"4":0},"f":{"0":0,"1":0,"2":0},"b":{},"meta":{"lastBranch":0,"lastFunction":3,"lastStatement":5,"seen":{"s:4:22:4:Infinity":0,"f:6:9:6:15":0,"s:7:2:9:Infinity":1,"f:7:21:7:22":1,"s:8:4:8:Infinity":2,"f:12:22:12:Infinity":2,"s:16:2:16:Infinity":3,"s:17:2:17:Infinity":4}}}
,"/home/sixlordz/Documents/school/Cos-301/Vantage-Point/frontend/src/landing/app/assets/profile/icon-lightning-bolt.png": {"path":"/home/sixlordz/Documents/school/Cos-301/Vantage-Point/frontend/src/landing/app/assets/profile/icon-lightning-bolt.png","statementMap":{},"fnMap":{},"branchMap":{},"s":{},"f":{},"b":{},"meta":{"lastBranch":0,"lastFunction":0,"lastStatement":0,"seen":{}}}
,"/home/sixlordz/Documents/school/Cos-301/Vantage-Point/frontend/src/landing/app/assets/profile/icon-time-machine.png": {"path":"/home/sixlordz/Documents/school/Cos-301/Vantage-Point/frontend/src/landing/app/assets/profile/icon-time-machine.png","statementMap":{},"fnMap":{},"branchMap":{},"s":{},"f":{},"b":{},"meta":{"lastBranch":0,"lastFunction":0,"lastStatement":0,"seen":{}}}
,"/home/sixlordz/Documents/school/Cos-301/Vantage-Point/frontend/src/landing/app/assets/profile/index.ts": {"path":"/home/sixlordz/Documents/school/Cos-301/Vantage-Point/frontend/src/landing/app/assets/profile/index.ts","statementMap":{},"fnMap":{},"branchMap":{},"s":{},"f":{},"b":{},"meta":{"lastBranch":0,"lastFunction":0,"lastStatement":0,"seen":{}}}
,"/home/sixlordz/Documents/school/Cos-301/Vantage-Point/frontend/src/landing/app/assets/profile/league-wild-rift-card.png": {"path":"/home/sixlordz/Documents/school/Cos-301/Vantage-Point/frontend/src/landing/app/assets/profile/league-wild-rift-card.png","statementMap":{},"fnMap":{},"branchMap":{},"s":{},"f":{},"b":{},"meta":{"lastBranch":0,"lastFunction":0,"lastStatement":0,"seen":{}}}
,"/home/sixlordz/Documents/school/Cos-301/Vantage-Point/frontend/src/landing/app/assets/profile/league-wild-rift-cover.png": {"path":"/home/sixlordz/Documents/school/Cos-301/Vantage-Point/frontend/src/landing/app/assets/profile/league-wild-rift-cover.png","statementMap":{},"fnMap":{},"branchMap":{},"s":{},"f":{},"b":{},"meta":{"lastBranch":0,"lastFunction":0,"lastStatement":0,"seen":{}}}
,"/home/sixlordz/Documents/school/Cos-301/Vantage-Point/frontend/src/landing/app/components/DashboardPage.tsx": {"path":"/home/sixlordz/Documents/school/Cos-301/Vantage-Point/frontend/src/landing/app/components/DashboardPage.tsx","statementMap":{"0":{"start":{"line":8,"column":8},"end":{"line":8,"column":null}},"1":{"start":{"line":9,"column":38},"end":{"line":9,"column":null}},"2":{"start":{"line":10,"column":44},"end":{"line":10,"column":null}},"3":{"start":{"line":11,"column":34},"end":{"line":11,"column":null}},"4":{"start":{"line":13,"column":23},"end":{"line":13,"column":null}},"5":{"start":{"line":14,"column":22},"end":{"line":14,"column":null}},"6":{"start":{"line":16,"column":2},"end":{"line":22,"column":null}},"7":{"start":{"line":17,"column":4},"end":{"line":21,"column":null}},"8":{"start":{"line":18,"column":6},"end":{"line":18,"column":null}},"9":{"start":{"line":20,"column":6},"end":{"line":20,"column":null}},"10":{"start":{"line":24,"column":2},"end":{"line":30,"column":null}},"11":{"start":{"line":25,"column":4},"end":{"line":29,"column":null}},"12":{"start":{"line":26,"column":6},"end":{"line":26,"column":null}},"13":{"start":{"line":27,"column":4},"end":{"line":29,"column":null}},"14":{"start":{"line":28,"column":6},"end":{"line":28,"column":null}},"15":{"start":{"line":32,"column":23},"end":{"line":34,"column":null}},"16":{"start":{"line":33,"column":4},"end":{"line":33,"column":null}},"17":{"start":{"line":36,"column":8},"end":{"line":42,"column":null}},"18":{"start":{"line":38,"column":6},"end":{"line":38,"column":null}},"19":{"start":{"line":39,"column":6},"end":{"line":39,"column":null}},"20":{"start":{"line":44,"column":8},"end":{"line":49,"column":null}},"21":{"start":{"line":45,"column":4},"end":{"line":45,"column":null}},"22":{"start":{"line":46,"column":17},"end":{"line":46,"column":null}},"23":{"start":{"line":47,"column":4},"end":{"line":47,"column":null}},"24":{"start":{"line":48,"column":4},"end":{"line":48,"column":null}},"25":{"start":{"line":51,"column":2},"end":{"line":62,"column":null}},"26":{"start":{"line":59,"column":30},"end":{"line":59,"column":null}},"27":{"start":{"line":60,"column":32},"end":{"line":60,"column":null}}},"fnMap":{"0":{"name":"DashboardPage","decl":{"start":{"line":7,"column":24},"end":{"line":7,"column":40}},"loc":{"start":{"line":7,"column":40},"end":{"line":64,"column":null}},"line":7},"1":{"name":"(anonymous_1)","decl":{"start":{"line":16,"column":12},"end":{"line":16,"column":18}},"loc":{"start":{"line":16,"column":18},"end":{"line":22,"column":5}},"line":16},"2":{"name":"(anonymous_2)","decl":{"start":{"line":24,"column":12},"end":{"line":24,"column":18}},"loc":{"start":{"line":24,"column":18},"end":{"line":30,"column":5}},"line":24},"3":{"name":"(anonymous_3)","decl":{"start":{"line":32,"column":23},"end":{"line":32,"column":29}},"loc":{"start":{"line":32,"column":29},"end":{"line":34,"column":null}},"line":32},"4":{"name":"(anonymous_4)","decl":{"start":{"line":37,"column":4},"end":{"line":37,"column":5}},"loc":{"start":{"line":37,"column":25},"end":{"line":40,"column":null}},"line":37},"5":{"name":"(anonymous_5)","decl":{"start":{"line":44,"column":38},"end":{"line":44,"column":44}},"loc":{"start":{"line":44,"column":44},"end":{"line":49,"column":5}},"line":44},"6":{"name":"(anonymous_6)","decl":{"start":{"line":59,"column":24},"end":{"line":59,"column":30}},"loc":{"start":{"line":59,"column":30},"end":{"line":59,"column":null}},"line":59},"7":{"name":"(anonymous_7)","decl":{"start":{"line":60,"column":26},"end":{"line":60,"column":32}},"loc":{"start":{"line":60,"column":32},"end":{"line":60,"column":null}},"line":60}},"branchMap":{"0":{"loc":{"start":{"line":17,"column":4},"end":{"line":21,"column":null}},"type":"if","locations":[{"start":{"line":17,"column":4},"end":{"line":21,"column":null}},{"start":{"line":19,"column":11},"end":{"line":21,"column":null}}],"line":17},"1":{"loc":{"start":{"line":25,"column":4},"end":{"line":29,"column":null}},"type":"if","locations":[{"start":{"line":25,"column":4},"end":{"line":29,"column":null}},{"start":{"line":27,"column":4},"end":{"line":29,"column":null}}],"line":25},"2":{"loc":{"start":{"line":27,"column":4},"end":{"line":29,"column":null}},"type":"if","locations":[{"start":{"line":27,"column":4},"end":{"line":29,"column":null}},{"start":{},"end":{}}],"line":27}},"s":{"0":0,"1":0,"2":0,"3":0,"4":0,"5":0,"6":0,"7":0,"8":0,"9":0,"10":0,"11":0,"12":0,"13":0,"14":0,"15":0,"16":0,"17":0,"18":0,"19":0,"20":0,"21":0,"22":0,"23":0,"24":0,"25":0,"26":0,"27":0},"f":{"0":0,"1":0,"2":0,"3":0,"4":0,"5":0,"6":0,"7":0},"b":{"0":[0,0],"1":[0,0],"2":[0,0]},"meta":{"lastBranch":3,"lastFunction":8,"lastStatement":28,"seen":{"f:7:24:7:40":0,"s:8:8:8:Infinity":0,"s:9:38:9:Infinity":1,"s:10:44:10:Infinity":2,"s:11:34:11:Infinity":3,"s:13:23:13:Infinity":4,"s:14:22:14:Infinity":5,"s:16:2:22:Infinity":6,"f:16:12:16:18":1,"b:17:4:21:Infinity:19:11:21:Infinity":0,"s:17:4:21:Infinity":7,"s:18:6:18:Infinity":8,"s:20:6:20:Infinity":9,"s:24:2:30:Infinity":10,"f:24:12:24:18":2,"b:25:4:29:Infinity:27:4:29:Infinity":1,"s:25:4:29:Infinity":11,"s:26:6:26:Infinity":12,"b:27:4:29:Infinity:undefined:undefined:undefined:undefined":2,"s:27:4:29:Infinity":13,"s:28:6:28:Infinity":14,"s:32:23:34:Infinity":15,"f:32:23:32:29":3,"s:33:4:33:Infinity":16,"s:36:8:42:Infinity":17,"f:37:4:37:5":4,"s:38:6:38:Infinity":18,"s:39:6:39:Infinity":19,"s:44:8:49:Infinity":20,"f:44:38:44:44":5,"s:45:4:45:Infinity":21,"s:46:17:46:Infinity":22,"s:47:4:47:Infinity":23,"s:48:4:48:Infinity":24,"s:51:2:62:Infinity":25,"f:59:24:59:30":6,"s:59:30:59:Infinity":26,"f:60:26:60:32":7,"s:60:32:60:Infinity":27}}}
,"/home/sixlordz/Documents/school/Cos-301/Vantage-Point/frontend/src/landing/app/components/FeaturedGameCard.tsx": {"path":"/home/sixlordz/Documents/school/Cos-301/Vantage-Point/frontend/src/landing/app/components/FeaturedGameCard.tsx","statementMap":{"0":{"start":{"line":20,"column":2},"end":{"line":33,"column":null}},"1":{"start":{"line":40,"column":2},"end":{"line":40,"column":null}},"2":{"start":{"line":48,"column":2},"end":{"line":65,"column":null}},"3":{"start":{"line":74,"column":2},"end":{"line":115,"column":null}},"4":{"start":{"line":124,"column":2},"end":{"line":126,"column":null}},"5":{"start":{"line":125,"column":4},"end":{"line":125,"column":null}},"6":{"start":{"line":127,"column":2},"end":{"line":127,"column":null}}},"fnMap":{"0":{"name":"StatRow","decl":{"start":{"line":11,"column":9},"end":{"line":11,"column":17}},"loc":{"start":{"line":19,"column":4},"end":{"line":35,"column":null}},"line":19},"1":{"name":"StatIconLucide","decl":{"start":{"line":37,"column":9},"end":{"line":37,"column":24}},"loc":{"start":{"line":39,"column":38},"end":{"line":41,"column":null}},"line":39},"2":{"name":"FeaturedGameCardClosed","decl":{"start":{"line":44,"column":9},"end":{"line":44,"column":32}},"loc":{"start":{"line":47,"column":66},"end":{"line":67,"column":null}},"line":47},"3":{"name":"FeaturedGameCardOpen","decl":{"start":{"line":70,"column":9},"end":{"line":70,"column":30}},"loc":{"start":{"line":73,"column":66},"end":{"line":117,"column":null}},"line":73},"4":{"name":"FeaturedGameCard","decl":{"start":{"line":119,"column":24},"end":{"line":119,"column":41}},"loc":{"start":{"line":123,"column":36},"end":{"line":128,"column":null}},"line":123}},"branchMap":{"0":{"loc":{"start":{"line":57,"column":15},"end":{"line":57,"column":null}},"type":"binary-expr","locations":[{"start":{"line":57,"column":15},"end":{"line":57,"column":39}},{"start":{"line":57,"column":39},"end":{"line":57,"column":null}}],"line":57},"1":{"loc":{"start":{"line":124,"column":2},"end":{"line":126,"column":null}},"type":"if","locations":[{"start":{"line":124,"column":2},"end":{"line":126,"column":null}},{"start":{},"end":{}}],"line":124}},"s":{"0":0,"1":0,"2":0,"3":0,"4":0,"5":0,"6":0},"f":{"0":0,"1":0,"2":0,"3":0,"4":0},"b":{"0":[0,0],"1":[0,0]},"meta":{"lastBranch":2,"lastFunction":5,"lastStatement":7,"seen":{"f:11:9:11:17":0,"s:20:2:33:Infinity":0,"f:37:9:37:24":1,"s:40:2:40:Infinity":1,"f:44:9:44:32":2,"s:48:2:65:Infinity":2,"b:57:15:57:39:57:39:57:Infinity":0,"f:70:9:70:30":3,"s:74:2:115:Infinity":3,"f:119:24:119:41":4,"b:124:2:126:Infinity:undefined:undefined:undefined:undefined":1,"s:124:2:126:Infinity":4,"s:125:4:125:Infinity":5,"s:127:2:127:Infinity":6}}}
,"/home/sixlordz/Documents/school/Cos-301/Vantage-Point/frontend/src/landing/app/components/LandingPage.tsx": {"path":"/home/sixlordz/Documents/school/Cos-301/Vantage-Point/frontend/src/landing/app/components/LandingPage.tsx","statementMap":{"0":{"start":{"line":4,"column":2},"end":{"line":7,"column":null}}},"fnMap":{"0":{"name":"LandingPage","decl":{"start":{"line":3,"column":24},"end":{"line":3,"column":38}},"loc":{"start":{"line":3,"column":38},"end":{"line":9,"column":null}},"line":3}},"branchMap":{},"s":{"0":1},"f":{"0":1},"b":{},"meta":{"lastBranch":0,"lastFunction":1,"lastStatement":1,"seen":{"f:3:24:3:38":0,"s:4:2:7:Infinity":0}}}
,"/home/sixlordz/Documents/school/Cos-301/Vantage-Point/frontend/src/landing/app/components/LoginPage.tsx": {"path":"/home/sixlordz/Documents/school/Cos-301/Vantage-Point/frontend/src/landing/app/components/LoginPage.tsx","statementMap":{"0":{"start":{"line":4,"column":2},"end":{"line":7,"column":null}}},"fnMap":{"0":{"name":"LoginPage","decl":{"start":{"line":3,"column":24},"end":{"line":3,"column":36}},"loc":{"start":{"line":3,"column":36},"end":{"line":9,"column":null}},"line":3}},"branchMap":{},"s":{"0":0},"f":{"0":0},"b":{},"meta":{"lastBranch":0,"lastFunction":1,"lastStatement":1,"seen":{"f:3:24:3:36":0,"s:4:2:7:Infinity":0}}}
,"/home/sixlordz/Documents/school/Cos-301/Vantage-Point/frontend/src/landing/app/components/MatchDetailView.tsx": {"path":"/home/sixlordz/Documents/school/Cos-301/Vantage-Point/frontend/src/landing/app/components/MatchDetailView.tsx","statementMap":{"0":{"start":{"line":28,"column":15},"end":{"line":28,"column":null}},"1":{"start":{"line":29,"column":15},"end":{"line":29,"column":null}},"2":{"start":{"line":30,"column":2},"end":{"line":30,"column":null}},"3":{"start":{"line":34,"column":2},"end":{"line":37,"column":null}},"4":{"start":{"line":41,"column":2},"end":{"line":41,"column":null}},"5":{"start":{"line":41,"column":17},"end":{"line":41,"column":null}},"6":{"start":{"line":42,"column":2},"end":{"line":42,"column":null}},"7":{"start":{"line":49,"column":2},"end":{"line":54,"column":null}},"8":{"start":{"line":50,"column":18},"end":{"line":52,"column":null}},"9":{"start":{"line":51,"column":13},"end":{"line":51,"column":null}},"10":{"start":{"line":53,"column":4},"end":{"line":53,"column":null}},"11":{"start":{"line":53,"column":15},"end":{"line":53,"column":null}},"12":{"start":{"line":55,"column":2},"end":{"line":55,"column":null}},"13":{"start":{"line":59,"column":2},"end":{"line":67,"column":null}},"14":{"start":{"line":74,"column":2},"end":{"line":153,"column":null}},"15":{"start":{"line":115,"column":18},"end":{"line":115,"column":null}},"16":{"start":{"line":116,"column":12},"end":{"line":129,"column":null}},"17":{"start":{"line":133,"column":18},"end":{"line":133,"column":null}},"18":{"start":{"line":134,"column":12},"end":{"line":141,"column":null}},"19":{"start":{"line":135,"column":14},"end":{"line":139,"column":null}},"20":{"start":{"line":142,"column":12},"end":{"line":148,"column":null}},"21":{"start":{"line":161,"column":20},"end":{"line":161,"column":null}},"22":{"start":{"line":163,"column":2},"end":{"line":201,"column":null}},"23":{"start":{"line":196,"column":14},"end":{"line":196,"column":null}},"24":{"start":{"line":206,"column":75},"end":{"line":212,"column":null}},"25":{"start":{"line":214,"column":2},"end":{"line":236,"column":null}},"26":{"start":{"line":217,"column":8},"end":{"line":234,"column":null}},"27":{"start":{"line":226,"column":14},"end":{"line":231,"column":null}},"28":{"start":{"line":241,"column":2},"end":{"line":261,"column":null}},"29":{"start":{"line":244,"column":8},"end":{"line":259,"column":null}},"30":{"start":{"line":250,"column":14},"end":{"line":256,"column":null}},"31":{"start":{"line":271,"column":24},"end":{"line":271,"column":null}},"32":{"start":{"line":272,"column":28},"end":{"line":272,"column":null}},"33":{"start":{"line":273,"column":24},"end":{"line":273,"column":null}},"34":{"start":{"line":275,"column":22},"end":{"line":275,"column":null}},"35":{"start":{"line":276,"column":23},"end":{"line":276,"column":null}},"36":{"start":{"line":278,"column":2},"end":{"line":310,"column":null}},"37":{"start":{"line":279,"column":4},"end":{"line":283,"column":null}},"38":{"start":{"line":280,"column":6},"end":{"line":280,"column":null}},"39":{"start":{"line":281,"column":6},"end":{"line":281,"column":null}},"40":{"start":{"line":282,"column":6},"end":{"line":282,"column":null}},"41":{"start":{"line":285,"column":20},"end":{"line":285,"column":null}},"42":{"start":{"line":286,"column":4},"end":{"line":286,"column":null}},"43":{"start":{"line":287,"column":4},"end":{"line":287,"column":null}},"44":{"start":{"line":288,"column":4},"end":{"line":288,"column":null}},"45":{"start":{"line":290,"column":4},"end":{"line":305,"column":null}},"46":{"start":{"line":292,"column":8},"end":{"line":298,"column":null}},"47":{"start":{"line":293,"column":10},"end":{"line":297,"column":null}},"48":{"start":{"line":294,"column":12},"end":{"line":294,"column":null}},"49":{"start":{"line":296,"column":12},"end":{"line":296,"column":null}},"50":{"start":{"line":301,"column":8},"end":{"line":301,"column":null}},"51":{"start":{"line":301,"column":24},"end":{"line":301,"column":null}},"52":{"start":{"line":304,"column":8},"end":{"line":304,"column":null}},"53":{"start":{"line":304,"column":24},"end":{"line":304,"column":null}},"54":{"start":{"line":307,"column":4},"end":{"line":309,"column":null}},"55":{"start":{"line":308,"column":6},"end":{"line":308,"column":null}},"56":{"start":{"line":312,"column":17},"end":{"line":312,"column":null}},"57":{"start":{"line":313,"column":22},"end":{"line":317,"column":null}},"58":{"start":{"line":318,"column":22},"end":{"line":320,"column":null}},"59":{"start":{"line":322,"column":19},"end":{"line":322,"column":null}},"60":{"start":{"line":322,"column":44},"end":{"line":322,"column":61}},"61":{"start":{"line":323,"column":18},"end":{"line":323,"column":null}},"62":{"start":{"line":323,"column":43},"end":{"line":323,"column":60}},"63":{"start":{"line":325,"column":2},"end":{"line":421,"column":null}}},"fnMap":{"0":{"name":"formatDuration","decl":{"start":{"line":27,"column":9},"end":{"line":27,"column":24}},"loc":{"start":{"line":27,"column":49},"end":{"line":31,"column":null}},"line":27},"1":{"name":"formatGameDate","decl":{"start":{"line":33,"column":9},"end":{"line":33,"column":24}},"loc":{"start":{"line":33,"column":49},"end":{"line":38,"column":null}},"line":33},"2":{"name":"formatNumber","decl":{"start":{"line":40,"column":9},"end":{"line":40,"column":22}},"loc":{"start":{"line":40,"column":41},"end":{"line":43,"column":null}},"line":40},"3":{"name":"viewerParticipant","decl":{"start":{"line":45,"column":9},"end":{"line":45,"column":null}},"loc":{"start":{"line":48,"column":33},"end":{"line":56,"column":null}},"line":48},"4":{"name":"(anonymous_4)","decl":{"start":{"line":51,"column":6},"end":{"line":51,"column":7}},"loc":{"start":{"line":51,"column":13},"end":{"line":51,"column":null}},"line":51},"5":{"name":"LoadingSkeleton","decl":{"start":{"line":58,"column":9},"end":{"line":58,"column":27}},"loc":{"start":{"line":58,"column":27},"end":{"line":69,"column":null}},"line":58},"6":{"name":"ParticipantRow","decl":{"start":{"line":71,"column":9},"end":{"line":71,"column":24}},"loc":{"start":{"line":73,"column":44},"end":{"line":155,"column":null}},"line":73},"7":{"name":"(anonymous_7)","decl":{"start":{"line":114,"column":38},"end":{"line":114,"column":39}},"loc":{"start":{"line":114,"column":51},"end":{"line":131,"column":11}},"line":114},"8":{"name":"(anonymous_8)","decl":{"start":{"line":132,"column":28},"end":{"line":132,"column":29}},"loc":{"start":{"line":132,"column":43},"end":{"line":150,"column":11}},"line":132},"9":{"name":"TeamScoreboard","decl":{"start":{"line":157,"column":9},"end":{"line":157,"column":24}},"loc":{"start":{"line":160,"column":54},"end":{"line":203,"column":null}},"line":160},"10":{"name":"(anonymous_10)","decl":{"start":{"line":195,"column":35},"end":{"line":195,"column":36}},"loc":{"start":{"line":196,"column":14},"end":{"line":196,"column":null}},"line":196},"11":{"name":"ObjectivesRow","decl":{"start":{"line":205,"column":9},"end":{"line":205,"column":23}},"loc":{"start":{"line":205,"column":78},"end":{"line":238,"column":null}},"line":205},"12":{"name":"(anonymous_12)","decl":{"start":{"line":216,"column":17},"end":{"line":216,"column":18}},"loc":{"start":{"line":217,"column":8},"end":{"line":234,"column":null}},"line":217},"13":{"name":"(anonymous_13)","decl":{"start":{"line":225,"column":24},"end":{"line":225,"column":25}},"loc":{"start":{"line":226,"column":14},"end":{"line":231,"column":null}},"line":226},"14":{"name":"BansRow","decl":{"start":{"line":240,"column":9},"end":{"line":240,"column":17}},"loc":{"start":{"line":240,"column":72},"end":{"line":263,"column":null}},"line":240},"15":{"name":"(anonymous_15)","decl":{"start":{"line":243,"column":17},"end":{"line":243,"column":18}},"loc":{"start":{"line":244,"column":8},"end":{"line":259,"column":null}},"line":244},"16":{"name":"(anonymous_16)","decl":{"start":{"line":249,"column":27},"end":{"line":249,"column":28}},"loc":{"start":{"line":250,"column":14},"end":{"line":256,"column":null}},"line":250},"17":{"name":"MatchDetailView","decl":{"start":{"line":265,"column":24},"end":{"line":265,"column":40}},"loc":{"start":{"line":270,"column":35},"end":{"line":423,"column":null}},"line":270},"18":{"name":"(anonymous_18)","decl":{"start":{"line":278,"column":12},"end":{"line":278,"column":18}},"loc":{"start":{"line":278,"column":18},"end":{"line":310,"column":5}},"line":278},"19":{"name":"(anonymous_19)","decl":{"start":{"line":291,"column":12},"end":{"line":291,"column":13}},"loc":{"start":{"line":291,"column":22},"end":{"line":299,"column":7}},"line":291},"20":{"name":"(anonymous_20)","decl":{"start":{"line":300,"column":13},"end":{"line":300,"column":19}},"loc":{"start":{"line":300,"column":19},"end":{"line":302,"column":7}},"line":300},"21":{"name":"(anonymous_21)","decl":{"start":{"line":303,"column":15},"end":{"line":303,"column":21}},"loc":{"start":{"line":303,"column":21},"end":{"line":305,"column":7}},"line":303},"22":{"name":"(anonymous_22)","decl":{"start":{"line":307,"column":11},"end":{"line":307,"column":17}},"loc":{"start":{"line":307,"column":17},"end":{"line":309,"column":null}},"line":307},"23":{"name":"(anonymous_23)","decl":{"start":{"line":322,"column":37},"end":{"line":322,"column":38}},"loc":{"start":{"line":322,"column":44},"end":{"line":322,"column":61}},"line":322},"24":{"name":"(anonymous_24)","decl":{"start":{"line":323,"column":36},"end":{"line":323,"column":37}},"loc":{"start":{"line":323,"column":43},"end":{"line":323,"column":60}},"line":323}},"branchMap":{"0":{"loc":{"start":{"line":41,"column":2},"end":{"line":41,"column":null}},"type":"if","locations":[{"start":{"line":41,"column":2},"end":{"line":41,"column":null}},{"start":{},"end":{}}],"line":41},"1":{"loc":{"start":{"line":51,"column":13},"end":{"line":51,"column":null}},"type":"binary-expr","locations":[{"start":{"line":51,"column":13},"end":{"line":51,"column":29}},{"start":{"line":51,"column":29},"end":{"line":51,"column":44}},{"start":{"line":51,"column":44},"end":{"line":51,"column":null}}],"line":51},"2":{"loc":{"start":{"line":53,"column":4},"end":{"line":53,"column":null}},"type":"if","locations":[{"start":{"line":53,"column":4},"end":{"line":53,"column":null}},{"start":{},"end":{}}],"line":53},"3":{"loc":{"start":{"line":77,"column":8},"end":{"line":79,"column":null}},"type":"cond-expr","locations":[{"start":{"line":78,"column":12},"end":{"line":78,"column":null}},{"start":{"line":79,"column":12},"end":{"line":79,"column":null}}],"line":77},"4":{"loc":{"start":{"line":91,"column":15},"end":{"line":91,"column":null}},"type":"binary-expr","locations":[{"start":{"line":91,"column":15},"end":{"line":91,"column":33}},{"start":{"line":91,"column":33},"end":{"line":91,"column":null}}],"line":91},"5":{"loc":{"start":{"line":116,"column":19},"end":{"line":129,"column":null}},"type":"cond-expr","locations":[{"start":{"line":117,"column":14},"end":{"line":122,"column":null}},{"start":{"line":124,"column":14},"end":{"line":129,"column":null}}],"line":116},"6":{"loc":{"start":{"line":134,"column":12},"end":{"line":141,"column":null}},"type":"if","locations":[{"start":{"line":134,"column":12},"end":{"line":141,"column":null}},{"start":{},"end":{}}],"line":134},"7":{"loc":{"start":{"line":161,"column":20},"end":{"line":161,"column":null}},"type":"cond-expr","locations":[{"start":{"line":161,"column":43},"end":{"line":161,"column":62}},{"start":{"line":161,"column":62},"end":{"line":161,"column":null}}],"line":161},"8":{"loc":{"start":{"line":169,"column":12},"end":{"line":169,"column":null}},"type":"cond-expr","locations":[{"start":{"line":169,"column":23},"end":{"line":169,"column":55}},{"start":{"line":169,"column":55},"end":{"line":169,"column":null}}],"line":169},"9":{"loc":{"start":{"line":172,"column":11},"end":{"line":172,"column":null}},"type":"cond-expr","locations":[{"start":{"line":172,"column":22},"end":{"line":172,"column":34}},{"start":{"line":172,"column":34},"end":{"line":172,"column":null}}],"line":172},"10":{"loc":{"start":{"line":222,"column":13},"end":{"line":222,"column":51}},"type":"cond-expr","locations":[{"start":{"line":222,"column":36},"end":{"line":222,"column":45}},{"start":{"line":222,"column":45},"end":{"line":222,"column":51}}],"line":222},"11":{"loc":{"start":{"line":246,"column":13},"end":{"line":246,"column":51}},"type":"cond-expr","locations":[{"start":{"line":246,"column":36},"end":{"line":246,"column":45}},{"start":{"line":246,"column":45},"end":{"line":246,"column":51}}],"line":246},"12":{"loc":{"start":{"line":267,"column":2},"end":{"line":267,"column":null}},"type":"default-arg","locations":[{"start":{"line":267,"column":16},"end":{"line":267,"column":null}}],"line":267},"13":{"loc":{"start":{"line":275,"column":22},"end":{"line":275,"column":null}},"type":"cond-expr","locations":[{"start":{"line":275,"column":36},"end":{"line":275,"column":66}},{"start":{"line":275,"column":66},"end":{"line":275,"column":null}}],"line":275},"14":{"loc":{"start":{"line":276,"column":23},"end":{"line":276,"column":null}},"type":"cond-expr","locations":[{"start":{"line":276,"column":37},"end":{"line":276,"column":68}},{"start":{"line":276,"column":68},"end":{"line":276,"column":null}}],"line":276},"15":{"loc":{"start":{"line":279,"column":4},"end":{"line":283,"column":null}},"type":"if","locations":[{"start":{"line":279,"column":4},"end":{"line":283,"column":null}},{"start":{},"end":{}}],"line":279},"16":{"loc":{"start":{"line":292,"column":8},"end":{"line":298,"column":null}},"type":"if","locations":[{"start":{"line":292,"column":8},"end":{"line":298,"column":null}},{"start":{},"end":{}}],"line":292},"17":{"loc":{"start":{"line":293,"column":10},"end":{"line":297,"column":null}},"type":"if","locations":[{"start":{"line":293,"column":10},"end":{"line":297,"column":null}},{"start":{"line":295,"column":17},"end":{"line":297,"column":null}}],"line":293},"18":{"loc":{"start":{"line":301,"column":8},"end":{"line":301,"column":null}},"type":"if","locations":[{"start":{"line":301,"column":8},"end":{"line":301,"column":null}},{"start":{},"end":{}}],"line":301},"19":{"loc":{"start":{"line":304,"column":8},"end":{"line":304,"column":null}},"type":"if","locations":[{"start":{"line":304,"column":8},"end":{"line":304,"column":null}},{"start":{},"end":{}}],"line":304},"20":{"loc":{"start":{"line":312,"column":17},"end":{"line":312,"column":null}},"type":"cond-expr","locations":[{"start":{"line":312,"column":25},"end":{"line":312,"column":65}},{"start":{"line":312,"column":65},"end":{"line":312,"column":null}}],"line":312},"21":{"loc":{"start":{"line":313,"column":22},"end":{"line":317,"column":null}},"type":"cond-expr","locations":[{"start":{"line":314,"column":6},"end":{"line":316,"column":null}},{"start":{"line":317,"column":6},"end":{"line":317,"column":null}}],"line":313},"22":{"loc":{"start":{"line":314,"column":6},"end":{"line":316,"column":null}},"type":"cond-expr","locations":[{"start":{"line":315,"column":8},"end":{"line":315,"column":null}},{"start":{"line":316,"column":8},"end":{"line":316,"column":null}}],"line":314},"23":{"loc":{"start":{"line":318,"column":22},"end":{"line":320,"column":null}},"type":"cond-expr","locations":[{"start":{"line":319,"column":6},"end":{"line":319,"column":null}},{"start":{"line":320,"column":6},"end":{"line":320,"column":null}}],"line":318},"24":{"loc":{"start":{"line":345,"column":13},"end":{"line":346,"column":null}},"type":"binary-expr","locations":[{"start":{"line":345,"column":13},"end":{"line":345,"column":null}},{"start":{"line":346,"column":14},"end":{"line":346,"column":null}}],"line":345},"25":{"loc":{"start":{"line":348,"column":13},"end":{"line":349,"column":null}},"type":"binary-expr","locations":[{"start":{"line":348,"column":13},"end":{"line":348,"column":null}},{"start":{"line":349,"column":14},"end":{"line":349,"column":null}}],"line":348},"26":{"loc":{"start":{"line":351,"column":13},"end":{"line":385,"column":null}},"type":"binary-expr","locations":[{"start":{"line":351,"column":13},"end":{"line":351,"column":22}},{"start":{"line":351,"column":22},"end":{"line":351,"column":null}},{"start":{"line":352,"column":14},"end":{"line":385,"column":null}}],"line":351},"27":{"loc":{"start":{"line":387,"column":13},"end":{"line":388,"column":null}},"type":"binary-expr","locations":[{"start":{"line":387,"column":13},"end":{"line":387,"column":22}},{"start":{"line":387,"column":22},"end":{"line":387,"column":null}},{"start":{"line":388,"column":14},"end":{"line":388,"column":null}}],"line":387},"28":{"loc":{"start":{"line":393,"column":11},"end":{"line":393,"column":null}},"type":"binary-expr","locations":[{"start":{"line":393,"column":11},"end":{"line":393,"column":22}},{"start":{"line":393,"column":22},"end":{"line":393,"column":null}}],"line":393},"29":{"loc":{"start":{"line":394,"column":11},"end":{"line":397,"column":null}},"type":"binary-expr","locations":[{"start":{"line":394,"column":11},"end":{"line":394,"column":20}},{"start":{"line":394,"column":20},"end":{"line":394,"column":null}},{"start":{"line":395,"column":12},"end":{"line":397,"column":null}}],"line":394},"30":{"loc":{"start":{"line":399,"column":11},"end":{"line":417,"column":null}},"type":"binary-expr","locations":[{"start":{"line":399,"column":11},"end":{"line":399,"column":20}},{"start":{"line":399,"column":20},"end":{"line":399,"column":32}},{"start":{"line":399,"column":32},"end":{"line":399,"column":43}},{"start":{"line":399,"column":43},"end":{"line":399,"column":null}},{"start":{"line":400,"column":12},"end":{"line":417,"column":null}}],"line":399}},"s":{"0":0,"1":0,"2":0,"3":0,"4":0,"5":0,"6":0,"7":0,"8":0,"9":0,"10":0,"11":0,"12":0,"13":0,"14":0,"15":0,"16":0,"17":0,"18":0,"19":0,"20":0,"21":0,"22":0,"23":0,"24":0,"25":0,"26":0,"27":0,"28":0,"29":0,"30":0,"31":0,"32":0,"33":0,"34":0,"35":0,"36":0,"37":0,"38":0,"39":0,"40":0,"41":0,"42":0,"43":0,"44":0,"45":0,"46":0,"47":0,"48":0,"49":0,"50":0,"51":0,"52":0,"53":0,"54":0,"55":0,"56":0,"57":0,"58":0,"59":0,"60":0,"61":0,"62":0,"63":0},"f":{"0":0,"1":0,"2":0,"3":0,"4":0,"5":0,"6":0,"7":0,"8":0,"9":0,"10":0,"11":0,"12":0,"13":0,"14":0,"15":0,"16":0,"17":0,"18":0,"19":0,"20":0,"21":0,"22":0,"23":0,"24":0},"b":{"0":[0,0],"1":[0,0,0],"2":[0,0],"3":[0,0],"4":[0,0],"5":[0,0],"6":[0,0],"7":[0,0],"8":[0,0],"9":[0,0],"10":[0,0],"11":[0,0],"12":[0],"13":[0,0],"14":[0,0],"15":[0,0],"16":[0,0],"17":[0,0],"18":[0,0],"19":[0,0],"20":[0,0],"21":[0,0],"22":[0,0],"23":[0,0],"24":[0,0],"25":[0,0],"26":[0,0,0],"27":[0,0,0],"28":[0,0],"29":[0,0,0],"30":[0,0,0,0,0]},"meta":{"lastBranch":31,"lastFunction":25,"lastStatement":64,"seen":{"f:27:9:27:24":0,"s:28:15:28:Infinity":0,"s:29:15:29:Infinity":1,"s:30:2:30:Infinity":2,"f:33:9:33:24":1,"s:34:2:37:Infinity":3,"f:40:9:40:22":2,"b:41:2:41:Infinity:undefined:undefined:undefined:undefined":0,"s:41:2:41:Infinity":4,"s:41:17:41:Infinity":5,"s:42:2:42:Infinity":6,"f:45:9:45:Infinity":3,"s:49:2:54:Infinity":7,"s:50:18:52:Infinity":8,"f:51:6:51:7":4,"s:51:13:51:Infinity":9,"b:51:13:51:29:51:29:51:44:51:44:51:Infinity":1,"b:53:4:53:Infinity:undefined:undefined:undefined:undefined":2,"s:53:4:53:Infinity":10,"s:53:15:53:Infinity":11,"s:55:2:55:Infinity":12,"f:58:9:58:27":5,"s:59:2:67:Infinity":13,"f:71:9:71:24":6,"s:74:2:153:Infinity":14,"b:78:12:78:Infinity:79:12:79:Infinity":3,"b:91:15:91:33:91:33:91:Infinity":4,"f:114:38:114:39":7,"s:115:18:115:Infinity":15,"s:116:12:129:Infinity":16,"b:117:14:122:Infinity:124:14:129:Infinity":5,"f:132:28:132:29":8,"s:133:18:133:Infinity":17,"b:134:12:141:Infinity:undefined:undefined:undefined:undefined":6,"s:134:12:141:Infinity":18,"s:135:14:139:Infinity":19,"s:142:12:148:Infinity":20,"f:157:9:157:24":9,"s:161:20:161:Infinity":21,"b:161:43:161:62:161:62:161:Infinity":7,"s:163:2:201:Infinity":22,"b:169:23:169:55:169:55:169:Infinity":8,"b:172:22:172:34:172:34:172:Infinity":9,"f:195:35:195:36":10,"s:196:14:196:Infinity":23,"f:205:9:205:23":11,"s:206:75:212:Infinity":24,"s:214:2:236:Infinity":25,"f:216:17:216:18":12,"s:217:8:234:Infinity":26,"b:222:36:222:45:222:45:222:51":10,"f:225:24:225:25":13,"s:226:14:231:Infinity":27,"f:240:9:240:17":14,"s:241:2:261:Infinity":28,"f:243:17:243:18":15,"s:244:8:259:Infinity":29,"b:246:36:246:45:246:45:246:51":11,"f:249:27:249:28":16,"s:250:14:256:Infinity":30,"f:265:24:265:40":17,"b:267:16:267:Infinity":12,"s:271:24:271:Infinity":31,"s:272:28:272:Infinity":32,"s:273:24:273:Infinity":33,"s:275:22:275:Infinity":34,"b:275:36:275:66:275:66:275:Infinity":13,"s:276:23:276:Infinity":35,"b:276:37:276:68:276:68:276:Infinity":14,"s:278:2:310:Infinity":36,"f:278:12:278:18":18,"b:279:4:283:Infinity:undefined:undefined:undefined:undefined":15,"s:279:4:283:Infinity":37,"s:280:6:280:Infinity":38,"s:281:6:281:Infinity":39,"s:282:6:282:Infinity":40,"s:285:20:285:Infinity":41,"s:286:4:286:Infinity":42,"s:287:4:287:Infinity":43,"s:288:4:288:Infinity":44,"s:290:4:305:Infinity":45,"f:291:12:291:13":19,"b:292:8:298:Infinity:undefined:undefined:undefined:undefined":16,"s:292:8:298:Infinity":46,"b:293:10:297:Infinity:295:17:297:Infinity":17,"s:293:10:297:Infinity":47,"s:294:12:294:Infinity":48,"s:296:12:296:Infinity":49,"f:300:13:300:19":20,"b:301:8:301:Infinity:undefined:undefined:undefined:undefined":18,"s:301:8:301:Infinity":50,"s:301:24:301:Infinity":51,"f:303:15:303:21":21,"b:304:8:304:Infinity:undefined:undefined:undefined:undefined":19,"s:304:8:304:Infinity":52,"s:304:24:304:Infinity":53,"s:307:4:309:Infinity":54,"f:307:11:307:17":22,"s:308:6:308:Infinity":55,"s:312:17:312:Infinity":56,"b:312:25:312:65:312:65:312:Infinity":20,"s:313:22:317:Infinity":57,"b:314:6:316:Infinity:317:6:317:Infinity":21,"b:315:8:315:Infinity:316:8:316:Infinity":22,"s:318:22:320:Infinity":58,"b:319:6:319:Infinity:320:6:320:Infinity":23,"s:322:19:322:Infinity":59,"f:322:37:322:38":23,"s:322:44:322:61":60,"s:323:18:323:Infinity":61,"f:323:36:323:37":24,"s:323:43:323:60":62,"s:325:2:421:Infinity":63,"b:345:13:345:Infinity:346:14:346:Infinity":24,"b:348:13:348:Infinity:349:14:349:Infinity":25,"b:351:13:351:22:351:22:351:Infinity:352:14:385:Infinity":26,"b:387:13:387:22:387:22:387:Infinity:388:14:388:Infinity":27,"b:393:11:393:22:393:22:393:Infinity":28,"b:394:11:394:20:394:20:394:Infinity:395:12:397:Infinity":29,"b:399:11:399:20:399:20:399:32:399:32:399:43:399:43:399:Infinity:400:12:417:Infinity":30}}}
,"/home/sixlordz/Documents/school/Cos-301/Vantage-Point/frontend/src/landing/app/components/MatchesListToolbarMenus.tsx": {"path":"/home/sixlordz/Documents/school/Cos-301/Vantage-Point/frontend/src/landing/app/components/MatchesListToolbarMenus.tsx","statementMap":{"0":{"start":{"line":23,"column":2},"end":{"line":23,"column":null}},"1":{"start":{"line":35,"column":30},"end":{"line":35,"column":null}},"2":{"start":{"line":36,"column":26},"end":{"line":36,"column":null}},"3":{"start":{"line":38,"column":2},"end":{"line":91,"column":null}},"4":{"start":{"line":55,"column":38},"end":{"line":55,"column":null}},"5":{"start":{"line":58,"column":14},"end":{"line":60,"column":null}},"6":{"start":{"line":81,"column":38},"end":{"line":81,"column":null}},"7":{"start":{"line":84,"column":14},"end":{"line":86,"column":null}}},"fnMap":{"0":{"name":"MatchesListToolbarMenus","decl":{"start":{"line":30,"column":24},"end":{"line":30,"column":48}},"loc":{"start":{"line":33,"column":43},"end":{"line":93,"column":null}},"line":33},"1":{"name":"(anonymous_1)","decl":{"start":{"line":55,"column":27},"end":{"line":55,"column":28}},"loc":{"start":{"line":55,"column":38},"end":{"line":55,"column":null}},"line":55},"2":{"name":"(anonymous_2)","decl":{"start":{"line":57,"column":38},"end":{"line":57,"column":39}},"loc":{"start":{"line":58,"column":14},"end":{"line":60,"column":null}},"line":58},"3":{"name":"(anonymous_3)","decl":{"start":{"line":81,"column":27},"end":{"line":81,"column":28}},"loc":{"start":{"line":81,"column":38},"end":{"line":81,"column":null}},"line":81},"4":{"name":"(anonymous_4)","decl":{"start":{"line":83,"column":36},"end":{"line":83,"column":37}},"loc":{"start":{"line":84,"column":14},"end":{"line":86,"column":null}},"line":84}},"branchMap":{},"s":{"0":1,"1":0,"2":0,"3":0,"4":0,"5":0,"6":0,"7":0},"f":{"0":0,"1":0,"2":0,"3":0,"4":0},"b":{},"meta":{"lastBranch":0,"lastFunction":5,"lastStatement":8,"seen":{"s:23:2:23:Infinity":0,"f:30:24:30:48":0,"s:35:30:35:Infinity":1,"s:36:26:36:Infinity":2,"s:38:2:91:Infinity":3,"f:55:27:55:28":1,"s:55:38:55:Infinity":4,"f:57:38:57:39":2,"s:58:14:60:Infinity":5,"f:81:27:81:28":3,"s:81:38:81:Infinity":6,"f:83:36:83:37":4,"s:84:14:86:Infinity":7}}}
,"/home/sixlordz/Documents/school/Cos-301/Vantage-Point/frontend/src/landing/app/components/MatchesListView.tsx": {"path":"/home/sixlordz/Documents/school/Cos-301/Vantage-Point/frontend/src/landing/app/components/MatchesListView.tsx","statementMap":{"0":{"start":{"line":20,"column":2},"end":{"line":20,"column":null}},"1":{"start":{"line":29,"column":2},"end":{"line":29,"column":null}},"2":{"start":{"line":32,"column":2},"end":{"line":32,"column":null}},"3":{"start":{"line":35,"column":2},"end":{"line":35,"column":null}},"4":{"start":{"line":38,"column":2},"end":{"line":38,"column":null}},"5":{"start":{"line":52,"column":21},"end":{"line":52,"column":null}},"6":{"start":{"line":53,"column":20},"end":{"line":53,"column":null}},"7":{"start":{"line":54,"column":2},"end":{"line":57,"column":null}},"8":{"start":{"line":62,"column":2},"end":{"line":92,"column":null}},"9":{"start":{"line":100,"column":2},"end":{"line":140,"column":null}},"10":{"start":{"line":103,"column":21},"end":{"line":103,"column":null}},"11":{"start":{"line":151,"column":2},"end":{"line":166,"column":null}},"12":{"start":{"line":160,"column":10},"end":{"line":162,"column":null}},"13":{"start":{"line":174,"column":22},"end":{"line":174,"column":null}},"14":{"start":{"line":175,"column":23},"end":{"line":175,"column":null}},"15":{"start":{"line":177,"column":2},"end":{"line":194,"column":null}},"16":{"start":{"line":186,"column":12},"end":{"line":190,"column":null}}},"fnMap":{"0":{"name":"outcomeClass","decl":{"start":{"line":19,"column":9},"end":{"line":19,"column":22}},"loc":{"start":{"line":19,"column":61},"end":{"line":21,"column":null}},"line":19},"1":{"name":"matchRowAriaLabel","decl":{"start":{"line":37,"column":9},"end":{"line":37,"column":27}},"loc":{"start":{"line":37,"column":65},"end":{"line":39,"column":null}},"line":37},"2":{"name":"MatchStatCell","decl":{"start":{"line":41,"column":9},"end":{"line":41,"column":23}},"loc":{"start":{"line":51,"column":4},"end":{"line":59,"column":null}},"line":51},"3":{"name":"MatchHistoryListHeader","decl":{"start":{"line":61,"column":9},"end":{"line":61,"column":34}},"loc":{"start":{"line":61,"column":34},"end":{"line":94,"column":null}},"line":61},"4":{"name":"MatchHistoryListRow","decl":{"start":{"line":96,"column":9},"end":{"line":96,"column":29}},"loc":{"start":{"line":99,"column":39},"end":{"line":142,"column":null}},"line":99},"5":{"name":"(anonymous_5)","decl":{"start":{"line":103,"column":15},"end":{"line":103,"column":21}},"loc":{"start":{"line":103,"column":21},"end":{"line":103,"column":null}},"line":103},"6":{"name":"MatchHistoryDaySection","decl":{"start":{"line":144,"column":9},"end":{"line":144,"column":32}},"loc":{"start":{"line":150,"column":4},"end":{"line":168,"column":null}},"line":150},"7":{"name":"(anonymous_7)","decl":{"start":{"line":159,"column":28},"end":{"line":159,"column":29}},"loc":{"start":{"line":160,"column":10},"end":{"line":162,"column":null}},"line":160},"8":{"name":"MatchesListView","decl":{"start":{"line":170,"column":24},"end":{"line":170,"column":40}},"loc":{"start":{"line":173,"column":35},"end":{"line":196,"column":null}},"line":173},"9":{"name":"(anonymous_9)","decl":{"start":{"line":185,"column":41},"end":{"line":185,"column":42}},"loc":{"start":{"line":186,"column":12},"end":{"line":190,"column":null}},"line":186}},"branchMap":{"0":{"loc":{"start":{"line":20,"column":9},"end":{"line":20,"column":null}},"type":"cond-expr","locations":[{"start":{"line":20,"column":33},"end":{"line":20,"column":52}},{"start":{"line":20,"column":52},"end":{"line":20,"column":null}}],"line":20},"1":{"loc":{"start":{"line":43,"column":2},"end":{"line":43,"column":null}},"type":"default-arg","locations":[{"start":{"line":43,"column":14},"end":{"line":43,"column":null}}],"line":43},"2":{"loc":{"start":{"line":44,"column":2},"end":{"line":44,"column":null}},"type":"default-arg","locations":[{"start":{"line":44,"column":17},"end":{"line":44,"column":null}}],"line":44},"3":{"loc":{"start":{"line":45,"column":2},"end":{"line":45,"column":null}},"type":"default-arg","locations":[{"start":{"line":45,"column":10},"end":{"line":45,"column":null}}],"line":45},"4":{"loc":{"start":{"line":52,"column":21},"end":{"line":52,"column":null}},"type":"cond-expr","locations":[{"start":{"line":52,"column":36},"end":{"line":52,"column":56}},{"start":{"line":52,"column":56},"end":{"line":52,"column":null}}],"line":52},"5":{"loc":{"start":{"line":53,"column":20},"end":{"line":53,"column":null}},"type":"cond-expr","locations":[{"start":{"line":53,"column":38},"end":{"line":53,"column":53}},{"start":{"line":53,"column":53},"end":{"line":53,"column":null}}],"line":53},"6":{"loc":{"start":{"line":171,"column":2},"end":{"line":171,"column":null}},"type":"default-arg","locations":[{"start":{"line":171,"column":16},"end":{"line":171,"column":null}}],"line":171},"7":{"loc":{"start":{"line":174,"column":22},"end":{"line":174,"column":null}},"type":"cond-expr","locations":[{"start":{"line":174,"column":36},"end":{"line":174,"column":66}},{"start":{"line":174,"column":66},"end":{"line":174,"column":null}}],"line":174},"8":{"loc":{"start":{"line":175,"column":23},"end":{"line":175,"column":null}},"type":"cond-expr","locations":[{"start":{"line":175,"column":37},"end":{"line":175,"column":68}},{"start":{"line":175,"column":68},"end":{"line":175,"column":null}}],"line":175}},"s":{"0":0,"1":1,"2":1,"3":1,"4":0,"5":0,"6":0,"7":0,"8":0,"9":0,"10":0,"11":0,"12":0,"13":0,"14":0,"15":0,"16":0},"f":{"0":0,"1":0,"2":0,"3":0,"4":0,"5":0,"6":0,"7":0,"8":0,"9":0},"b":{"0":[0,0],"1":[0],"2":[0],"3":[0],"4":[0,0],"5":[0,0],"6":[0],"7":[0,0],"8":[0,0]},"meta":{"lastBranch":9,"lastFunction":10,"lastStatement":17,"seen":{"f:19:9:19:22":0,"s:20:2:20:Infinity":0,"b:20:33:20:52:20:52:20:Infinity":0,"s:29:2:29:Infinity":1,"s:32:2:32:Infinity":2,"s:35:2:35:Infinity":3,"f:37:9:37:27":1,"s:38:2:38:Infinity":4,"f:41:9:41:23":2,"b:43:14:43:Infinity":1,"b:44:17:44:Infinity":2,"b:45:10:45:Infinity":3,"s:52:21:52:Infinity":5,"b:52:36:52:56:52:56:52:Infinity":4,"s:53:20:53:Infinity":6,"b:53:38:53:53:53:53:53:Infinity":5,"s:54:2:57:Infinity":7,"f:61:9:61:34":3,"s:62:2:92:Infinity":8,"f:96:9:96:29":4,"s:100:2:140:Infinity":9,"f:103:15:103:21":5,"s:103:21:103:Infinity":10,"f:144:9:144:32":6,"s:151:2:166:Infinity":11,"f:159:28:159:29":7,"s:160:10:162:Infinity":12,"f:170:24:170:40":8,"b:171:16:171:Infinity":6,"s:174:22:174:Infinity":13,"b:174:36:174:66:174:66:174:Infinity":7,"s:175:23:175:Infinity":14,"b:175:37:175:68:175:68:175:Infinity":8,"s:177:2:194:Infinity":15,"f:185:41:185:42":9,"s:186:12:190:Infinity":16}}}
,"/home/sixlordz/Documents/school/Cos-301/Vantage-Point/frontend/src/landing/app/components/ProfileRadarChart.tsx": {"path":"/home/sixlordz/Documents/school/Cos-301/Vantage-Point/frontend/src/landing/app/components/ProfileRadarChart.tsx","statementMap":{"0":{"start":{"line":15,"column":20},"end":{"line":20,"column":null}},"1":{"start":{"line":26,"column":15},"end":{"line":30,"column":null}},"2":{"start":{"line":26,"column":35},"end":{"line":30,"column":4}},"3":{"start":{"line":32,"column":2},"end":{"line":52,"column":null}}},"fnMap":{"0":{"name":"ProfileRadarChart","decl":{"start":{"line":22,"column":24},"end":{"line":22,"column":42}},"loc":{"start":{"line":25,"column":37},"end":{"line":54,"column":null}},"line":25},"1":{"name":"(anonymous_1)","decl":{"start":{"line":26,"column":27},"end":{"line":26,"column":28}},"loc":{"start":{"line":26,"column":35},"end":{"line":30,"column":4}},"line":26}},"branchMap":{"0":{"loc":{"start":{"line":35,"column":17},"end":{"line":35,"column":null}},"type":"binary-expr","locations":[{"start":{"line":35,"column":17},"end":{"line":35,"column":30}},{"start":{"line":35,"column":30},"end":{"line":35,"column":null}}],"line":35}},"s":{"0":1,"1":0,"2":0,"3":0},"f":{"0":0,"1":0},"b":{"0":[0,0]},"meta":{"lastBranch":1,"lastFunction":2,"lastStatement":4,"seen":{"s:15:20:20:Infinity":0,"f:22:24:22:42":0,"s:26:15:30:Infinity":1,"f:26:27:26:28":1,"s:26:35:30:4":2,"s:32:2:52:Infinity":3,"b:35:17:35:30:35:30:35:Infinity":0}}}
,"/home/sixlordz/Documents/school/Cos-301/Vantage-Point/frontend/src/landing/app/components/ProfileView.tsx": {"path":"/home/sixlordz/Documents/school/Cos-301/Vantage-Point/frontend/src/landing/app/components/ProfileView.tsx","statementMap":{"0":{"start":{"line":23,"column":38},"end":{"line":23,"column":null}},"1":{"start":{"line":24,"column":19},"end":{"line":24,"column":null}},"2":{"start":{"line":26,"column":22},"end":{"line":26,"column":null}},"3":{"start":{"line":27,"column":23},"end":{"line":27,"column":null}},"4":{"start":{"line":29,"column":2},"end":{"line":148,"column":null}},"5":{"start":{"line":63,"column":18},"end":{"line":68,"column":null}},"6":{"start":{"line":82,"column":36},"end":{"line":82,"column":null}},"7":{"start":{"line":82,"column":62},"end":{"line":82,"column":67}},"8":{"start":{"line":96,"column":14},"end":{"line":109,"column":null}},"9":{"start":{"line":120,"column":20},"end":{"line":120,"column":null}},"10":{"start":{"line":121,"column":14},"end":{"line":142,"column":null}}},"fnMap":{"0":{"name":"ProfileView","decl":{"start":{"line":19,"column":24},"end":{"line":19,"column":36}},"loc":{"start":{"line":22,"column":31},"end":{"line":150,"column":null}},"line":22},"1":{"name":"(anonymous_1)","decl":{"start":{"line":62,"column":43},"end":{"line":62,"column":44}},"loc":{"start":{"line":63,"column":18},"end":{"line":68,"column":null}},"line":63},"2":{"name":"(anonymous_2)","decl":{"start":{"line":82,"column":30},"end":{"line":82,"column":36}},"loc":{"start":{"line":82,"column":36},"end":{"line":82,"column":null}},"line":82},"3":{"name":"(anonymous_3)","decl":{"start":{"line":82,"column":52},"end":{"line":82,"column":53}},"loc":{"start":{"line":82,"column":62},"end":{"line":82,"column":67}},"line":82},"4":{"name":"(anonymous_4)","decl":{"start":{"line":95,"column":42},"end":{"line":95,"column":43}},"loc":{"start":{"line":96,"column":14},"end":{"line":109,"column":null}},"line":96},"5":{"name":"(anonymous_5)","decl":{"start":{"line":119,"column":38},"end":{"line":119,"column":39}},"loc":{"start":{"line":119,"column":45},"end":{"line":144,"column":13}},"line":119}},"branchMap":{"0":{"loc":{"start":{"line":20,"column":2},"end":{"line":20,"column":null}},"type":"default-arg","locations":[{"start":{"line":20,"column":2},"end":{"line":20,"column":null}}],"line":20},"1":{"loc":{"start":{"line":21,"column":2},"end":{"line":21,"column":null}},"type":"default-arg","locations":[{"start":{"line":21,"column":16},"end":{"line":21,"column":null}}],"line":21},"2":{"loc":{"start":{"line":26,"column":22},"end":{"line":26,"column":null}},"type":"cond-expr","locations":[{"start":{"line":26,"column":36},"end":{"line":26,"column":66}},{"start":{"line":26,"column":66},"end":{"line":26,"column":null}}],"line":26},"3":{"loc":{"start":{"line":27,"column":23},"end":{"line":27,"column":null}},"type":"cond-expr","locations":[{"start":{"line":27,"column":37},"end":{"line":27,"column":68}},{"start":{"line":27,"column":68},"end":{"line":27,"column":null}}],"line":27},"4":{"loc":{"start":{"line":73,"column":13},"end":{"line":86,"column":null}},"type":"cond-expr","locations":[{"start":{"line":74,"column":14},"end":{"line":85,"column":null}},{"start":{"line":86,"column":16},"end":{"line":86,"column":null}}],"line":73},"5":{"loc":{"start":{"line":128,"column":19},"end":{"line":134,"column":null}},"type":"cond-expr","locations":[{"start":{"line":129,"column":20},"end":{"line":133,"column":null}},{"start":{"line":134,"column":22},"end":{"line":134,"column":null}}],"line":128},"6":{"loc":{"start":{"line":136,"column":21},"end":{"line":136,"column":null}},"type":"cond-expr","locations":[{"start":{"line":136,"column":36},"end":{"line":136,"column":44}},{"start":{"line":136,"column":44},"end":{"line":136,"column":null}}],"line":136}},"s":{"0":0,"1":0,"2":0,"3":0,"4":0,"5":0,"6":0,"7":0,"8":0,"9":0,"10":0},"f":{"0":0,"1":0,"2":0,"3":0,"4":0,"5":0},"b":{"0":[0],"1":[0],"2":[0,0],"3":[0,0],"4":[0,0],"5":[0,0],"6":[0,0]},"meta":{"lastBranch":7,"lastFunction":6,"lastStatement":11,"seen":{"f:19:24:19:36":0,"b:20:2:20:Infinity":0,"b:21:16:21:Infinity":1,"s:23:38:23:Infinity":0,"s:24:19:24:Infinity":1,"s:26:22:26:Infinity":2,"b:26:36:26:66:26:66:26:Infinity":2,"s:27:23:27:Infinity":3,"b:27:37:27:68:27:68:27:Infinity":3,"s:29:2:148:Infinity":4,"f:62:43:62:44":1,"s:63:18:68:Infinity":5,"b:74:14:85:Infinity:86:16:86:Infinity":4,"f:82:30:82:36":2,"s:82:36:82:Infinity":6,"f:82:52:82:53":3,"s:82:62:82:67":7,"f:95:42:95:43":4,"s:96:14:109:Infinity":8,"f:119:38:119:39":5,"s:120:20:120:Infinity":9,"s:121:14:142:Infinity":10,"b:129:20:133:Infinity:134:22:134:Infinity":5,"b:136:36:136:44:136:44:136:Infinity":6}}}
,"/home/sixlordz/Documents/school/Cos-301/Vantage-Point/frontend/src/landing/app/components/RegisterPage.tsx": {"path":"/home/sixlordz/Documents/school/Cos-301/Vantage-Point/frontend/src/landing/app/components/RegisterPage.tsx","statementMap":{"0":{"start":{"line":4,"column":2},"end":{"line":7,"column":null}}},"fnMap":{"0":{"name":"RegisterPage","decl":{"start":{"line":3,"column":24},"end":{"line":3,"column":39}},"loc":{"start":{"line":3,"column":39},"end":{"line":9,"column":null}},"line":3}},"branchMap":{},"s":{"0":0},"f":{"0":0},"b":{},"meta":{"lastBranch":0,"lastFunction":1,"lastStatement":1,"seen":{"f:3:24:3:39":0,"s:4:2:7:Infinity":0}}}
,"/home/sixlordz/Documents/school/Cos-301/Vantage-Point/frontend/src/landing/app/components/RiotIdPage.tsx": {"path":"/home/sixlordz/Documents/school/Cos-301/Vantage-Point/frontend/src/landing/app/components/RiotIdPage.tsx","statementMap":{"0":{"start":{"line":4,"column":2},"end":{"line":7,"column":null}}},"fnMap":{"0":{"name":"RiotIdPage","decl":{"start":{"line":3,"column":24},"end":{"line":3,"column":37}},"loc":{"start":{"line":3,"column":37},"end":{"line":9,"column":null}},"line":3}},"branchMap":{},"s":{"0":0},"f":{"0":0},"b":{},"meta":{"lastBranch":0,"lastFunction":1,"lastStatement":1,"seen":{"f:3:24:3:37":0,"s:4:2:7:Infinity":0}}}
,"/home/sixlordz/Documents/school/Cos-301/Vantage-Point/frontend/src/landing/app/components/SignInLoadingPage.tsx": {"path":"/home/sixlordz/Documents/school/Cos-301/Vantage-Point/frontend/src/landing/app/components/SignInLoadingPage.tsx","statementMap":{"0":{"start":{"line":5,"column":19},"end":{"line":5,"column":null}},"1":{"start":{"line":6,"column":21},"end":{"line":6,"column":null}},"2":{"start":{"line":9,"column":8},"end":{"line":9,"column":null}},"3":{"start":{"line":11,"column":2},"end":{"line":16,"column":null}},"4":{"start":{"line":12,"column":15},"end":{"line":14,"column":null}},"5":{"start":{"line":13,"column":6},"end":{"line":13,"column":null}},"6":{"start":{"line":15,"column":4},"end":{"line":15,"column":null}},"7":{"start":{"line":15,"column":17},"end":{"line":15,"column":null}},"8":{"start":{"line":18,"column":2},"end":{"line":47,"column":null}},"9":{"start":{"line":39,"column":12},"end":{"line":43,"column":null}}},"fnMap":{"0":{"name":"SignInLoadingPage","decl":{"start":{"line":8,"column":24},"end":{"line":8,"column":44}},"loc":{"start":{"line":8,"column":44},"end":{"line":49,"column":null}},"line":8},"1":{"name":"(anonymous_1)","decl":{"start":{"line":11,"column":12},"end":{"line":11,"column":18}},"loc":{"start":{"line":11,"column":18},"end":{"line":16,"column":5}},"line":11},"2":{"name":"(anonymous_2)","decl":{"start":{"line":12,"column":37},"end":{"line":12,"column":43}},"loc":{"start":{"line":12,"column":43},"end":{"line":14,"column":7}},"line":12},"3":{"name":"(anonymous_3)","decl":{"start":{"line":15,"column":11},"end":{"line":15,"column":17}},"loc":{"start":{"line":15,"column":17},"end":{"line":15,"column":null}},"line":15},"4":{"name":"(anonymous_4)","decl":{"start":{"line":38,"column":28},"end":{"line":38,"column":29}},"loc":{"start":{"line":39,"column":12},"end":{"line":43,"column":null}},"line":39}},"branchMap":{},"s":{"0":1,"1":1,"2":0,"3":0,"4":0,"5":0,"6":0,"7":0,"8":0,"9":0},"f":{"0":0,"1":0,"2":0,"3":0,"4":0},"b":{},"meta":{"lastBranch":0,"lastFunction":5,"lastStatement":10,"seen":{"s:5:19:5:Infinity":0,"s:6:21:6:Infinity":1,"f:8:24:8:44":0,"s:9:8:9:Infinity":2,"s:11:2:16:Infinity":3,"f:11:12:11:18":1,"s:12:15:14:Infinity":4,"f:12:37:12:43":2,"s:13:6:13:Infinity":5,"s:15:4:15:Infinity":6,"f:15:11:15:17":3,"s:15:17:15:Infinity":7,"s:18:2:47:Infinity":8,"f:38:28:38:29":4,"s:39:12:43:Infinity":9}}}
,"/home/sixlordz/Documents/school/Cos-301/Vantage-Point/frontend/src/landing/app/components/UserAccountMenu.tsx": {"path":"/home/sixlordz/Documents/school/Cos-301/Vantage-Point/frontend/src/landing/app/components/UserAccountMenu.tsx","statementMap":{"0":{"start":{"line":17,"column":2},"end":{"line":31,"column":null}},"1":{"start":{"line":40,"column":2},"end":{"line":68,"column":null}},"2":{"start":{"line":53,"column":26},"end":{"line":53,"column":null}},"3":{"start":{"line":61,"column":26},"end":{"line":61,"column":null}}},"fnMap":{"0":{"name":"ProfileAvatar","decl":{"start":{"line":16,"column":9},"end":{"line":16,"column":23}},"loc":{"start":{"line":16,"column":69},"end":{"line":33,"column":null}},"line":16},"1":{"name":"UserAccountMenu","decl":{"start":{"line":35,"column":24},"end":{"line":35,"column":40}},"loc":{"start":{"line":39,"column":35},"end":{"line":70,"column":null}},"line":39},"2":{"name":"(anonymous_2)","decl":{"start":{"line":53,"column":20},"end":{"line":53,"column":26}},"loc":{"start":{"line":53,"column":26},"end":{"line":53,"column":null}},"line":53},"3":{"name":"(anonymous_3)","decl":{"start":{"line":61,"column":20},"end":{"line":61,"column":26}},"loc":{"start":{"line":61,"column":26},"end":{"line":61,"column":null}},"line":61}},"branchMap":{"0":{"loc":{"start":{"line":38,"column":2},"end":{"line":38,"column":null}},"type":"default-arg","locations":[{"start":{"line":38,"column":13},"end":{"line":38,"column":null}}],"line":38}},"s":{"0":0,"1":0,"2":0,"3":0},"f":{"0":0,"1":0,"2":0,"3":0},"b":{"0":[0]},"meta":{"lastBranch":1,"lastFunction":4,"lastStatement":4,"seen":{"f:16:9:16:23":0,"s:17:2:31:Infinity":0,"f:35:24:35:40":1,"b:38:13:38:Infinity":0,"s:40:2:68:Infinity":1,"f:53:20:53:26":2,"s:53:26:53:Infinity":2,"f:61:20:61:26":3,"s:61:26:61:Infinity":3}}}
,"/home/sixlordz/Documents/school/Cos-301/Vantage-Point/frontend/src/landing/app/components/ui/chart.tsx": {"path":"/home/sixlordz/Documents/school/Cos-301/Vantage-Point/frontend/src/landing/app/components/ui/chart.tsx","statementMap":{"0":{"start":{"line":6,"column":0},"end":{"line":6,"column":null}},"1":{"start":{"line":9,"column":15},"end":{"line":9,"column":null}},"2":{"start":{"line":25,"column":21},"end":{"line":25,"column":null}},"3":{"start":{"line":28,"column":18},"end":{"line":28,"column":null}},"4":{"start":{"line":30,"column":2},"end":{"line":32,"column":null}},"5":{"start":{"line":31,"column":4},"end":{"line":31,"column":null}},"6":{"start":{"line":34,"column":2},"end":{"line":34,"column":null}},"7":{"start":{"line":49,"column":19},"end":{"line":49,"column":null}},"8":{"start":{"line":50,"column":18},"end":{"line":50,"column":null}},"9":{"start":{"line":51,"column":28},"end":{"line":51,"column":null}},"10":{"start":{"line":51,"column":49},"end":{"line":51,"column":62}},"11":{"start":{"line":53,"column":2},"end":{"line":69,"column":null}},"12":{"start":{"line":73,"column":19},"end":{"line":104,"column":null}},"13":{"start":{"line":74,"column":22},"end":{"line":76,"column":null}},"14":{"start":{"line":75,"column":20},"end":{"line":75,"column":null}},"15":{"start":{"line":78,"column":2},"end":{"line":80,"column":null}},"16":{"start":{"line":79,"column":4},"end":{"line":79,"column":null}},"17":{"start":{"line":82,"column":2},"end":{"line":102,"column":null}},"18":{"start":{"line":87,"column":33},"end":{"line":96,"column":null}},"19":{"start":{"line":92,"column":6},"end":{"line":93,"column":null}},"20":{"start":{"line":94,"column":4},"end":{"line":94,"column":null}},"21":{"start":{"line":106,"column":21},"end":{"line":106,"column":null}},"22":{"start":{"line":130,"column":21},"end":{"line":130,"column":null}},"23":{"start":{"line":132,"column":23},"end":{"line":166,"column":null}},"24":{"start":{"line":133,"column":4},"end":{"line":135,"column":null}},"25":{"start":{"line":134,"column":6},"end":{"line":134,"column":null}},"26":{"start":{"line":137,"column":19},"end":{"line":137,"column":null}},"27":{"start":{"line":138,"column":16},"end":{"line":138,"column":null}},"28":{"start":{"line":139,"column":23},"end":{"line":139,"column":null}},"29":{"start":{"line":141,"column":6},"end":{"line":143,"column":null}},"30":{"start":{"line":145,"column":4},"end":{"line":151,"column":null}},"31":{"start":{"line":146,"column":6},"end":{"line":149,"column":null}},"32":{"start":{"line":153,"column":4},"end":{"line":155,"column":null}},"33":{"start":{"line":154,"column":6},"end":{"line":154,"column":null}},"34":{"start":{"line":157,"column":4},"end":{"line":157,"column":null}},"35":{"start":{"line":168,"column":2},"end":{"line":170,"column":null}},"36":{"start":{"line":169,"column":4},"end":{"line":169,"column":null}},"37":{"start":{"line":172,"column":20},"end":{"line":172,"column":null}},"38":{"start":{"line":174,"column":2},"end":{"line":248,"column":null}},"39":{"start":{"line":184,"column":22},"end":{"line":184,"column":null}},"40":{"start":{"line":185,"column":29},"end":{"line":185,"column":null}},"41":{"start":{"line":186,"column":33},"end":{"line":186,"column":null}},"42":{"start":{"line":188,"column":10},"end":{"line":244,"column":null}},"43":{"start":{"line":252,"column":20},"end":{"line":252,"column":null}},"44":{"start":{"line":265,"column":21},"end":{"line":265,"column":null}},"45":{"start":{"line":267,"column":2},"end":{"line":269,"column":null}},"46":{"start":{"line":268,"column":4},"end":{"line":268,"column":null}},"47":{"start":{"line":271,"column":2},"end":{"line":304,"column":null}},"48":{"start":{"line":280,"column":20},"end":{"line":280,"column":null}},"49":{"start":{"line":281,"column":27},"end":{"line":281,"column":null}},"50":{"start":{"line":283,"column":8},"end":{"line":301,"column":null}},"51":{"start":{"line":314,"column":2},"end":{"line":316,"column":null}},"52":{"start":{"line":315,"column":4},"end":{"line":315,"column":null}},"53":{"start":{"line":319,"column":4},"end":{"line":323,"column":null}},"54":{"start":{"line":325,"column":31},"end":{"line":325,"column":null}},"55":{"start":{"line":328,"column":4},"end":{"line":330,"column":null}},"56":{"start":{"line":331,"column":17},"end":{"line":331,"column":null}},"57":{"start":{"line":332,"column":2},"end":{"line":340,"column":null}},"58":{"start":{"line":333,"column":4},"end":{"line":333,"column":null}},"59":{"start":{"line":334,"column":2},"end":{"line":340,"column":null}},"60":{"start":{"line":335,"column":19},"end":{"line":335,"column":null}},"61":{"start":{"line":336,"column":22},"end":{"line":336,"column":null}},"62":{"start":{"line":337,"column":4},"end":{"line":339,"column":null}},"63":{"start":{"line":338,"column":6},"end":{"line":338,"column":null}},"64":{"start":{"line":342,"column":2},"end":{"line":344,"column":null}},"65":{"start":{"line":343,"column":4},"end":{"line":343,"column":null}},"66":{"start":{"line":345,"column":2},"end":{"line":347,"column":null}},"67":{"start":{"line":346,"column":4},"end":{"line":346,"column":null}},"68":{"start":{"line":348,"column":2},"end":{"line":348,"column":null}}},"fnMap":{"0":{"name":"useChart","decl":{"start":{"line":27,"column":9},"end":{"line":27,"column":20}},"loc":{"start":{"line":27,"column":20},"end":{"line":35,"column":null}},"line":27},"1":{"name":"ChartContainer","decl":{"start":{"line":37,"column":9},"end":{"line":37,"column":24}},"loc":{"start":{"line":48,"column":3},"end":{"line":71,"column":null}},"line":48},"2":{"name":"(anonymous_2)","decl":{"start":{"line":51,"column":42},"end":{"line":51,"column":49}},"loc":{"start":{"line":51,"column":49},"end":{"line":51,"column":62}},"line":51},"3":{"name":"(anonymous_3)","decl":{"start":{"line":73,"column":19},"end":{"line":73,"column":20}},"loc":{"start":{"line":73,"column":76},"end":{"line":104,"column":null}},"line":73},"4":{"name":"(anonymous_4)","decl":{"start":{"line":75,"column":4},"end":{"line":75,"column":5}},"loc":{"start":{"line":75,"column":20},"end":{"line":75,"column":null}},"line":75},"5":{"name":"(anonymous_5)","decl":{"start":{"line":87,"column":12},"end":{"line":87,"column":13}},"loc":{"start":{"line":87,"column":33},"end":{"line":96,"column":null}},"line":87},"6":{"name":"(anonymous_6)","decl":{"start":{"line":90,"column":7},"end":{"line":90,"column":8}},"loc":{"start":{"line":90,"column":30},"end":{"line":95,"column":3}},"line":90},"7":{"name":"ChartTooltipContent","decl":{"start":{"line":108,"column":9},"end":{"line":108,"column":29}},"loc":{"start":{"line":129,"column":5},"end":{"line":250,"column":null}},"line":129},"8":{"name":"(anonymous_8)","decl":{"start":{"line":132,"column":37},"end":{"line":132,"column":43}},"loc":{"start":{"line":132,"column":43},"end":{"line":158,"column":5}},"line":132},"9":{"name":"(anonymous_9)","decl":{"start":{"line":183,"column":21},"end":{"line":183,"column":22}},"loc":{"start":{"line":183,"column":38},"end":{"line":246,"column":9}},"line":183},"10":{"name":"ChartLegendContent","decl":{"start":{"line":254,"column":9},"end":{"line":254,"column":28}},"loc":{"start":{"line":264,"column":5},"end":{"line":306,"column":null}},"line":264},"11":{"name":"(anonymous_11)","decl":{"start":{"line":279,"column":19},"end":{"line":279,"column":20}},"loc":{"start":{"line":279,"column":29},"end":{"line":303,"column":7}},"line":279},"12":{"name":"getPayloadConfigFromPayload","decl":{"start":{"line":309,"column":9},"end":{"line":309,"column":null}},"loc":{"start":{"line":313,"column":2},"end":{"line":349,"column":null}},"line":313}},"branchMap":{"0":{"loc":{"start":{"line":30,"column":2},"end":{"line":32,"column":null}},"type":"if","locations":[{"start":{"line":30,"column":2},"end":{"line":32,"column":null}},{"start":{},"end":{}}],"line":30},"1":{"loc":{"start":{"line":50,"column":27},"end":{"line":50,"column":59}},"type":"binary-expr","locations":[{"start":{"line":50,"column":27},"end":{"line":50,"column":33}},{"start":{"line":50,"column":33},"end":{"line":50,"column":59}}],"line":50},"2":{"loc":{"start":{"line":75,"column":20},"end":{"line":75,"column":null}},"type":"binary-expr","locations":[{"start":{"line":75,"column":20},"end":{"line":75,"column":36}},{"start":{"line":75,"column":36},"end":{"line":75,"column":null}}],"line":75},"3":{"loc":{"start":{"line":78,"column":2},"end":{"line":80,"column":null}},"type":"if","locations":[{"start":{"line":78,"column":2},"end":{"line":80,"column":null}},{"start":{},"end":{}}],"line":78},"4":{"loc":{"start":{"line":92,"column":6},"end":{"line":93,"column":null}},"type":"binary-expr","locations":[{"start":{"line":92,"column":6},"end":{"line":92,"column":null}},{"start":{"line":93,"column":6},"end":{"line":93,"column":null}}],"line":92},"5":{"loc":{"start":{"line":94,"column":11},"end":{"line":94,"column":null}},"type":"cond-expr","locations":[{"start":{"line":94,"column":19},"end":{"line":94,"column":51}},{"start":{"line":94,"column":51},"end":{"line":94,"column":null}}],"line":94},"6":{"loc":{"start":{"line":112,"column":2},"end":{"line":112,"column":null}},"type":"default-arg","locations":[{"start":{"line":112,"column":14},"end":{"line":112,"column":null}}],"line":112},"7":{"loc":{"start":{"line":113,"column":2},"end":{"line":113,"column":null}},"type":"default-arg","locations":[{"start":{"line":113,"column":14},"end":{"line":113,"column":null}}],"line":113},"8":{"loc":{"start":{"line":114,"column":2},"end":{"line":114,"column":null}},"type":"default-arg","locations":[{"start":{"line":114,"column":18},"end":{"line":114,"column":null}}],"line":114},"9":{"loc":{"start":{"line":133,"column":4},"end":{"line":135,"column":null}},"type":"if","locations":[{"start":{"line":133,"column":4},"end":{"line":135,"column":null}},{"start":{},"end":{}}],"line":133},"10":{"loc":{"start":{"line":133,"column":8},"end":{"line":133,"column":39}},"type":"binary-expr","locations":[{"start":{"line":133,"column":8},"end":{"line":133,"column":21}},{"start":{"line":133,"column":21},"end":{"line":133,"column":39}}],"line":133},"11":{"loc":{"start":{"line":138,"column":19},"end":{"line":138,"column":69}},"type":"binary-expr","locations":[{"start":{"line":138,"column":19},"end":{"line":138,"column":31}},{"start":{"line":138,"column":31},"end":{"line":138,"column":48}},{"start":{"line":138,"column":48},"end":{"line":138,"column":62}},{"start":{"line":138,"column":62},"end":{"line":138,"column":69}}],"line":138},"12":{"loc":{"start":{"line":141,"column":6},"end":{"line":143,"column":null}},"type":"cond-expr","locations":[{"start":{"line":142,"column":10},"end":{"line":142,"column":null}},{"start":{"line":143,"column":10},"end":{"line":143,"column":null}}],"line":141},"13":{"loc":{"start":{"line":141,"column":6},"end":{"line":141,"column":null}},"type":"binary-expr","locations":[{"start":{"line":141,"column":6},"end":{"line":141,"column":19}},{"start":{"line":141,"column":19},"end":{"line":141,"column":null}}],"line":141},"14":{"loc":{"start":{"line":142,"column":10},"end":{"line":142,"column":null}},"type":"binary-expr","locations":[{"start":{"line":142,"column":10},"end":{"line":142,"column":57}},{"start":{"line":142,"column":57},"end":{"line":142,"column":null}}],"line":142},"15":{"loc":{"start":{"line":145,"column":4},"end":{"line":151,"column":null}},"type":"if","locations":[{"start":{"line":145,"column":4},"end":{"line":151,"column":null}},{"start":{},"end":{}}],"line":145},"16":{"loc":{"start":{"line":153,"column":4},"end":{"line":155,"column":null}},"type":"if","locations":[{"start":{"line":153,"column":4},"end":{"line":155,"column":null}},{"start":{},"end":{}}],"line":153},"17":{"loc":{"start":{"line":168,"column":2},"end":{"line":170,"column":null}},"type":"if","locations":[{"start":{"line":168,"column":2},"end":{"line":170,"column":null}},{"start":{},"end":{}}],"line":168},"18":{"loc":{"start":{"line":168,"column":6},"end":{"line":168,"column":35}},"type":"binary-expr","locations":[{"start":{"line":168,"column":6},"end":{"line":168,"column":17}},{"start":{"line":168,"column":17},"end":{"line":168,"column":35}}],"line":168},"19":{"loc":{"start":{"line":172,"column":20},"end":{"line":172,"column":null}},"type":"binary-expr","locations":[{"start":{"line":172,"column":20},"end":{"line":172,"column":44}},{"start":{"line":172,"column":44},"end":{"line":172,"column":null}}],"line":172},"20":{"loc":{"start":{"line":181,"column":7},"end":{"line":181,"column":null}},"type":"cond-expr","locations":[{"start":{"line":181,"column":19},"end":{"line":181,"column":26}},{"start":{"line":181,"column":26},"end":{"line":181,"column":null}}],"line":181},"21":{"loc":{"start":{"line":184,"column":25},"end":{"line":184,"column":72}},"type":"binary-expr","locations":[{"start":{"line":184,"column":25},"end":{"line":184,"column":36}},{"start":{"line":184,"column":36},"end":{"line":184,"column":49}},{"start":{"line":184,"column":49},"end":{"line":184,"column":65}},{"start":{"line":184,"column":65},"end":{"line":184,"column":72}}],"line":184},"22":{"loc":{"start":{"line":186,"column":33},"end":{"line":186,"column":null}},"type":"binary-expr","locations":[{"start":{"line":186,"column":33},"end":{"line":186,"column":42}},{"start":{"line":186,"column":42},"end":{"line":186,"column":63}},{"start":{"line":186,"column":63},"end":{"line":186,"column":null}}],"line":186},"23":{"loc":{"start":{"line":193,"column":16},"end":{"line":193,"column":null}},"type":"binary-expr","locations":[{"start":{"line":193,"column":16},"end":{"line":193,"column":39}},{"start":{"line":193,"column":39},"end":{"line":193,"column":null}}],"line":193},"24":{"loc":{"start":{"line":196,"column":15},"end":{"line":242,"column":null}},"type":"cond-expr","locations":[{"start":{"line":197,"column":16},"end":{"line":197,"column":null}},{"start":{"line":199,"column":16},"end":{"line":242,"column":null}}],"line":196},"25":{"loc":{"start":{"line":196,"column":15},"end":{"line":196,"column":null}},"type":"binary-expr","locations":[{"start":{"line":196,"column":15},"end":{"line":196,"column":28}},{"start":{"line":196,"column":28},"end":{"line":196,"column":57}},{"start":{"line":196,"column":57},"end":{"line":196,"column":null}}],"line":196},"26":{"loc":{"start":{"line":200,"column":19},"end":{"line":221,"column":null}},"type":"cond-expr","locations":[{"start":{"line":201,"column":20},"end":{"line":201,"column":null}},{"start":{"line":203,"column":20},"end":{"line":221,"column":null}}],"line":200},"27":{"loc":{"start":{"line":203,"column":20},"end":{"line":221,"column":null}},"type":"binary-expr","locations":[{"start":{"line":203,"column":20},"end":{"line":203,"column":null}},{"start":{"line":204,"column":22},"end":{"line":221,"column":null}}],"line":203},"28":{"loc":{"start":{"line":212,"column":38},"end":{"line":212,"column":null}},"type":"binary-expr","locations":[{"start":{"line":212,"column":38},"end":{"line":212,"column":51}},{"start":{"line":212,"column":51},"end":{"line":212,"column":null}}],"line":212},"29":{"loc":{"start":{"line":227,"column":22},"end":{"line":227,"column":null}},"type":"cond-expr","locations":[{"start":{"line":227,"column":34},"end":{"line":227,"column":48}},{"start":{"line":227,"column":48},"end":{"line":227,"column":null}}],"line":227},"30":{"loc":{"start":{"line":231,"column":23},"end":{"line":231,"column":null}},"type":"cond-expr","locations":[{"start":{"line":231,"column":35},"end":{"line":231,"column":50}},{"start":{"line":231,"column":50},"end":{"line":231,"column":null}}],"line":231},"31":{"loc":{"start":{"line":233,"column":25},"end":{"line":233,"column":null}},"type":"binary-expr","locations":[{"start":{"line":233,"column":25},"end":{"line":233,"column":46}},{"start":{"line":233,"column":46},"end":{"line":233,"column":null}}],"line":233},"32":{"loc":{"start":{"line":236,"column":21},"end":{"line":239,"column":null}},"type":"binary-expr","locations":[{"start":{"line":236,"column":21},"end":{"line":236,"column":null}},{"start":{"line":237,"column":22},"end":{"line":239,"column":null}}],"line":236},"33":{"loc":{"start":{"line":256,"column":2},"end":{"line":256,"column":null}},"type":"default-arg","locations":[{"start":{"line":256,"column":13},"end":{"line":256,"column":null}}],"line":256},"34":{"loc":{"start":{"line":258,"column":2},"end":{"line":258,"column":null}},"type":"default-arg","locations":[{"start":{"line":258,"column":18},"end":{"line":258,"column":null}}],"line":258},"35":{"loc":{"start":{"line":267,"column":2},"end":{"line":269,"column":null}},"type":"if","locations":[{"start":{"line":267,"column":2},"end":{"line":269,"column":null}},{"start":{},"end":{}}],"line":267},"36":{"loc":{"start":{"line":275,"column":8},"end":{"line":275,"column":null}},"type":"cond-expr","locations":[{"start":{"line":275,"column":34},"end":{"line":275,"column":43}},{"start":{"line":275,"column":43},"end":{"line":275,"column":null}}],"line":275},"37":{"loc":{"start":{"line":280,"column":23},"end":{"line":280,"column":57}},"type":"binary-expr","locations":[{"start":{"line":280,"column":23},"end":{"line":280,"column":34}},{"start":{"line":280,"column":34},"end":{"line":280,"column":50}},{"start":{"line":280,"column":50},"end":{"line":280,"column":57}}],"line":280},"38":{"loc":{"start":{"line":290,"column":13},"end":{"line":298,"column":null}},"type":"cond-expr","locations":[{"start":{"line":291,"column":14},"end":{"line":291,"column":null}},{"start":{"line":293,"column":14},"end":{"line":298,"column":null}}],"line":290},"39":{"loc":{"start":{"line":290,"column":13},"end":{"line":290,"column":null}},"type":"binary-expr","locations":[{"start":{"line":290,"column":13},"end":{"line":290,"column":33}},{"start":{"line":290,"column":33},"end":{"line":290,"column":null}}],"line":290},"40":{"loc":{"start":{"line":314,"column":2},"end":{"line":316,"column":null}},"type":"if","locations":[{"start":{"line":314,"column":2},"end":{"line":316,"column":null}},{"start":{},"end":{}}],"line":314},"41":{"loc":{"start":{"line":314,"column":6},"end":{"line":314,"column":55}},"type":"binary-expr","locations":[{"start":{"line":314,"column":6},"end":{"line":314,"column":37}},{"start":{"line":314,"column":37},"end":{"line":314,"column":55}}],"line":314},"42":{"loc":{"start":{"line":319,"column":4},"end":{"line":323,"column":null}},"type":"cond-expr","locations":[{"start":{"line":322,"column":8},"end":{"line":322,"column":null}},{"start":{"line":323,"column":8},"end":{"line":323,"column":null}}],"line":319},"43":{"loc":{"start":{"line":319,"column":4},"end":{"line":321,"column":null}},"type":"binary-expr","locations":[{"start":{"line":319,"column":4},"end":{"line":319,"column":null}},{"start":{"line":320,"column":4},"end":{"line":320,"column":null}},{"start":{"line":321,"column":4},"end":{"line":321,"column":null}}],"line":319},"44":{"loc":{"start":{"line":328,"column":4},"end":{"line":330,"column":null}},"type":"cond-expr","locations":[{"start":{"line":329,"column":9},"end":{"line":329,"column":null}},{"start":{"line":330,"column":8},"end":{"line":330,"column":null}}],"line":328},"45":{"loc":{"start":{"line":328,"column":4},"end":{"line":328,"column":null}},"type":"binary-expr","locations":[{"start":{"line":328,"column":4},"end":{"line":328,"column":35}},{"start":{"line":328,"column":35},"end":{"line":328,"column":null}}],"line":328},"46":{"loc":{"start":{"line":332,"column":2},"end":{"line":340,"column":null}},"type":"if","locations":[{"start":{"line":332,"column":2},"end":{"line":340,"column":null}},{"start":{"line":334,"column":2},"end":{"line":340,"column":null}}],"line":332},"47":{"loc":{"start":{"line":334,"column":2},"end":{"line":340,"column":null}},"type":"if","locations":[{"start":{"line":334,"column":2},"end":{"line":340,"column":null}},{"start":{},"end":{}}],"line":334},"48":{"loc":{"start":{"line":334,"column":13},"end":{"line":334,"column":67}},"type":"binary-expr","locations":[{"start":{"line":334,"column":13},"end":{"line":334,"column":31}},{"start":{"line":334,"column":31},"end":{"line":334,"column":67}}],"line":334},"49":{"loc":{"start":{"line":337,"column":4},"end":{"line":339,"column":null}},"type":"if","locations":[{"start":{"line":337,"column":4},"end":{"line":339,"column":null}},{"start":{},"end":{}}],"line":337},"50":{"loc":{"start":{"line":342,"column":2},"end":{"line":344,"column":null}},"type":"if","locations":[{"start":{"line":342,"column":2},"end":{"line":344,"column":null}},{"start":{},"end":{}}],"line":342},"51":{"loc":{"start":{"line":345,"column":2},"end":{"line":347,"column":null}},"type":"if","locations":[{"start":{"line":345,"column":2},"end":{"line":347,"column":null}},{"start":{},"end":{}}],"line":345}},"s":{"0":1,"1":1,"2":1,"3":0,"4":0,"5":0,"6":0,"7":0,"8":0,"9":0,"10":0,"11":0,"12":1,"13":0,"14":0,"15":0,"16":0,"17":0,"18":0,"19":0,"20":0,"21":1,"22":0,"23":0,"24":0,"25":0,"26":0,"27":0,"28":0,"29":0,"30":0,"31":0,"32":0,"33":0,"34":0,"35":0,"36":0,"37":0,"38":0,"39":0,"40":0,"41":0,"42":0,"43":1,"44":0,"45":0,"46":0,"47":0,"48":0,"49":0,"50":0,"51":0,"52":0,"53":0,"54":0,"55":0,"56":0,"57":0,"58":0,"59":0,"60":0,"61":0,"62":0,"63":0,"64":0,"65":0,"66":0,"67":0,"68":0},"f":{"0":0,"1":0,"2":0,"3":0,"4":0,"5":0,"6":0,"7":0,"8":0,"9":0,"10":0,"11":0,"12":0},"b":{"0":[0,0],"1":[0,0],"2":[0,0],"3":[0,0],"4":[0,0],"5":[0,0],"6":[0],"7":[0],"8":[0],"9":[0,0],"10":[0,0],"11":[0,0,0,0],"12":[0,0],"13":[0,0],"14":[0,0],"15":[0,0],"16":[0,0],"17":[0,0],"18":[0,0],"19":[0,0],"20":[0,0],"21":[0,0,0,0],"22":[0,0,0],"23":[0,0],"24":[0,0],"25":[0,0,0],"26":[0,0],"27":[0,0],"28":[0,0],"29":[0,0],"30":[0,0],"31":[0,0],"32":[0,0],"33":[0],"34":[0],"35":[0,0],"36":[0,0],"37":[0,0,0],"38":[0,0],"39":[0,0],"40":[0,0],"41":[0,0],"42":[0,0],"43":[0,0,0],"44":[0,0],"45":[0,0],"46":[0,0],"47":[0,0],"48":[0,0],"49":[0,0],"50":[0,0],"51":[0,0]},"meta":{"lastBranch":52,"lastFunction":13,"lastStatement":69,"seen":{"s:6:0:6:Infinity":0,"s:9:15:9:Infinity":1,"s:25:21:25:Infinity":2,"f:27:9:27:20":0,"s:28:18:28:Infinity":3,"b:30:2:32:Infinity:undefined:undefined:undefined:undefined":0,"s:30:2:32:Infinity":4,"s:31:4:31:Infinity":5,"s:34:2:34:Infinity":6,"f:37:9:37:24":1,"s:49:19:49:Infinity":7,"s:50:18:50:Infinity":8,"b:50:27:50:33:50:33:50:59":1,"s:51:28:51:Infinity":9,"f:51:42:51:49":2,"s:51:49:51:62":10,"s:53:2:69:Infinity":11,"s:73:19:104:Infinity":12,"f:73:19:73:20":3,"s:74:22:76:Infinity":13,"f:75:4:75:5":4,"s:75:20:75:Infinity":14,"b:75:20:75:36:75:36:75:Infinity":2,"b:78:2:80:Infinity:undefined:undefined:undefined:undefined":3,"s:78:2:80:Infinity":15,"s:79:4:79:Infinity":16,"s:82:2:102:Infinity":17,"f:87:12:87:13":5,"s:87:33:96:Infinity":18,"f:90:7:90:8":6,"s:92:6:93:Infinity":19,"b:92:6:92:Infinity:93:6:93:Infinity":4,"s:94:4:94:Infinity":20,"b:94:19:94:51:94:51:94:Infinity":5,"s:106:21:106:Infinity":21,"f:108:9:108:29":7,"b:112:14:112:Infinity":6,"b:113:14:113:Infinity":7,"b:114:18:114:Infinity":8,"s:130:21:130:Infinity":22,"s:132:23:166:Infinity":23,"f:132:37:132:43":8,"b:133:4:135:Infinity:undefined:undefined:undefined:undefined":9,"s:133:4:135:Infinity":24,"b:133:8:133:21:133:21:133:39":10,"s:134:6:134:Infinity":25,"s:137:19:137:Infinity":26,"s:138:16:138:Infinity":27,"b:138:19:138:31:138:31:138:48:138:48:138:62:138:62:138:69":11,"s:139:23:139:Infinity":28,"s:141:6:143:Infinity":29,"b:142:10:142:Infinity:143:10:143:Infinity":12,"b:141:6:141:19:141:19:141:Infinity":13,"b:142:10:142:57:142:57:142:Infinity":14,"b:145:4:
[...]
lumn":39}},"loc":{"start":{"line":304,"column":39},"end":{"line":306,"column":7}},"line":304},"17":{"name":"(anonymous_17)","decl":{"start":{"line":305,"column":22},"end":{"line":305,"column":23}},"loc":{"start":{"line":305,"column":23},"end":{"line":305,"column":68}},"line":305},"18":{"name":"(anonymous_18)","decl":{"start":{"line":308,"column":11},"end":{"line":308,"column":17}},"loc":{"start":{"line":308,"column":17},"end":{"line":308,"column":null}},"line":308},"19":{"name":"(anonymous_19)","decl":{"start":{"line":311,"column":25},"end":{"line":311,"column":26}},"loc":{"start":{"line":311,"column":44},"end":{"line":313,"column":null}},"line":311}},"branchMap":{"0":{"loc":{"start":{"line":70,"column":24},"end":{"line":70,"column":null}},"type":"cond-expr","locations":[{"start":{"line":70,"column":49},"end":{"line":70,"column":58}},{"start":{"line":70,"column":58},"end":{"line":70,"column":null}}],"line":70},"1":{"loc":{"start":{"line":72,"column":12},"end":{"line":74,"column":null}},"type":"cond-expr","locations":[{"start":{"line":73,"column":16},"end":{"line":73,"column":null}},{"start":{"line":74,"column":16},"end":{"line":74,"column":null}}],"line":72},"2":{"loc":{"start":{"line":158,"column":16},"end":{"line":158,"column":null}},"type":"cond-expr","locations":[{"start":{"line":158,"column":31},"end":{"line":158,"column":40}},{"start":{"line":158,"column":40},"end":{"line":158,"column":null}}],"line":158},"3":{"loc":{"start":{"line":168,"column":16},"end":{"line":168,"column":null}},"type":"cond-expr","locations":[{"start":{"line":168,"column":31},"end":{"line":168,"column":40}},{"start":{"line":168,"column":40},"end":{"line":168,"column":null}}],"line":168},"4":{"loc":{"start":{"line":193,"column":108},"end":{"line":193,"column":174}},"type":"cond-expr","locations":[{"start":{"line":193,"column":123},"end":{"line":193,"column":140}},{"start":{"line":193,"column":140},"end":{"line":193,"column":174}}],"line":193},"5":{"loc":{"start":{"line":195,"column":9},"end":{"line":204,"column":null}},"type":"binary-expr","locations":[{"start":{"line":195,"column":9},"end":{"line":195,"column":null}},{"start":{"line":196,"column":10},"end":{"line":204,"column":null}}],"line":195},"6":{"loc":{"start":{"line":265,"column":16},"end":{"line":265,"column":null}},"type":"cond-expr","locations":[{"start":{"line":265,"column":41},"end":{"line":265,"column":57}},{"start":{"line":265,"column":57},"end":{"line":265,"column":null}}],"line":265}},"s":{"0":1,"1":1,"2":1,"3":0,"4":0,"5":0,"6":0,"7":0,"8":0,"9":0,"10":0,"11":0,"12":0,"13":0,"14":0,"15":0,"16":0,"17":0,"18":0,"19":0,"20":0,"21":0,"22":0,"23":0,"24":0,"25":0,"26":0,"27":0,"28":0},"f":{"0":0,"1":0,"2":0,"3":0,"4":0,"5":0,"6":0,"7":0,"8":0,"9":0,"10":0,"11":0,"12":0,"13":0,"14":0,"15":0,"16":0,"17":0,"18":0,"19":0},"b":{"0":[0,0],"1":[0,0],"2":[0,0],"3":[0,0],"4":[0,0],"5":[0,0],"6":[0,0]},"meta":{"lastBranch":7,"lastFunction":20,"lastStatement":29,"seen":{"s:13:25:13:Infinity":0,"s:16:2:16:Infinity":1,"s:18:26:18:Infinity":2,"f:37:9:37:16":0,"s:38:2:53:Infinity":3,"f:57:9:57:15":1,"s:58:2:79:Infinity":4,"f:65:29:65:30":2,"s:66:8:77:Infinity":5,"b:70:49:70:58:70:58:70:Infinity":0,"b:73:16:73:Infinity:74:16:74:Infinity":1,"f:76:19:76:25":3,"s:76:25:76:Infinity":6,"f:83:9:83:17":4,"s:84:2:119:Infinity":7,"f:123:9:123:25":5,"s:124:2:146:Infinity":8,"f:150:9:150:22":6,"s:151:2:173:Infinity":9,"b:158:31:158:40:158:40:158:Infinity":2,"b:168:31:168:40:168:40:168:Infinity":3,"f:177:9:177:26":7,"s:181:2:210:Infinity":10,"f:189:18:189:19":8,"s:189:25:189:Infinity":11,"b:193:123:193:140:193:140:193:174":4,"b:195:9:195:Infinity:196:10:204:Infinity":5,"f:214:9:214:23":9,"s:218:8:218:Infinity":12,"s:220:2:248:Infinity":13,"f:238:19:238:25":10,"s:238:25:238:Infinity":14,"f:252:9:252:15":11,"s:253:2:278:Infinity":15,"f:260:32:260:33":12,"s:261:12:268:Infinity":16,"b:265:41:265:57:265:57:265:Infinity":6,"f:282:9:282:15":13,"s:288:2:295:Infinity":17,"f:299:24:299:35":14,"s:300:38:300:Infinity":18,"s:301:38:301:Infinity":19,"s:303:2:309:Infinity":20,"f:303:12:303:18":15,"s:304:21:306:Infinity":21,"f:304:33:304:39":16,"s:305:6:305:Infinity":22,"f:305:22:305:23":17,"s:305:23:305:68":23,"s:308:4:308:Infinity":24,"f:308:11:308:17":18,"s:308:17:308:Infinity":25,"s:311:25:313:Infinity":26,"f:311:25:311:26":19,"s:312:4:312:Infinity":27,"s:315:2:323:Infinity":28}}}
,"/home/sixlordz/Documents/school/Cos-301/Vantage-Point/frontend/src/landing/imports/Register/da8e2b2b779ebc3b362dbe11022d83a4a28639da.webp": {"path":"/home/sixlordz/Documents/school/Cos-301/Vantage-Point/frontend/src/landing/imports/Register/da8e2b2b779ebc3b362dbe11022d83a4a28639da.webp","statementMap":{},"fnMap":{},"branchMap":{},"s":{},"f":{},"b":{},"meta":{"lastBranch":0,"lastFunction":0,"lastStatement":0,"seen":{}}}
,"/home/sixlordz/Documents/school/Cos-301/Vantage-Point/frontend/src/landing/imports/Register/e98e9b24669bda4f34daad81de74f1cbc0c60e43.webp": {"path":"/home/sixlordz/Documents/school/Cos-301/Vantage-Point/frontend/src/landing/imports/Register/e98e9b24669bda4f34daad81de74f1cbc0c60e43.webp","statementMap":{},"fnMap":{},"branchMap":{},"s":{},"f":{},"b":{},"meta":{"lastBranch":0,"lastFunction":0,"lastStatement":0,"seen":{}}}
,"/home/sixlordz/Documents/school/Cos-301/Vantage-Point/frontend/src/landing/imports/Register/svg-xwtbp9m57d.ts": {"path":"/home/sixlordz/Documents/school/Cos-301/Vantage-Point/frontend/src/landing/imports/Register/svg-xwtbp9m57d.ts","statementMap":{},"fnMap":{},"branchMap":{},"s":{},"f":{},"b":{},"meta":{"lastBranch":0,"lastFunction":0,"lastStatement":0,"seen":{}}}
,"/home/sixlordz/Documents/school/Cos-301/Vantage-Point/frontend/src/landing/imports/RiotId/RiotId.tsx": {"path":"/home/sixlordz/Documents/school/Cos-301/Vantage-Point/frontend/src/landing/imports/RiotId/RiotId.tsx","statementMap":{"0":{"start":{"line":9,"column":25},"end":{"line":9,"column":null}},"1":{"start":{"line":12,"column":2},"end":{"line":12,"column":null}},"2":{"start":{"line":14,"column":26},"end":{"line":14,"column":null}},"3":{"start":{"line":22,"column":2},"end":{"line":37,"column":null}},"4":{"start":{"line":42,"column":2},"end":{"line":63,"column":null}},"5":{"start":{"line":50,"column":8},"end":{"line":61,"column":null}},"6":{"start":{"line":60,"column":25},"end":{"line":60,"column":null}},"7":{"start":{"line":68,"column":8},"end":{"line":68,"column":null}},"8":{"start":{"line":70,"column":2},"end":{"line":101,"column":null}},"9":{"start":{"line":90,"column":27},"end":{"line":90,"column":null}},"10":{"start":{"line":106,"column":2},"end":{"line":131,"column":null}},"11":{"start":{"line":114,"column":12},"end":{"line":121,"column":null}},"12":{"start":{"line":136,"column":38},"end":{"line":136,"column":null}},"13":{"start":{"line":138,"column":2},"end":{"line":144,"column":null}},"14":{"start":{"line":139,"column":21},"end":{"line":141,"column":null}},"15":{"start":{"line":140,"column":6},"end":{"line":140,"column":null}},"16":{"start":{"line":140,"column":23},"end":{"line":140,"column":68}},"17":{"start":{"line":143,"column":4},"end":{"line":143,"column":null}},"18":{"start":{"line":143,"column":17},"end":{"line":143,"column":null}},"19":{"start":{"line":146,"column":25},"end":{"line":148,"column":null}},"20":{"start":{"line":147,"column":4},"end":{"line":147,"column":null}},"21":{"start":{"line":150,"column":2},"end":{"line":154,"column":null}}},"fnMap":{"0":{"name":"Logo","decl":{"start":{"line":21,"column":9},"end":{"line":21,"column":16}},"loc":{"start":{"line":21,"column":16},"end":{"line":39,"column":null}},"line":21},"1":{"name":"Frame","decl":{"start":{"line":41,"column":9},"end":{"line":41,"column":15}},"loc":{"start":{"line":41,"column":62},"end":{"line":65,"column":null}},"line":41},"2":{"name":"(anonymous_2)","decl":{"start":{"line":49,"column":29},"end":{"line":49,"column":30}},"loc":{"start":{"line":50,"column":8},"end":{"line":61,"column":null}},"line":50},"3":{"name":"(anonymous_3)","decl":{"start":{"line":60,"column":19},"end":{"line":60,"column":25}},"loc":{"start":{"line":60,"column":25},"end":{"line":60,"column":null}},"line":60},"4":{"name":"LeftPanelForm","decl":{"start":{"line":67,"column":9},"end":{"line":67,"column":25}},"loc":{"start":{"line":67,"column":25},"end":{"line":103,"column":null}},"line":67},"5":{"name":"(anonymous_5)","decl":{"start":{"line":90,"column":21},"end":{"line":90,"column":27}},"loc":{"start":{"line":90,"column":27},"end":{"line":90,"column":null}},"line":90},"6":{"name":"RightPanel","decl":{"start":{"line":105,"column":9},"end":{"line":105,"column":20}},"loc":{"start":{"line":105,"column":67},"end":{"line":133,"column":null}},"line":105},"7":{"name":"(anonymous_7)","decl":{"start":{"line":113,"column":32},"end":{"line":113,"column":33}},"loc":{"start":{"line":114,"column":12},"end":{"line":121,"column":null}},"line":114},"8":{"name":"RiotId","decl":{"start":{"line":135,"column":24},"end":{"line":135,"column":33}},"loc":{"start":{"line":135,"column":33},"end":{"line":156,"column":null}},"line":135},"9":{"name":"(anonymous_9)","decl":{"start":{"line":138,"column":12},"end":{"line":138,"column":18}},"loc":{"start":{"line":138,"column":18},"end":{"line":144,"column":5}},"line":138},"10":{"name":"(anonymous_10)","decl":{"start":{"line":139,"column":33},"end":{"line":139,"column":39}},"loc":{"start":{"line":139,"column":39},"end":{"line":141,"column":7}},"line":139},"11":{"name":"(anonymous_11)","decl":{"start":{"line":140,"column":22},"end":{"line":140,"column":23}},"loc":{"start":{"line":140,"column":23},"end":{"line":140,"column":68}},"line":140},"12":{"name":"(anonymous_12)","decl":{"start":{"line":143,"column":11},"end":{"line":143,"column":17}},"loc":{"start":{"line":143,"column":17},"end":{"line":143,"column":null}},"line":143},"13":{"name":"(anonymous_13)","decl":{"start":{"line":146,"column":25},"end":{"line":146,"column":26}},"loc":{"start":{"line":146,"column":44},"end":{"line":148,"column":null}},"line":146}},"branchMap":{"0":{"loc":{"start":{"line":54,"column":24},"end":{"line":54,"column":null}},"type":"cond-expr","locations":[{"start":{"line":54,"column":49},"end":{"line":54,"column":58}},{"start":{"line":54,"column":58},"end":{"line":54,"column":null}}],"line":54},"1":{"loc":{"start":{"line":56,"column":12},"end":{"line":58,"column":null}},"type":"cond-expr","locations":[{"start":{"line":57,"column":16},"end":{"line":57,"column":null}},{"start":{"line":58,"column":16},"end":{"line":58,"column":null}}],"line":56},"2":{"loc":{"start":{"line":118,"column":16},"end":{"line":118,"column":null}},"type":"cond-expr","locations":[{"start":{"line":118,"column":41},"end":{"line":118,"column":57}},{"start":{"line":118,"column":57},"end":{"line":118,"column":null}}],"line":118}},"s":{"0":1,"1":1,"2":1,"3":0,"4":0,"5":0,"6":0,"7":0,"8":0,"9":0,"10":0,"11":0,"12":0,"13":0,"14":0,"15":0,"16":0,"17":0,"18":0,"19":0,"20":0,"21":0},"f":{"0":0,"1":0,"2":0,"3":0,"4":0,"5":0,"6":0,"7":0,"8":0,"9":0,"10":0,"11":0,"12":0,"13":0},"b":{"0":[0,0],"1":[0,0],"2":[0,0]},"meta":{"lastBranch":3,"lastFunction":14,"lastStatement":22,"seen":{"s:9:25:9:Infinity":0,"s:12:2:12:Infinity":1,"s:14:26:14:Infinity":2,"f:21:9:21:16":0,"s:22:2:37:Infinity":3,"f:41:9:41:15":1,"s:42:2:63:Infinity":4,"f:49:29:49:30":2,"s:50:8:61:Infinity":5,"b:54:49:54:58:54:58:54:Infinity":0,"b:57:16:57:Infinity:58:16:58:Infinity":1,"f:60:19:60:25":3,"s:60:25:60:Infinity":6,"f:67:9:67:25":4,"s:68:8:68:Infinity":7,"s:70:2:101:Infinity":8,"f:90:21:90:27":5,"s:90:27:90:Infinity":9,"f:105:9:105:20":6,"s:106:2:131:Infinity":10,"f:113:32:113:33":7,"s:114:12:121:Infinity":11,"b:118:41:118:57:118:57:118:Infinity":2,"f:135:24:135:33":8,"s:136:38:136:Infinity":12,"s:138:2:144:Infinity":13,"f:138:12:138:18":9,"s:139:21:141:Infinity":14,"f:139:33:139:39":10,"s:140:6:140:Infinity":15,"f:140:22:140:23":11,"s:140:23:140:68":16,"s:143:4:143:Infinity":17,"f:143:11:143:17":12,"s:143:17:143:Infinity":18,"s:146:25:148:Infinity":19,"f:146:25:146:26":13,"s:147:4:147:Infinity":20,"s:150:2:154:Infinity":21}}}
,"/home/sixlordz/Documents/school/Cos-301/Vantage-Point/frontend/src/landing/lol-wallpapers/arcane-vi-5k-arcane-5120x2880-20145.webp": {"path":"/home/sixlordz/Documents/school/Cos-301/Vantage-Point/frontend/src/landing/lol-wallpapers/arcane-vi-5k-arcane-5120x2880-20145.webp","statementMap":{},"fnMap":{},"branchMap":{},"s":{},"f":{},"b":{},"meta":{"lastBranch":0,"lastFunction":0,"lastStatement":0,"seen":{}}}
,"/home/sixlordz/Documents/school/Cos-301/Vantage-Point/frontend/src/landing/lol-wallpapers/backgrounds.ts": {"path":"/home/sixlordz/Documents/school/Cos-301/Vantage-Point/frontend/src/landing/lol-wallpapers/backgrounds.ts","statementMap":{"0":{"start":{"line":1,"column":62},"end":{"line":4,"column":null}},"1":{"start":{"line":7,"column":39},"end":{"line":9,"column":null}},"2":{"start":{"line":9,"column":17},"end":{"line":9,"column":39}},"3":{"start":{"line":11,"column":35},"end":{"line":13,"column":null}},"4":{"start":{"line":12,"column":16},"end":{"line":12,"column":null}}},"fnMap":{"0":{"name":"(anonymous_0)","decl":{"start":{"line":9,"column":7},"end":{"line":9,"column":8}},"loc":{"start":{"line":9,"column":17},"end":{"line":9,"column":39}},"line":9},"1":{"name":"(anonymous_1)","decl":{"start":{"line":12,"column":2},"end":{"line":12,"column":3}},"loc":{"start":{"line":12,"column":16},"end":{"line":12,"column":null}},"line":12}},"branchMap":{},"s":{"0":1,"1":1,"2":16,"3":1,"4":16},"f":{"0":16,"1":16},"b":{},"meta":{"lastBranch":0,"lastFunction":2,"lastStatement":5,"seen":{"s:1:62:4:Infinity":0,"s:7:39:9:Infinity":1,"f:9:7:9:8":0,"s:9:17:9:39":2,"s:11:35:13:Infinity":3,"f:12:2:12:3":1,"s:12:16:12:Infinity":4}}}
,"/home/sixlordz/Documents/school/Cos-301/Vantage-Point/frontend/src/landing/lol-wallpapers/caitlyn-lol-arcane-7680x4320-14457.webp": {"path":"/home/sixlordz/Documents/school/Cos-301/Vantage-Point/frontend/src/landing/lol-wallpapers/caitlyn-lol-arcane-7680x4320-14457.webp","statementMap":{},"fnMap":{},"branchMap":{},"s":{},"f":{},"b":{},"meta":{"lastBranch":0,"lastFunction":0,"lastStatement":0,"seen":{}}}
,"/home/sixlordz/Documents/school/Cos-301/Vantage-Point/frontend/src/landing/lol-wallpapers/jinx-arcane-league-of-legends-3840x2160-7258.webp": {"path":"/home/sixlordz/Documents/school/Cos-301/Vantage-Point/frontend/src/landing/lol-wallpapers/jinx-arcane-league-of-legends-3840x2160-7258.webp","statementMap":{},"fnMap":{},"branchMap":{},"s":{},"f":{},"b":{},"meta":{"lastBranch":0,"lastFunction":0,"lastStatement":0,"seen":{}}}
,"/home/sixlordz/Documents/school/Cos-301/Vantage-Point/frontend/src/landing/lol-wallpapers/jinx-arcane-league-of-legends-netflix-series-animated-5120x2880-6973.webp": {"path":"/home/sixlordz/Documents/school/Cos-301/Vantage-Point/frontend/src/landing/lol-wallpapers/jinx-arcane-league-of-legends-netflix-series-animated-5120x2880-6973.webp","statementMap":{},"fnMap":{},"branchMap":{},"s":{},"f":{},"b":{},"meta":{"lastBranch":0,"lastFunction":0,"lastStatement":0,"seen":{}}}
,"/home/sixlordz/Documents/school/Cos-301/Vantage-Point/frontend/src/landing/lol-wallpapers/jinx-arcane-pubg-7680x4320-19303.webp": {"path":"/home/sixlordz/Documents/school/Cos-301/Vantage-Point/frontend/src/landing/lol-wallpapers/jinx-arcane-pubg-7680x4320-19303.webp","statementMap":{},"fnMap":{},"branchMap":{},"s":{},"f":{},"b":{},"meta":{"lastBranch":0,"lastFunction":0,"lastStatement":0,"seen":{}}}
,"/home/sixlordz/Documents/school/Cos-301/Vantage-Point/frontend/src/landing/lol-wallpapers/jinx-bgmi-pubg-arcane-crossover-5k-2022-games-5120x2880-7318.webp": {"path":"/home/sixlordz/Documents/school/Cos-301/Vantage-Point/frontend/src/landing/lol-wallpapers/jinx-bgmi-pubg-arcane-crossover-5k-2022-games-5120x2880-7318.webp","statementMap":{},"fnMap":{},"branchMap":{},"s":{},"f":{},"b":{},"meta":{"lastBranch":0,"lastFunction":0,"lastStatement":0,"seen":{}}}
,"/home/sixlordz/Documents/school/Cos-301/Vantage-Point/frontend/src/landing/lol-wallpapers/jinx-graffiti-5120x2880-19975.webp": {"path":"/home/sixlordz/Documents/school/Cos-301/Vantage-Point/frontend/src/landing/lol-wallpapers/jinx-graffiti-5120x2880-19975.webp","statementMap":{},"fnMap":{},"branchMap":{},"s":{},"f":{},"b":{},"meta":{"lastBranch":0,"lastFunction":0,"lastStatement":0,"seen":{}}}
,"/home/sixlordz/Documents/school/Cos-301/Vantage-Point/frontend/src/landing/lol-wallpapers/jinx-pink-aesthetic-5120x2880-20141.webp": {"path":"/home/sixlordz/Documents/school/Cos-301/Vantage-Point/frontend/src/landing/lol-wallpapers/jinx-pink-aesthetic-5120x2880-20141.webp","statementMap":{},"fnMap":{},"branchMap":{},"s":{},"f":{},"b":{},"meta":{"lastBranch":0,"lastFunction":0,"lastStatement":0,"seen":{}}}
,"/home/sixlordz/Documents/school/Cos-301/Vantage-Point/frontend/src/landing/lol-wallpapers/jinx-poster-arcane-5120x2880-19991.webp": {"path":"/home/sixlordz/Documents/school/Cos-301/Vantage-Point/frontend/src/landing/lol-wallpapers/jinx-poster-arcane-5120x2880-19991.webp","statementMap":{},"fnMap":{},"branchMap":{},"s":{},"f":{},"b":{},"meta":{"lastBranch":0,"lastFunction":0,"lastStatement":0,"seen":{}}}
,"/home/sixlordz/Documents/school/Cos-301/Vantage-Point/frontend/src/landing/lol-wallpapers/jinx-vi-arcane-5k-5120x2880-19980.webp": {"path":"/home/sixlordz/Documents/school/Cos-301/Vantage-Point/frontend/src/landing/lol-wallpapers/jinx-vi-arcane-5k-5120x2880-19980.webp","statementMap":{},"fnMap":{},"branchMap":{},"s":{},"f":{},"b":{},"meta":{"lastBranch":0,"lastFunction":0,"lastStatement":0,"seen":{}}}
,"/home/sixlordz/Documents/school/Cos-301/Vantage-Point/frontend/src/landing/lol-wallpapers/league-of-legends-3840x2160-13979.webp": {"path":"/home/sixlordz/Documents/school/Cos-301/Vantage-Point/frontend/src/landing/lol-wallpapers/league-of-legends-3840x2160-13979.webp","statementMap":{},"fnMap":{},"branchMap":{},"s":{},"f":{},"b":{},"meta":{"lastBranch":0,"lastFunction":0,"lastStatement":0,"seen":{}}}
,"/home/sixlordz/Documents/school/Cos-301/Vantage-Point/frontend/src/landing/lol-wallpapers/league-of-legends-7914x5093-10564.webp": {"path":"/home/sixlordz/Documents/school/Cos-301/Vantage-Point/frontend/src/landing/lol-wallpapers/league-of-legends-7914x5093-10564.webp","statementMap":{},"fnMap":{},"branchMap":{},"s":{},"f":{},"b":{},"meta":{"lastBranch":0,"lastFunction":0,"lastStatement":0,"seen":{}}}
,"/home/sixlordz/Documents/school/Cos-301/Vantage-Point/frontend/src/landing/lol-wallpapers/prestige-commander-4096x2306-19750.webp": {"path":"/home/sixlordz/Documents/school/Cos-301/Vantage-Point/frontend/src/landing/lol-wallpapers/prestige-commander-4096x2306-19750.webp","statementMap":{},"fnMap":{},"branchMap":{},"s":{},"f":{},"b":{},"meta":{"lastBranch":0,"lastFunction":0,"lastStatement":0,"seen":{}}}
,"/home/sixlordz/Documents/school/Cos-301/Vantage-Point/frontend/src/landing/lol-wallpapers/samira-league-of-legends-2021-games-3840x2166-5811.webp": {"path":"/home/sixlordz/Documents/school/Cos-301/Vantage-Point/frontend/src/landing/lol-wallpapers/samira-league-of-legends-2021-games-3840x2166-5811.webp","statementMap":{},"fnMap":{},"branchMap":{},"s":{},"f":{},"b":{},"meta":{"lastBranch":0,"lastFunction":0,"lastStatement":0,"seen":{}}}
,"/home/sixlordz/Documents/school/Cos-301/Vantage-Point/frontend/src/landing/lol-wallpapers/samira-league-of-legends-3840x2266-10563.webp": {"path":"/home/sixlordz/Documents/school/Cos-301/Vantage-Point/frontend/src/landing/lol-wallpapers/samira-league-of-legends-3840x2266-10563.webp","statementMap":{},"fnMap":{},"branchMap":{},"s":{},"f":{},"b":{},"meta":{"lastBranch":0,"lastFunction":0,"lastStatement":0,"seen":{}}}
,"/home/sixlordz/Documents/school/Cos-301/Vantage-Point/frontend/src/landing/lol-wallpapers/vi-pubg-mobile-league-of-legends-5k-2022-games-5120x2880-7244.webp": {"path":"/home/sixlordz/Documents/school/Cos-301/Vantage-Point/frontend/src/landing/lol-wallpapers/vi-pubg-mobile-league-of-legends-5k-2022-games-5120x2880-7244.webp","statementMap":{},"fnMap":{},"branchMap":{},"s":{},"f":{},"b":{},"meta":{"lastBranch":0,"lastFunction":0,"lastStatement":0,"seen":{}}}
}
